This is LuaHBTeX, Version 1.17.0 (MiKTeX 23.5) (format=lualatex 2023.6.26)  9 JUL 2023 19:12
 restricted system commands enabled.
**main.tex
(./main.tex
LaTeX2e <2023-06-01> patch level 1
L3 programming layer <2023-06-16>
Lua module: luaotfload 2022-10-03 3.23 Lua based OpenType font support
Lua module: lualibs 2022-10-04 2.75 ConTeXt Lua standard libraries.
Lua module: lualibs-extended 2022-10-04 2.75 ConTeXt Lua libraries -- extended c
ollection.
luaotfload | conf : Root cache directory is "C:/Users/moust/AppData/Local/MiKTeX
/luatex-cache/generic/names".
luaotfload | init : Loading fontloader "fontloader-2022-10-03.lua" from kpse-res
olved path "C:/Program Files/MiKTeX/tex/luatex/luaotfload/fontloader-2022-10-03.
lua".
Lua-only attribute luaotfload@noligature = 1
luaotfload | init : Context OpenType loader version 3.120
Inserting `luaotfload.node_processor' in `pre_linebreak_filter'.
Inserting `luaotfload.node_processor' in `hpack_filter'.
Inserting `luaotfload.glyph_stream' in `glyph_stream_provider'.
Inserting `luaotfload.define_font' in `define_font'.
Lua-only attribute luaotfload_color_attribute = 2
luaotfload | conf : Root cache directory is "C:/Users/moust/AppData/Local/MiKTeX
/luatex-cache/generic/names".
Inserting `luaotfload.harf.strip_prefix' in `find_opentype_file'.
Inserting `luaotfload.harf.strip_prefix' in `find_truetype_file'.
Removing  `luaotfload.glyph_stream' from `glyph_stream_provider'.
Inserting `luaotfload.harf.glyphstream' in `glyph_stream_provider'.
Inserting `luaotfload.harf.finalize_vlist' in `post_linebreak_filter'.
Inserting `luaotfload.harf.finalize_hlist' in `hpack_filter'.
Inserting `luaotfload.cleanup_files' in `wrapup_run'.
Inserting `luaotfload.harf.finalize_unicode' in `finish_pdffile'.
Inserting `luaotfload.glyphinfo' in `glyph_info'.
Lua-only attribute luaotfload.letterspace_done = 3
Inserting `luaotfload.aux.set_sscale_dimens' in `luaotfload.patch_font'.
Inserting `luaotfload.aux.set_font_index' in `luaotfload.patch_font'.
Inserting `luaotfload.aux.patch_cambria_domh' in `luaotfload.patch_font'.
Inserting `luaotfload.aux.fixup_fontdata' in `luaotfload.patch_font_unsafe'.
Inserting `luaotfload.aux.set_capheight' in `luaotfload.patch_font'.
Inserting `luaotfload.aux.set_xheight' in `luaotfload.patch_font'.
Inserting `luaotfload.rewrite_fontname' in `luaotfload.patch_font'.
Inserting `tracingstacklevels' in `input_level_string'. (./AASTCOMPUTER.cls
Document Class: AASTCOMPUTER 2017/08/27 v1.6 LaTeXTemplates.com
("C:/Program Files/MiKTeX/tex/latex/etoolbox/etoolbox.sty"
Package: etoolbox 2020/10/05 v2.5k e-TeX tools for LaTeX (JAW)
\etb@tempcnta=\count183
)
("C:/Program Files/MiKTeX/tex/latex/l3packages/xparse/xparse.sty"
("C:/Program Files/MiKTeX/tex/latex/l3kernel/expl3.sty"
Package: expl3 2023-06-16 L3 programming layer (loader) 

("C:/Program Files/MiKTeX/tex/latex/l3backend/l3backend-luatex.def"
File: l3backend-luatex.def 2023-04-19 L3 backend support: PDF output (LuaTeX)
\l__color_backend_stack_int=\count184
Inserting `l3color' in `luaotfload.parse_color'.
\l__pdf_internal_box=\box51
))
Package: xparse 2023-02-02 L3 Experimental document command parser
)
("C:/Program Files/MiKTeX/tex/latex/base/book.cls"
Document Class: book 2023/05/17 v1.4n Standard LaTeX document class
("C:/Program Files/MiKTeX/tex/latex/base/bk12.clo"
File: bk12.clo 2023/05/17 v1.4n Standard LaTeX file (size option)
luaotfload | db : Font names database loaded from C:/Users/moust/AppData/Local/M
iKTeX/luatex-cache/generic/names/luaotfload-names.luc.gz)
\c@part=\count185
\c@chapter=\count186
\c@section=\count187
\c@subsection=\count188
\c@subsubsection=\count189
\c@paragraph=\count190
\c@subparagraph=\count191
\c@figure=\count192
\c@table=\count193
\abovecaptionskip=\skip48
\belowcaptionskip=\skip49
\bibindent=\dimen139
)
(C:/Users/moust/AppData/Roaming/MiKTeX/tex/latex/parskip/parskip.sty
Package: parskip 2021-03-14 v2.0h non-zero parskip adjustments

(C:/Users/moust/AppData/Roaming/MiKTeX/tex/latex/kvoptions/kvoptions.sty
Package: kvoptions 2022-06-15 v3.15 Key value format for package options (HO)

("C:/Program Files/MiKTeX/tex/latex/graphics/keyval.sty"
Package: keyval 2022/05/29 v1.15 key=value parser (DPC)
\KV@toks@=\toks17
)
(C:/Users/moust/AppData/Roaming/MiKTeX/tex/generic/ltxcmds/ltxcmds.sty
Package: ltxcmds 2020-05-10 v1.25 LaTeX kernel commands for general use (HO)
)
(C:/Users/moust/AppData/Roaming/MiKTeX/tex/latex/kvsetkeys/kvsetkeys.sty
Package: kvsetkeys 2022-10-05 v1.19 Key value parser (HO)
)))
(C:/Users/moust/AppData/Roaming/MiKTeX/tex/latex/koma-script/scrbase.sty
Package: scrbase 2023/04/24 v3.40 KOMA-Script package (KOMA-Script-independent 
basics and keyval usage)

(C:/Users/moust/AppData/Roaming/MiKTeX/tex/latex/koma-script/scrlfile.sty
Package: scrlfile 2023/04/24 v3.40 KOMA-Script package (file load hooks)

(C:/Users/moust/AppData/Roaming/MiKTeX/tex/latex/koma-script/scrlfile-hook.sty
Package: scrlfile-hook 2023/04/24 v3.40 KOMA-Script package (using LaTeX hooks)


(C:/Users/moust/AppData/Roaming/MiKTeX/tex/latex/koma-script/scrlogo.sty
Package: scrlogo 2023/04/24 v3.40 KOMA-Script package (logo)
)))
Applying: [2021/05/01] Usage of raw or classic option list on input line 252.
Already applied: [0000/00/00] Usage of raw or classic option list on input line
 368.
)
(C:/Users/moust/AppData/Roaming/MiKTeX/tex/latex/koma-script/scrhack.sty
Package: scrhack 2023/04/24 v3.40 KOMA-Script package (hacking other packages)

(C:/Users/moust/AppData/Roaming/MiKTeX/tex/latex/koma-script/scrkbase.sty
Package: scrkbase 2023/04/24 v3.40 KOMA-Script package (KOMA-Script-dependent b
asics and keyval usage)
)
(C:/Users/moust/AppData/Roaming/MiKTeX/tex/latex/xpatch/xpatch.sty
Package: xpatch 2020/03/25 v0.3a Extending etoolbox patching commands
))
(C:/Users/moust/AppData/Roaming/MiKTeX/tex/latex/setspace/setspace.sty
Package: setspace 2022/12/04 v6.7b set line spacing
)
Package scrhack Info: loading setspace hack on input line 212.

(C:/Users/moust/AppData/Roaming/MiKTeX/tex/latex/koma-script/setspace.hak
File: setspace.hak 2023/04/24 v3.40 KOMA-Script scrhack part (hacking package s
etspace)
)
("C:/Program Files/MiKTeX/tex/latex/tools/longtable.sty"
Package: longtable 2021-09-01 v4.17 Multi-page Table package (DPC)
\LTleft=\skip50
\LTright=\skip51
\LTpre=\skip52
\LTpost=\skip53
\LTchunksize=\count194
\LTcapwidth=\dimen140
\LT@head=\box52
\LT@firsthead=\box53
\LT@foot=\box54
\LT@lastfoot=\box55
\LT@gbox=\box56
\LT@cols=\count195
\LT@rows=\count196
\c@LT@tables=\count197
\c@LT@chunks=\count198
\LT@p@ftn=\toks18
)
(C:/Users/moust/AppData/Roaming/MiKTeX/tex/latex/siunitx/siunitx.sty
Package: siunitx 2023-06-12 v3.2.6 A comprehensive (SI) units package
\l__siunitx_angle_tmp_dim=\dimen141
\l__siunitx_angle_marker_box=\box57
\l__siunitx_angle_unit_box=\box58
\l__siunitx_compound_count_int=\count199

(C:/Users/moust/AppData/Roaming/MiKTeX/tex/latex/translations/translations.sty
Package: translations 2022/02/05 v1.12 internationalization of LaTeX2e packages
 (CN)

("C:/Program Files/MiKTeX/tex/generic/pdftexcmds/pdftexcmds.sty"
Package: pdftexcmds 2020-06-27 v0.33 Utility functions of pdfTeX for LuaTeX (HO
)

(C:/Users/moust/AppData/Roaming/MiKTeX/tex/generic/infwarerr/infwarerr.sty
Package: infwarerr 2019/12/03 v1.5 Providing info/warning/error messages (HO)
)
("C:/Program Files/MiKTeX/tex/generic/iftex/iftex.sty"
Package: iftex 2022/02/03 v1.0f TeX engine tests
)
Package pdftexcmds Info: \pdf@primitive is available.
Package pdftexcmds Info: \pdf@ifprimitive is available.
Package pdftexcmds Info: \pdfdraftmode found.
\pdftexcmds@toks=\toks19
))
\l__siunitx_number_exponent_fixed_int=\count266
\l__siunitx_number_min_decimal_int=\count267
\l__siunitx_number_min_integer_int=\count268
\l__siunitx_number_round_precision_int=\count269
\l__siunitx_number_lower_threshold_int=\count270
\l__siunitx_number_upper_threshold_int=\count271
\l__siunitx_number_group_first_int=\count272
\l__siunitx_number_group_size_int=\count273
\l__siunitx_number_group_minimum_int=\count274

("C:/Program Files/MiKTeX/tex/latex/amsmath/amstext.sty"
Package: amstext 2021/08/26 v2.01 AMS text

("C:/Program Files/MiKTeX/tex/latex/amsmath/amsgen.sty"
File: amsgen.sty 1999/11/30 v2.0 generic functions
\@emptytoks=\toks20
\ex@=\dimen142
))
\l__siunitx_table_tmp_box=\box59
\l__siunitx_table_tmp_dim=\dimen143
\l__siunitx_table_column_width_dim=\dimen144
\l__siunitx_table_integer_box=\box60
\l__siunitx_table_decimal_box=\box61
\l__siunitx_table_uncert_box=\box62
\l__siunitx_table_before_box=\box63
\l__siunitx_table_after_box=\box64
\l__siunitx_table_before_dim=\dimen145
\l__siunitx_table_carry_dim=\dimen146
\l__siunitx_unit_tmp_int=\count275
\l__siunitx_unit_position_int=\count276
\l__siunitx_unit_total_int=\count277

("C:/Program Files/MiKTeX/tex/latex/tools/array.sty"
Package: array 2022/09/04 v2.5g Tabular extension package (FMi)
\col@sep=\dimen147
\ar@mcellbox=\box65
\extrarowheight=\dimen148
\NC@list=\toks21
\extratabsurround=\skip54
\backup@length=\skip55
\ar@cellbox=\box66
))
("C:/Program Files/MiKTeX/tex/latex/graphics/graphicx.sty"
Package: graphicx 2021/09/16 v1.2d Enhanced LaTeX Graphics (DPC,SPQR)

("C:/Program Files/MiKTeX/tex/latex/graphics/graphics.sty"
Package: graphics 2022/03/10 v1.4e Standard LaTeX Graphics (DPC,SPQR)

("C:/Program Files/MiKTeX/tex/latex/graphics/trig.sty"
Package: trig 2021/08/11 v1.11 sin cos tan (DPC)
)
("C:/Program Files/MiKTeX/tex/latex/graphics-cfg/graphics.cfg"
File: graphics.cfg 2016/06/04 v1.11 sample graphics configuration
)
Package graphics Info: Driver file: luatex.def on input line 107.

("C:/Program Files/MiKTeX/tex/latex/graphics-def/luatex.def"
File: luatex.def 2022/09/22 v1.2d Graphics/color driver for luatex
))
\Gin@req@height=\dimen149
\Gin@req@width=\dimen150
)
(C:/Users/moust/AppData/Roaming/MiKTeX/tex/latex/booktabs/booktabs.sty
Package: booktabs 2020/01/12 v1.61803398 Publication quality tables
\heavyrulewidth=\dimen151
\lightrulewidth=\dimen152
\cmidrulewidth=\dimen153
\belowrulesep=\dimen154
\belowbottomsep=\dimen155
\aboverulesep=\dimen156
\abovetopsep=\dimen157
\cmidrulesep=\dimen158
\cmidrulekern=\dimen159
\defaultaddspace=\dimen160
\@cmidla=\count278
\@cmidlb=\count279
\@aboverulesep=\dimen161
\@belowrulesep=\dimen162
\@thisruleclass=\count280
\@lastruleclass=\count281
\@thisrulewidth=\dimen163
)
(C:/Users/moust/AppData/Roaming/MiKTeX/tex/latex/caption/caption.sty
Package: caption 2023/03/12 v3.6j Customizing captions (AR)

(C:/Users/moust/AppData/Roaming/MiKTeX/tex/latex/caption/caption3.sty
Package: caption3 2023/03/12 v2.4 caption3 kernel (AR)
\caption@tempdima=\dimen164
\captionmargin=\dimen165
\caption@leftmargin=\dimen166
\caption@rightmargin=\dimen167
\caption@width=\dimen168
\caption@indent=\dimen169
\caption@parindent=\dimen170
\caption@hangindent=\dimen171
Package caption Info: Standard document class detected.
)
\c@caption@flags=\count282
\c@continuedfloat=\count283
Package caption Info: longtable package is loaded.

(C:/Users/moust/AppData/Roaming/MiKTeX/tex/latex/caption/ltcaption.sty
Package: ltcaption 2021/01/08 v1.4c longtable captions (AR)
))
(C:/Users/moust/AppData/Roaming/MiKTeX/tex/latex/datetime/datetime.sty
Package: datetime 2015/03/20 v2.60 Date Time Package

(C:/Users/moust/AppData/Roaming/MiKTeX/tex/latex/fmtcount/fmtcount.sty
Package: fmtcount 2020/01/30 v3.07

("C:/Program Files/MiKTeX/tex/latex/base/ifthen.sty"
Package: ifthen 2022/04/13 v1.1d Standard LaTeX ifthen package (DPC)
)
("C:/Program Files/MiKTeX/tex/latex/xkeyval/xkeyval.sty"
Package: xkeyval 2022/06/16 v2.9 package option processing (HA)

("C:/Program Files/MiKTeX/tex/generic/xkeyval/xkeyval.tex"
("C:/Program Files/MiKTeX/tex/generic/xkeyval/xkvutils.tex"
\XKV@toks=\toks22
\XKV@tempa@toks=\toks23
)
\XKV@depth=\count284
File: xkeyval.tex 2014/12/03 v2.7a key=value parser (HA)
))
(C:/Users/moust/AppData/Roaming/MiKTeX/tex/latex/fmtcount/fcprefix.sty
Package: fcprefix 2012/09/28

(C:/Users/moust/AppData/Roaming/MiKTeX/tex/latex/fmtcount/fcnumparser.sty
Package: fcnumparser 2017/06/15
\fc@digit@counter=\count285
))
\c@padzeroesN=\count286
\fc@tmpcatcode=\count287
\@DT@modctr=\count288
\@ordinalctr=\count289
\@orgargctr=\count290
\@strctr=\count291
\@tmpstrctr=\count292
\@DT@loopN=\count293
\@DT@X=\count294
)
(C:/Users/moust/AppData/Roaming/MiKTeX/tex/latex/datetime/datetime-defaults.sty
Package: datetime-defaults 2013/09/10
)
\@day=\count295
\@month=\count296
\@year=\count297
\c@HOUR=\count298
\c@HOURXII=\count299
\c@MINUTE=\count300
\c@TOHOUR=\count301
\c@TOMINUTE=\count302
\c@SECOND=\count303
\currenthour=\count304
\currentminute=\count305
\currentsecond=\count306
Package datetime Info: No datetime.cfg file found, using default settings on in
put line 308.
\@dtctr=\count307
\dayofyear=\count308
\dayofweek=\count309
LaTeX Info: Redefining \today on input line 736.
\dt@a=\toks24
\dt@b=\toks25
) (C:/Users/moust/AppData/Roaming/MiKTeX/tex/latex/changepage/changepage.sty
Package: changepage 2009/10/20 v1.0c check page and change page layout
\c@cp@cntr=\count310
\cp@tempcnt=\count311
)
(C:/Users/moust/AppData/Roaming/MiKTeX/tex/latex/ulem/ulem.sty
\UL@box=\box67
\UL@hyphenbox=\box68
\UL@skip=\skip56
\UL@hook=\toks26
\UL@height=\dimen172
\UL@pe=\count312
\UL@pixel=\dimen173
\ULC@box=\box69
Package: ulem 2019/11/18
\ULdepth=\dimen174
)
(C:/Users/moust/AppData/Roaming/MiKTeX/tex/latex/lipsum/lipsum.sty
("C:/Program Files/MiKTeX/tex/latex/l3packages/l3keys2e/l3keys2e.sty"
Package: l3keys2e 2023-02-02 LaTeX2e option processing using LaTeX3 keys
)
Package: lipsum 2021-09-20 v2.7 150 paragraphs of Lorem Ipsum dummy text
\g__lipsum_par_int=\count313
\l__lipsum_a_int=\count314
\l__lipsum_b_int=\count315

(C:/Users/moust/AppData/Roaming/MiKTeX/tex/latex/lipsum/lipsum.ltd.tex))
(C:/Users/moust/AppData/Roaming/MiKTeX/tex/latex/titlesec/titlesec.sty
Package: titlesec 2021/07/05 v2.14 Sectioning titles
\ttl@box=\box70
\beforetitleunit=\skip57
\aftertitleunit=\skip58
\ttl@plus=\dimen175
\ttl@minus=\dimen176
\ttl@toksa=\toks27
\titlewidth=\dimen177
\titlewidthlast=\dimen178
\titlewidthfirst=\dimen179
)
(C:/Users/moust/AppData/Roaming/MiKTeX/tex/latex/csquotes/csquotes.sty
Package: csquotes 2022-09-14 v5.2n context-sensitive quotations (JAW)
\csq@reset=\count316
\csq@gtype=\count317
\csq@glevel=\count318
\csq@qlevel=\count319
\csq@maxlvl=\count320
\csq@tshold=\count321
\csq@ltx@everypar=\toks28

(C:/Users/moust/AppData/Roaming/MiKTeX/tex/latex/csquotes/csquotes.def
File: csquotes.def 2022-09-14 v5.2n csquotes generic definitions (JAW)
)
Package csquotes Info: Trying to load configuration file 'csquotes.cfg'...
Package csquotes Info: ... configuration file loaded successfully.

(C:/Users/moust/AppData/Roaming/MiKTeX/tex/latex/csquotes/csquotes.cfg
File: csquotes.cfg 
)
Package csquotes Info: Disabling multilingual quotes.
Package csquotes Info: Redefining alias 'default' -> 'american'.
)
(C:/Users/moust/AppData/Roaming/MiKTeX/tex/latex/tocloft/tocloft.sty
Package: tocloft 2017/08/31 v2.3i parameterised ToC, etc., typesetting
Package tocloft Info: The document has chapter divisions on input line 51.
\cftparskip=\skip59
\cftbeforetoctitleskip=\skip60
\cftaftertoctitleskip=\skip61
\cftbeforepartskip=\skip62
\cftpartnumwidth=\skip63
\cftpartindent=\skip64
\cftbeforechapskip=\skip65
\cftchapindent=\skip66
\cftchapnumwidth=\skip67
\cftbeforesecskip=\skip68
\cftsecindent=\skip69
\cftsecnumwidth=\skip70
\cftbeforesubsecskip=\skip71
\cftsubsecindent=\skip72
\cftsubsecnumwidth=\skip73
\cftbeforesubsubsecskip=\skip74
\cftsubsubsecindent=\skip75
\cftsubsubsecnumwidth=\skip76
\cftbeforeparaskip=\skip77
\cftparaindent=\skip78
\cftparanumwidth=\skip79
\cftbeforesubparaskip=\skip80
\cftsubparaindent=\skip81
\cftsubparanumwidth=\skip82
\cftbeforeloftitleskip=\skip83
\cftafterloftitleskip=\skip84
\cftbeforefigskip=\skip85
\cftfigindent=\skip86
\cftfignumwidth=\skip87
\c@lofdepth=\count322
\c@lotdepth=\count323
\cftbeforelottitleskip=\skip88
\cftafterlottitleskip=\skip89
\cftbeforetabskip=\skip90
\cfttabindent=\skip91
\cfttabnumwidth=\skip92


Package tocloft Warning: \@starttoc has already been redefined; tocloft bailing
 out. on input line 1156.

) ("C:/Program Files/MiKTeX/tex/latex/biblatex/biblatex.sty"
Package: biblatex 2023/03/05 v3.19 programmable bibliographies (PK/MW)

(C:/Users/moust/AppData/Roaming/MiKTeX/tex/latex/logreq/logreq.sty
Package: logreq 2010/08/04 v1.0 xml request logger
\lrq@indent=\count324

(C:/Users/moust/AppData/Roaming/MiKTeX/tex/latex/logreq/logreq.def
File: logreq.def 2010/08/04 v1.0 logreq spec v1.0
))
("C:/Program Files/MiKTeX/tex/latex/url/url.sty"
\Urlmuskip=\muskip16
Package: url 2013/09/16  ver 3.4  Verb mode for urls, etc.
)
\c@tabx@nest=\count325
\c@listtotal=\count326
\c@listcount=\count327
\c@liststart=\count328
\c@liststop=\count329
\c@citecount=\count330
\c@citetotal=\count331
\c@multicitecount=\count332
\c@multicitetotal=\count333
\c@instcount=\count334
\c@maxnames=\count335
\c@minnames=\count336
\c@maxitems=\count337
\c@minitems=\count338
\c@citecounter=\count339
\c@maxcitecounter=\count340
\c@savedcitecounter=\count341
\c@uniquelist=\count342
\c@uniquename=\count343
\c@refsection=\count344
\c@refsegment=\count345
\c@maxextratitle=\count346
\c@maxextratitleyear=\count347
\c@maxextraname=\count348
\c@maxextradate=\count349
\c@maxextraalpha=\count350
\c@abbrvpenalty=\count351
\c@highnamepenalty=\count352
\c@lownamepenalty=\count353
\c@maxparens=\count354
\c@parenlevel=\count355
\blx@tempcnta=\count356
\blx@tempcntb=\count357
\blx@tempcntc=\count358
\c@blx@maxsection=\count359
\blx@maxsegment@0=\count360
\blx@notetype=\count361
\blx@parenlevel@text=\count362
\blx@parenlevel@foot=\count363
\blx@sectionciteorder@0=\count364
\blx@sectionciteorderinternal@0=\count365
\blx@entrysetcounter=\count366
\blx@biblioinstance=\count367
\labelnumberwidth=\skip93
\labelalphawidth=\skip94
\biblabelsep=\skip95
\bibitemsep=\skip96
\bibnamesep=\skip97
\bibinitsep=\skip98
\bibparsep=\skip99
\bibhang=\skip100
\blx@bcfin=\read2
\blx@bcfout=\write3
\blx@langwohyphens=\language2
\c@mincomprange=\count368
\c@maxcomprange=\count369
\c@mincompwidth=\count370
Package biblatex Info: Trying to load biblatex default data model...
Package biblatex Info: ... file 'blx-dm.def' found.

("C:/Program Files/MiKTeX/tex/latex/biblatex/blx-dm.def"
File: blx-dm.def 2023/03/05 v3.19 biblatex localization (PK/MW)
)
Package biblatex Info: Trying to load biblatex style data model...
Package biblatex Info: ... file 'numeric-comp.dbx' not found.
Package biblatex Info: Trying to load biblatex custom data model...
Package biblatex Info: ... file 'biblatex-dm.cfg' not found.
\c@afterword=\count371
\c@savedafterword=\count372
\c@annotator=\count373
\c@savedannotator=\count374
\c@author=\count375
\c@savedauthor=\count376
\c@bookauthor=\count377
\c@savedbookauthor=\count378
\c@commentator=\count379
\c@savedcommentator=\count380
\c@editor=\count381
\c@savededitor=\count382
\c@editora=\count383
\c@savededitora=\count384
\c@editorb=\count385
\c@savededitorb=\count386
\c@editorc=\count387
\c@savededitorc=\count388
\c@foreword=\count389
\c@savedforeword=\count390
\c@holder=\count391
\c@savedholder=\count392
\c@introduction=\count393
\c@savedintroduction=\count394
\c@namea=\count395
\c@savednamea=\count396
\c@nameb=\count397
\c@savednameb=\count398
\c@namec=\count399
\c@savednamec=\count400
\c@translator=\count401
\c@savedtranslator=\count402
\c@shortauthor=\count403
\c@savedshortauthor=\count404
\c@shorteditor=\count405
\c@savedshorteditor=\count406
\c@labelname=\count407
\c@savedlabelname=\count408
\c@institution=\count409
\c@savedinstitution=\count410
\c@lista=\count411
\c@savedlista=\count412
\c@listb=\count413
\c@savedlistb=\count414
\c@listc=\count415
\c@savedlistc=\count416
\c@listd=\count417
\c@savedlistd=\count418
\c@liste=\count419
\c@savedliste=\count420
\c@listf=\count421
\c@savedlistf=\count422
\c@location=\count423
\c@savedlocation=\count424
\c@organization=\count425
\c@savedorganization=\count426
\c@origlocation=\count427
\c@savedoriglocation=\count428
\c@origpublisher=\count429
\c@savedorigpublisher=\count430
\c@publisher=\count431
\c@savedpublisher=\count432
\c@language=\count433
\c@savedlanguage=\count434
\c@origlanguage=\count435
\c@savedoriglanguage=\count436
\c@pageref=\count437
\c@savedpageref=\count438
\shorthandwidth=\skip101
\shortjournalwidth=\skip102
\shortserieswidth=\skip103
\shorttitlewidth=\skip104
\shortauthorwidth=\skip105
\shorteditorwidth=\skip106
\locallabelnumberwidth=\skip107
\locallabelalphawidth=\skip108
\localshorthandwidth=\skip109
\localshortjournalwidth=\skip110
\localshortserieswidth=\skip111
\localshorttitlewidth=\skip112
\localshortauthorwidth=\skip113
\localshorteditorwidth=\skip114
Package biblatex Info: Trying to load enhanced support for Unicode engines...
Package biblatex Info: ... file 'blx-unicode.def' found.

("C:/Program Files/MiKTeX/tex/latex/biblatex/blx-unicode.def")
Package biblatex Info: Trying to load compatibility code...
Package biblatex Info: ... file 'blx-compat.def' found.

("C:/Program Files/MiKTeX/tex/latex/biblatex/blx-compat.def"
File: blx-compat.def 2023/03/05 v3.19 biblatex compatibility (PK/MW)
)
Package biblatex Info: Trying to load BibTeX backend compatibility...
Package biblatex Info: ... file 'blx-bibtex.def' found.

("C:/Program Files/MiKTeX/tex/latex/biblatex/blx-bibtex.def"
File: blx-bibtex.def 2023/03/05 v3.19 biblatex compatibility (PK/MW)


Package biblatex Warning: Using fall-back bibtex backend:
(biblatex)                functionality may be reduced/unavailable.

)
Package biblatex Info: Trying to load generic definitions...
Package biblatex Info: ... file 'biblatex.def' found.
 ("C:/Program Files/MiKTeX/tex/latex/biblatex/biblatex.def"
File: biblatex.def 2023/03/05 v3.19 biblatex compatibility (PK/MW)
\c@textcitecount=\count439
\c@textcitetotal=\count440
\c@textcitemaxnames=\count441
\c@biburlbigbreakpenalty=\count442
\c@biburlbreakpenalty=\count443
\c@biburlnumpenalty=\count444
\c@biburlucpenalty=\count445
\c@biburllcpenalty=\count446
\biburlbigskip=\muskip17
\biburlnumskip=\muskip18
\biburlucskip=\muskip19
\biburllcskip=\muskip20
\c@smartand=\count447
)
Package biblatex Info: Trying to load natbib compatibility...
Package biblatex Info: ... file 'blx-natbib.def' found.

("C:/Program Files/MiKTeX/tex/latex/biblatex/blx-natbib.def"
File: blx-natbib.def 2023/03/05 v3.19 biblatex compatibility (PK/MW)
Package biblatex Info: Delimiter 'nameyeardelim' in context '' already defined,
 overwriting.
)
Package biblatex Info: Trying to load bibliography style 'numeric-comp'...
Package biblatex Info: ... file 'numeric-comp.bbx' found.

("C:/Program Files/MiKTeX/tex/latex/biblatex/bbx/numeric-comp.bbx"
File: numeric-comp.bbx 2023/03/05 v3.19 biblatex bibliography style (PK/MW)
Package biblatex Info: Trying to load bibliography style 'numeric'...
Package biblatex Info: ... file 'numeric.bbx' found.

("C:/Program Files/MiKTeX/tex/latex/biblatex/bbx/numeric.bbx"
File: numeric.bbx 2023/03/05 v3.19 biblatex bibliography style (PK/MW)
Package biblatex Info: Trying to load bibliography style 'standard'...
Package biblatex Info: ... file 'standard.bbx' found.

("C:/Program Files/MiKTeX/tex/latex/biblatex/bbx/standard.bbx"
File: standard.bbx 2023/03/05 v3.19 biblatex bibliography style (PK/MW)
\c@bbx:relatedcount=\count448
\c@bbx:relatedtotal=\count449
)))
Package biblatex Info: Trying to load citation style 'numeric-comp'...
Package biblatex Info: ... file 'numeric-comp.cbx' found.

("C:/Program Files/MiKTeX/tex/latex/biblatex/cbx/numeric-comp.cbx"
File: numeric-comp.cbx 2023/03/05 v3.19 biblatex citation style (PK/MW)
\c@cbx@tempcnta=\count450
\c@cbx@tempcntb=\count451
\c@cbx@tempcntc=\count452
\c@cbx@tempcntd=\count453
Package biblatex Info: Redefining '\cite'.
Package biblatex Info: Redefining '\parencite'.
Package biblatex Info: Redefining '\footcite'.
Package biblatex Info: Redefining '\footcitetext'.
Package biblatex Info: Redefining '\smartcite'.
Package biblatex Info: Redefining '\supercite'.
Package biblatex Info: Redefining '\textcite'.
Package biblatex Info: Redefining '\textcites'.
Package biblatex Info: Redefining '\cites'.
Package biblatex Info: Redefining '\parencites'.
Package biblatex Info: Redefining '\smartcites'.
)
Package biblatex Info: Trying to load configuration file...
Package biblatex Info: ... file 'biblatex.cfg' found.

("C:/Program Files/MiKTeX/tex/latex/biblatex/biblatex.cfg"
File: biblatex.cfg 
)
Package biblatex Info: LuaTeX detected.
(biblatex)             Assuming input encoding 'utf8'.
Package biblatex Info: Document encoding is UTF8 ....
Package biblatex Info: ... and expl3
(biblatex)             2023-06-16 L3 programming layer (loader) 
(biblatex)             is new enough (at least 2020/04/06),
(biblatex)             setting 'casechanger=expl3'.

("C:/Program Files/MiKTeX/tex/latex/biblatex/blx-case-expl3.sty"
Package: blx-case-expl3 2023/03/05 v3.19 expl3 case changing code for biblatex
))
(C:/Users/moust/AppData/Roaming/MiKTeX/tex/latex/geometry/geometry.sty
Package: geometry 2020/01/02 v5.9 Page Geometry

("C:/Program Files/MiKTeX/tex/generic/iftex/ifvtex.sty"
Package: ifvtex 2019/10/25 v1.7 ifvtex legacy package. Use iftex instead.
)
\Gm@cnth=\count454
\Gm@cntv=\count455
\c@Gm@tempcnt=\count456
\Gm@bindingoffset=\dimen180
\Gm@wd@mp=\dimen181
\Gm@odd@mp=\dimen182
\Gm@even@mp=\dimen183
\Gm@layoutwidth=\dimen184
\Gm@layoutheight=\dimen185
\Gm@layouthoffset=\dimen186
\Gm@layoutvoffset=\dimen187
\Gm@dimlist=\toks29

(C:/Users/moust/AppData/Roaming/MiKTeX/tex/latex/geometry/geometry.cfg))
(C:/Users/moust/AppData/Roaming/MiKTeX/tex/latex/koma-script/scrlayer-scrpage.s
ty
Package: scrlayer-scrpage 2023/04/24 v3.40 KOMA-Script package (end user interf
ace for scrlayer)
 (C:/Users/moust/AppData/Roaming/MiKTeX/tex/latex/koma-script/scrlayer.sty
Package: scrlayer 2023/04/24 v3.40 KOMA-Script package (defining layers and pag
e styles)
\footheight=\skip115
Package scrlayer Info: patching LaTeX kernel macro \pagestyle on input line 217
6.
)
Package scrbase Info: Unknown processing state.
(scrbase)             Processing option `markcase=used'
(scrbase)             of member `.scrlayer-scrpage.sty' of family
(scrbase)             `KOMA' doesn't set
(scrbase)             a valid state. This will be interpreted
(scrbase)             as \FamilyKeyStateProcessed on input line 640.


Package scrlayer-scrpage Warning: it seems that package `titlesec' is used
(scrlayer-scrpage)                and has already defined `\newpagestyle'.
(scrlayer-scrpage)                To avoid this warning message, you should
(scrlayer-scrpage)                load package `titlesec' not before package
(scrlayer-scrpage)                `scrlayer-scrpage'. If you need `titlesec'
(scrlayer-scrpage)                you could load it after `scrlayer-scrpage',
(scrlayer-scrpage)                but you still would not be able to use
(scrlayer-scrpage)                the `titlesec' implemenation of
(scrlayer-scrpage)                `\newpagestyle'.


Package scrlayer-scrpage Warning: It seems that package `titlesec' is used
(scrlayer-scrpage)                and has already defined `\renewpagestyle'.
(scrlayer-scrpage)                To avoid this warning message, you should
(scrlayer-scrpage)                load package `titlesec' not before package
(scrlayer-scrpage)                `scrlayer-scrpage'. If you need `titlesec'
(scrlayer-scrpage)                you could load it after `scrlayer-scrpage',
(scrlayer-scrpage)                but you still would not be able to use
(scrlayer-scrpage)                the `titlesec' implemenation of
(scrlayer-scrpage)                `\renewpagestyle'.

)
1: chapter
1: chapter
1: section
\@lmabbre=\dimen188
\@lcabbre=\dimen189
\@rcabbre=\dimen190
\@scabbre=\dimen191
\@pcabbre=\dimen192
) ("C:/Program Files/MiKTeX/tex/latex/fontspec/fontspec.sty"
Package: fontspec 2022/01/15 v2.8a Font selection for XeLaTeX and LuaLaTeX
Lua module: fontspec 2022/01/15 2.8a Font selection for XeLaTeX and LuaLaTeX
("C:/Program Files/MiKTeX/tex/latex/fontspec/fontspec-luatex.sty"
Package: fontspec-luatex 2022/01/15 v2.8a Font selection for XeLaTeX and LuaLaT
eX
\l__fontspec_script_int=\count457
\l__fontspec_language_int=\count458
\l__fontspec_strnum_int=\count459
\l__fontspec_tmp_int=\count460
\l__fontspec_tmpa_int=\count461
\l__fontspec_tmpb_int=\count462
\l__fontspec_tmpc_int=\count463
\l__fontspec_em_int=\count464
\l__fontspec_emdef_int=\count465
\l__fontspec_strong_int=\count466
\l__fontspec_strongdef_int=\count467
\l__fontspec_tmpa_dim=\dimen193
\l__fontspec_tmpb_dim=\dimen194
\l__fontspec_tmpc_dim=\dimen195

("C:/Program Files/MiKTeX/tex/latex/base/fontenc.sty"
Package: fontenc 2021/04/29 v2.0v Standard LaTeX package
)
("C:/Program Files/MiKTeX/tex/latex/fontspec/fontspec.cfg")))

Package fontspec Info: Font family 'times(0)' created for font 'times' with
(fontspec)             options [Ligatures=TeX,Extension = .ttf,BoldFont =
(fontspec)             *bd,ItalicFont = *i,BoldItalicFont = *bi].
(fontspec)              
(fontspec)              This font family consists of the following NFSS
(fontspec)             series/shapes:
(fontspec)              
(fontspec)             - 'normal' (m/n) with NFSS spec.:
(fontspec)             <->"[times.ttf]:mode=node;script=latn;language=dflt;+tli
g;"
(fontspec)             - 'small caps'  (m/sc) with NFSS spec.:
(fontspec)             <->"[times.ttf]:mode=node;script=latn;language=dflt;+tli
g;+smcp;"
(fontspec)             - 'bold' (b/n) with NFSS spec.:
(fontspec)             <->"[timesbd.ttf]:mode=node;script=latn;language=dflt;+t
lig;"
(fontspec)             - 'bold small caps'  (b/sc) with NFSS spec.:
(fontspec)             <->"[timesbd.ttf]:mode=node;script=latn;language=dflt;+t
lig;+smcp;"
(fontspec)             - 'italic' (m/it) with NFSS spec.:
(fontspec)             <->"[timesi.ttf]:mode=node;script=latn;language=dflt;+tl
ig;"
(fontspec)             - 'italic small caps'  (m/scit) with NFSS spec.:
(fontspec)             <->"[timesi.ttf]:mode=node;script=latn;language=dflt;+tl
ig;+smcp;"
(fontspec)             - 'bold italic' (b/it) with NFSS spec.:
(fontspec)             <->"[timesbi.ttf]:mode=node;script=latn;language=dflt;+t
lig;"
(fontspec)             - 'bold italic small caps'  (b/scit) with NFSS spec.:
(fontspec)             <->"[timesbi.ttf]:mode=node;script=latn;language=dflt;+t
lig;+smcp;"

luaotfload | cache : Lookup cache loaded from C:/Users/moust/AppData/Local/MiKTe
X/luatex-cache/generic/names/luaotfload-lookup-cache.luc.
luaotfload | aux : font no 31 (nil) does not define feature smcp for script arab
 with language dflt
luaotfload | aux : font no 32 (nil) does not define feature smcp for script arab
 with language dflt
luaotfload | aux : font no 33 (nil) does not define feature smcp for script arab
 with language dflt
luaotfload | aux : font no 34 (nil) does not define feature smcp for script arab
 with language dflt

Package fontspec Info: Font family 'Arial(0)' created for font 'Arial' with
(fontspec)             options [Script=Arabic,Scale=1.2].
(fontspec)              
(fontspec)              This font family consists of the following NFSS
(fontspec)             series/shapes:
(fontspec)              
(fontspec)             - 'normal' (m/n) with NFSS spec.:
(fontspec)             <->s*[1.2]"Arial:mode=node;script=arab;language=dflt;"
(fontspec)             - 'small caps'  (m/sc) with NFSS spec.: 
(fontspec)             - 'bold' (b/n) with NFSS spec.:
(fontspec)             <->s*[1.2]"Arial/B:mode=node;script=arab;language=dflt;"

(fontspec)             - 'bold small caps'  (b/sc) with NFSS spec.: 
(fontspec)             - 'italic' (m/it) with NFSS spec.:
(fontspec)             <->s*[1.2]"Arial/I:mode=node;script=arab;language=dflt;"

(fontspec)             - 'italic small caps'  (m/scit) with NFSS spec.: 
(fontspec)             - 'bold italic' (b/it) with NFSS spec.:
(fontspec)             <->s*[1.2]"Arial/BI:mode=node;script=arab;language=dflt;
"
(fontspec)             - 'bold italic small caps'  (b/scit) with NFSS spec.: 


("C:/Program Files/MiKTeX/tex/latex/pgf/frontendlayer/tikz.sty"
("C:/Program Files/MiKTeX/tex/latex/pgf/basiclayer/pgf.sty"
("C:/Program Files/MiKTeX/tex/latex/pgf/utilities/pgfrcs.sty"
("C:/Program Files/MiKTeX/tex/generic/pgf/utilities/pgfutil-common.tex"
\pgfutil@everybye=\toks30
\pgfutil@tempdima=\dimen196
\pgfutil@tempdimb=\dimen197
)
("C:/Program Files/MiKTeX/tex/generic/pgf/utilities/pgfutil-latex.def"
\pgfutil@abb=\box71
)
("C:/Program Files/MiKTeX/tex/generic/pgf/utilities/pgfrcs.code.tex"
("C:/Program Files/MiKTeX/tex/generic/pgf/pgf.revision.tex")
Package: pgfrcs 2023-01-15 v3.1.10 (3.1.10)
))
Package: pgf 2023-01-15 v3.1.10 (3.1.10)

("C:/Program Files/MiKTeX/tex/latex/pgf/basiclayer/pgfcore.sty"
("C:/Program Files/MiKTeX/tex/latex/pgf/systemlayer/pgfsys.sty"
("C:/Program Files/MiKTeX/tex/generic/pgf/systemlayer/pgfsys.code.tex"
Package: pgfsys 2023-01-15 v3.1.10 (3.1.10)

("C:/Program Files/MiKTeX/tex/generic/pgf/utilities/pgfkeys.code.tex"
\pgfkeys@pathtoks=\toks31
\pgfkeys@temptoks=\toks32

("C:/Program Files/MiKTeX/tex/generic/pgf/utilities/pgfkeyslibraryfiltered.code
.tex"
\pgfkeys@tmptoks=\toks33
))
\pgf@x=\dimen198
\pgf@y=\dimen199
\pgf@xa=\dimen256
\pgf@ya=\dimen257
\pgf@xb=\dimen258
\pgf@yb=\dimen259
\pgf@xc=\dimen260
\pgf@yc=\dimen261
\pgf@xd=\dimen262
\pgf@yd=\dimen263
\w@pgf@writea=\write4
\r@pgf@reada=\read3
\c@pgf@counta=\count468
\c@pgf@countb=\count469
\c@pgf@countc=\count470
\c@pgf@countd=\count471
\t@pgf@toka=\toks34
\t@pgf@tokb=\toks35
\t@pgf@tokc=\toks36
\pgf@sys@id@count=\count472
 ("C:/Program Files/MiKTeX/tex/generic/pgf/systemlayer/pgf.cfg"
File: pgf.cfg 2023-01-15 v3.1.10 (3.1.10)
)
Driver file for pgf: pgfsys-luatex.def

("C:/Program Files/MiKTeX/tex/generic/pgf/systemlayer/pgfsys-luatex.def"
File: pgfsys-luatex.def 2023-01-15 v3.1.10 (3.1.10)

("C:/Program Files/MiKTeX/tex/generic/pgf/systemlayer/pgfsys-common-pdf.def"
File: pgfsys-common-pdf.def 2023-01-15 v3.1.10 (3.1.10)
))) ("C:/Program Files/MiKTeX/tex/generic/pgf/systemlayer/pgfsyssoftpath.code.t
ex"
File: pgfsyssoftpath.code.tex 2023-01-15 v3.1.10 (3.1.10)
\pgfsyssoftpath@smallbuffer@items=\count473
\pgfsyssoftpath@bigbuffer@items=\count474
) ("C:/Program Files/MiKTeX/tex/generic/pgf/systemlayer/pgfsysprotocol.code.tex
"
File: pgfsysprotocol.code.tex 2023-01-15 v3.1.10 (3.1.10)
)) ("C:/Program Files/MiKTeX/tex/latex/xcolor/xcolor.sty"
Package: xcolor 2022/06/12 v2.14 LaTeX color extensions (UK)

("C:/Program Files/MiKTeX/tex/latex/graphics-cfg/color.cfg"
File: color.cfg 2016/01/02 v1.6 sample color configuration
)
Package xcolor Info: Driver file: luatex.def on input line 227.

("C:/Program Files/MiKTeX/tex/latex/graphics/mathcolor.ltx")
Package xcolor Info: Model `cmy' substituted by `cmy0' on input line 1353.
Package xcolor Info: Model `hsb' substituted by `rgb' on input line 1357.
Package xcolor Info: Model `RGB' extended on input line 1369.
Package xcolor Info: Model `HTML' substituted by `rgb' on input line 1371.
Package xcolor Info: Model `Hsb' substituted by `hsb' on input line 1372.
Package xcolor Info: Model `tHsb' substituted by `hsb' on input line 1373.
Package xcolor Info: Model `HSB' substituted by `hsb' on input line 1374.
Package xcolor Info: Model `Gray' substituted by `gray' on input line 1375.
Package xcolor Info: Model `wave' substituted by `hsb' on input line 1376.
)
("C:/Program Files/MiKTeX/tex/generic/pgf/basiclayer/pgfcore.code.tex"
Package: pgfcore 2023-01-15 v3.1.10 (3.1.10)

("C:/Program Files/MiKTeX/tex/generic/pgf/math/pgfmath.code.tex"
("C:/Program Files/MiKTeX/tex/generic/pgf/math/pgfmathutil.code.tex")
("C:/Program Files/MiKTeX/tex/generic/pgf/math/pgfmathparser.code.tex"
\pgfmath@dimen=\dimen264
\pgfmath@count=\count475
\pgfmath@box=\box72
\pgfmath@toks=\toks37
\pgfmath@stack@operand=\toks38
\pgfmath@stack@operation=\toks39
)
("C:/Program Files/MiKTeX/tex/generic/pgf/math/pgfmathfunctions.code.tex")
("C:/Program Files/MiKTeX/tex/generic/pgf/math/pgfmathfunctions.basic.code.tex"
)
("C:/Program Files/MiKTeX/tex/generic/pgf/math/pgfmathfunctions.trigonometric.c
ode.tex")
("C:/Program Files/MiKTeX/tex/generic/pgf/math/pgfmathfunctions.random.code.tex
")
("C:/Program Files/MiKTeX/tex/generic/pgf/math/pgfmathfunctions.comparison.code
.tex")
("C:/Program Files/MiKTeX/tex/generic/pgf/math/pgfmathfunctions.base.code.tex") ("C:/Program Files/MiKTeX/tex/generic/pgf/math/pgfmathfunctions.round.code.tex") ("C:/Program Files/MiKTeX/tex/generic/pgf/math/pgfmathfunctions.misc.code.tex")
("C:/Program Files/MiKTeX/tex/generic/pgf/math/pgfmathfunctions.integerarithmet
ics.code.tex")
("C:/Program Files/MiKTeX/tex/generic/pgf/math/pgfmathcalc.code.tex")
("C:/Program Files/MiKTeX/tex/generic/pgf/math/pgfmathfloat.code.tex"
\c@pgfmathroundto@lastzeros=\count476
))
("C:/Program Files/MiKTeX/tex/generic/pgf/math/pgfint.code.tex")
("C:/Program Files/MiKTeX/tex/generic/pgf/basiclayer/pgfcorepoints.code.tex"
File: pgfcorepoints.code.tex 2023-01-15 v3.1.10 (3.1.10)
\pgf@picminx=\dimen265
\pgf@picmaxx=\dimen266
\pgf@picminy=\dimen267
\pgf@picmaxy=\dimen268
\pgf@pathminx=\dimen269
\pgf@pathmaxx=\dimen270
\pgf@pathminy=\dimen271
\pgf@pathmaxy=\dimen272
\pgf@xx=\dimen273
\pgf@xy=\dimen274
\pgf@yx=\dimen275
\pgf@yy=\dimen276
\pgf@zx=\dimen277
\pgf@zy=\dimen278
)
("C:/Program Files/MiKTeX/tex/generic/pgf/basiclayer/pgfcorepathconstruct.code.
tex"
File: pgfcorepathconstruct.code.tex 2023-01-15 v3.1.10 (3.1.10)
\pgf@path@lastx=\dimen279
\pgf@path@lasty=\dimen280
)
("C:/Program Files/MiKTeX/tex/generic/pgf/basiclayer/pgfcorepathusage.code.tex"
File: pgfcorepathusage.code.tex 2023-01-15 v3.1.10 (3.1.10)
\pgf@shorten@end@additional=\dimen281
\pgf@shorten@start@additional=\dimen282
) ("C:/Program Files/MiKTeX/tex/generic/pgf/basiclayer/pgfcorescopes.code.tex"
File: pgfcorescopes.code.tex 2023-01-15 v3.1.10 (3.1.10)
\pgfpic=\box73
\pgf@hbox=\box74
\pgf@layerbox@main=\box75
\pgf@picture@serial@count=\count477
)
("C:/Program Files/MiKTeX/tex/generic/pgf/basiclayer/pgfcoregraphicstate.code.t
ex"
File: pgfcoregraphicstate.code.tex 2023-01-15 v3.1.10 (3.1.10)
\pgflinewidth=\dimen283
)
("C:/Program Files/MiKTeX/tex/generic/pgf/basiclayer/pgfcoretransformations.cod
e.tex"
File: pgfcoretransformations.code.tex 2023-01-15 v3.1.10 (3.1.10)
\pgf@pt@x=\dimen284
\pgf@pt@y=\dimen285
\pgf@pt@temp=\dimen286
)
("C:/Program Files/MiKTeX/tex/generic/pgf/basiclayer/pgfcorequick.code.tex"
File: pgfcorequick.code.tex 2023-01-15 v3.1.10 (3.1.10)
)
("C:/Program Files/MiKTeX/tex/generic/pgf/basiclayer/pgfcoreobjects.code.tex"
File: pgfcoreobjects.code.tex 2023-01-15 v3.1.10 (3.1.10)
)
("C:/Program Files/MiKTeX/tex/generic/pgf/basiclayer/pgfcorepathprocessing.code
.tex"
File: pgfcorepathprocessing.code.tex 2023-01-15 v3.1.10 (3.1.10)
)
("C:/Program Files/MiKTeX/tex/generic/pgf/basiclayer/pgfcorearrows.code.tex"
File: pgfcorearrows.code.tex 2023-01-15 v3.1.10 (3.1.10)
\pgfarrowsep=\dimen287
)
("C:/Program Files/MiKTeX/tex/generic/pgf/basiclayer/pgfcoreshade.code.tex"
File: pgfcoreshade.code.tex 2023-01-15 v3.1.10 (3.1.10)
\pgf@max=\dimen288
\pgf@sys@shading@range@num=\count478
\pgf@shadingcount=\count479
)
("C:/Program Files/MiKTeX/tex/generic/pgf/basiclayer/pgfcoreimage.code.tex"
File: pgfcoreimage.code.tex 2023-01-15 v3.1.10 (3.1.10)
)
("C:/Program Files/MiKTeX/tex/generic/pgf/basiclayer/pgfcoreexternal.code.tex"
File: pgfcoreexternal.code.tex 2023-01-15 v3.1.10 (3.1.10)
\pgfexternal@startupbox=\box76
) ("C:/Program Files/MiKTeX/tex/generic/pgf/basiclayer/pgfcorelayers.code.tex"
File: pgfcorelayers.code.tex 2023-01-15 v3.1.10 (3.1.10)
)
("C:/Program Files/MiKTeX/tex/generic/pgf/basiclayer/pgfcoretransparency.code.t
ex"
File: pgfcoretransparency.code.tex 2023-01-15 v3.1.10 (3.1.10)
)
("C:/Program Files/MiKTeX/tex/generic/pgf/basiclayer/pgfcorepatterns.code.tex"
File: pgfcorepatterns.code.tex 2023-01-15 v3.1.10 (3.1.10)
) ("C:/Program Files/MiKTeX/tex/generic/pgf/basiclayer/pgfcorerdf.code.tex"
File: pgfcorerdf.code.tex 2023-01-15 v3.1.10 (3.1.10)
)))
("C:/Program Files/MiKTeX/tex/generic/pgf/modules/pgfmoduleshapes.code.tex"
File: pgfmoduleshapes.code.tex 2023-01-15 v3.1.10 (3.1.10)
\pgfnodeparttextbox=\box77
)
("C:/Program Files/MiKTeX/tex/generic/pgf/modules/pgfmoduleplot.code.tex"
File: pgfmoduleplot.code.tex 2023-01-15 v3.1.10 (3.1.10)
)
("C:/Program Files/MiKTeX/tex/latex/pgf/compatibility/pgfcomp-version-0-65.sty"
Package: pgfcomp-version-0-65 2023-01-15 v3.1.10 (3.1.10)
\pgf@nodesepstart=\dimen289
\pgf@nodesepend=\dimen290
) ("C:/Program Files/MiKTeX/tex/latex/pgf/compatibility/pgfcomp-version-1-18.st
y"
Package: pgfcomp-version-1-18 2023-01-15 v3.1.10 (3.1.10)
)) ("C:/Program Files/MiKTeX/tex/latex/pgf/utilities/pgffor.sty"
("C:/Program Files/MiKTeX/tex/latex/pgf/utilities/pgfkeys.sty"
("C:/Program Files/MiKTeX/tex/generic/pgf/utilities/pgfkeys.code.tex"))
("C:/Program Files/MiKTeX/tex/latex/pgf/math/pgfmath.sty"
("C:/Program Files/MiKTeX/tex/generic/pgf/math/pgfmath.code.tex"))
("C:/Program Files/MiKTeX/tex/generic/pgf/utilities/pgffor.code.tex"
Package: pgffor 2023-01-15 v3.1.10 (3.1.10)
\pgffor@iter=\dimen291
\pgffor@skip=\dimen292
\pgffor@stack=\toks40
\pgffor@toks=\toks41
))
("C:/Program Files/MiKTeX/tex/generic/pgf/frontendlayer/tikz/tikz.code.tex"
Package: tikz 2023-01-15 v3.1.10 (3.1.10)

("C:/Program Files/MiKTeX/tex/generic/pgf/libraries/pgflibraryplothandlers.code
.tex"
File: pgflibraryplothandlers.code.tex 2023-01-15 v3.1.10 (3.1.10)
\pgf@plot@mark@count=\count480
\pgfplotmarksize=\dimen293
)
\tikz@lastx=\dimen294
\tikz@lasty=\dimen295
\tikz@lastxsaved=\dimen296
\tikz@lastysaved=\dimen297
\tikz@lastmovetox=\dimen298
\tikz@lastmovetoy=\dimen299
\tikzleveldistance=\dimen300
\tikzsiblingdistance=\dimen301
\tikz@figbox=\box78
\tikz@figbox@bg=\box79
\tikz@tempbox=\box80
\tikz@tempbox@bg=\box81
\tikztreelevel=\count481
\tikznumberofchildren=\count482
\tikznumberofcurrentchild=\count483
\tikz@fig@count=\count484

("C:/Program Files/MiKTeX/tex/generic/pgf/modules/pgfmodulematrix.code.tex"
File: pgfmodulematrix.code.tex 2023-01-15 v3.1.10 (3.1.10)
\pgfmatrixcurrentrow=\count485
\pgfmatrixcurrentcolumn=\count486
\pgf@matrix@numberofcolumns=\count487
)
\tikz@expandcount=\count488

("C:/Program Files/MiKTeX/tex/generic/pgf/frontendlayer/tikz/libraries/tikzlibr
arytopaths.code.tex"
File: tikzlibrarytopaths.code.tex 2023-01-15 v3.1.10 (3.1.10)
)))
Package translations Info: No language package found. I am going to use `englis
h' as default language. on input line 186.

("C:/Program Files/MiKTeX/tex/latex/hyperref/hyperref.sty"
Package: hyperref 2023-05-16 v7.00y Hypertext links for LaTeX

(C:/Users/moust/AppData/Roaming/MiKTeX/tex/generic/kvdefinekeys/kvdefinekeys.st
y
Package: kvdefinekeys 2019-12-19 v1.6 Define keys (HO)
) (C:/Users/moust/AppData/Roaming/MiKTeX/tex/generic/pdfescape/pdfescape.sty
Package: pdfescape 2019/12/09 v1.15 Implements pdfTeX's escape features (HO)
)
(C:/Users/moust/AppData/Roaming/MiKTeX/tex/latex/hycolor/hycolor.sty
Package: hycolor 2020-01-27 v1.10 Color options for hyperref/bookmark (HO)
)
(C:/Users/moust/AppData/Roaming/MiKTeX/tex/latex/letltxmacro/letltxmacro.sty
Package: letltxmacro 2019/12/03 v1.6 Let assignment for LaTeX macros (HO)
)
(C:/Users/moust/AppData/Roaming/MiKTeX/tex/latex/auxhook/auxhook.sty
Package: auxhook 2019-12-17 v1.6 Hooks for auxiliary files (HO)
)
("C:/Program Files/MiKTeX/tex/latex/hyperref/nameref.sty"
Package: nameref 2023-05-16 v2.51 Cross-referencing by name of section

(C:/Users/moust/AppData/Roaming/MiKTeX/tex/latex/refcount/refcount.sty
Package: refcount 2019/12/15 v3.6 Data extraction from label references (HO)
)
(C:/Users/moust/AppData/Roaming/MiKTeX/tex/generic/gettitlestring/gettitlestrin
g.sty
Package: gettitlestring 2019/12/15 v1.6 Cleanup title references (HO)
)
\c@section@level=\count489
)
\@linkdim=\dimen302
\Hy@linkcounter=\count490
\Hy@pagecounter=\count491
 ("C:/Program Files/MiKTeX/tex/latex/hyperref/pd1enc.def"
File: pd1enc.def 2023-05-16 v7.00y Hyperref: PDFDocEncoding definition (HO)
)
(C:/Users/moust/AppData/Roaming/MiKTeX/tex/generic/intcalc/intcalc.sty
Package: intcalc 2019/12/15 v1.3 Expandable calculations with integers (HO)
)
\Hy@SavedSpaceFactor=\count492

("C:/Program Files/MiKTeX/tex/latex/hyperref/puenc.def"
File: puenc.def 2023-05-16 v7.00y Hyperref: PDF Unicode definition (HO)
)
Package hyperref Info: Hyper figures OFF on input line 4167.
Package hyperref Info: Link nesting OFF on input line 4172.
Package hyperref Info: Hyper index ON on input line 4175.
Package hyperref Info: Plain pages OFF on input line 4182.
Package hyperref Info: Backreferencing OFF on input line 4187.
Package hyperref Info: Implicit mode ON; LaTeX internals redefined.
Package hyperref Info: Bookmarks ON on input line 4434.
\c@Hy@tempcnt=\count493
LaTeX Info: Redefining \nolinkurl on input line 4770.
LaTeX Info: Redefining \url on input line 4772.
\XeTeXLinkMargin=\dimen303

(C:/Users/moust/AppData/Roaming/MiKTeX/tex/generic/bitset/bitset.sty
Package: bitset 2019/12/09 v1.3 Handle bit-vector datatype (HO)

(C:/Users/moust/AppData/Roaming/MiKTeX/tex/generic/bigintcalc/bigintcalc.sty
Package: bigintcalc 2019/12/15 v1.5 Expandable calculations on big integers (HO
)
))
\Fld@menulength=\count494
\Field@Width=\dimen304
\Fld@charsize=\dimen305
Package hyperref Info: Hyper figures OFF on input line 6051.
Package hyperref Info: Link nesting OFF on input line 6056.
Package hyperref Info: Hyper index ON on input line 6059.
Package hyperref Info: backreferencing OFF on input line 6066.
Package hyperref Info: Link coloring OFF on input line 6071.
Package hyperref Info: Link coloring with OCG OFF on input line 6076.
Package hyperref Info: PDF/A mode OFF on input line 6081.

("C:/Program Files/MiKTeX/tex/latex/base/atbegshi-ltx.sty"
Package: atbegshi-ltx 2021/01/10 v1.0c Emulation of the original atbegshi
package with kernel methods
)
\Hy@abspage=\count495
\c@Item=\count496
\c@Hfootnote=\count497
)
Package scrhack Info: hyperref hack deactivated because of
(scrhack)             detection of hyperref version, that doesn't
(scrhack)             need that hack, on input line 186.
Package hyperref Info: Driver (autodetected): hluatex.

("C:/Program Files/MiKTeX/tex/latex/hyperref/hluatex.def"
File: hluatex.def 2023-05-16 v7.00y Hyperref driver for luaTeX

(C:/Users/moust/AppData/Roaming/MiKTeX/tex/generic/stringenc/stringenc.sty
Package: stringenc 2019/11/29 v1.12 Convert strings between diff. encodings (HO
)
)
("C:/Program Files/MiKTeX/tex/latex/base/atveryend-ltx.sty"
Package: atveryend-ltx 2020/08/19 v1.0a Emulation of the original atveryend pac
kage
with kernel methods
)
\Fld@listcount=\count498
\c@bookmark@seq@number=\count499

(C:/Users/moust/AppData/Roaming/MiKTeX/tex/latex/rerunfilecheck/rerunfilecheck.
sty
Package: rerunfilecheck 2022-07-10 v1.10 Rerun checks for auxiliary files (HO)

(C:/Users/moust/AppData/Roaming/MiKTeX/tex/generic/uniquecounter/uniquecounter.
sty
Package: uniquecounter 2019/12/15 v1.4 Provide unlimited unique counter (HO)
)
Package uniquecounter Info: New unique counter `rerunfilecheck' on input line 2
85.
)
\Hy@SectionHShift=\skip116
)
Package hyperref Info: Option `bookmarksopen' set `true' on input line 186.
Package hyperref Info: Option `hypertexnames' set `false' on input line 186.
Package hyperref Info: Option `colorlinks' set `false' on input line 186.
Package hyperref Info: Option `unicode' set `true' on input line 186.
Package hyperref Info: Option `breaklinks' set `true' on input line 186.
 (./main.aux)
\openout1 = main.aux

LaTeX Font Info:    Checking defaults for OML/cmm/m/it on input line 186.
LaTeX Font Info:    ... okay on input line 186.
LaTeX Font Info:    Checking defaults for OMS/cmsy/m/n on input line 186.
LaTeX Font Info:    ... okay on input line 186.
LaTeX Font Info:    Checking defaults for OT1/cmr/m/n on input line 186.
LaTeX Font Info:    ... okay on input line 186.
LaTeX Font Info:    Checking defaults for T1/cmr/m/n on input line 186.
LaTeX Font Info:    ... okay on input line 186.
LaTeX Font Info:    Checking defaults for TS1/cmr/m/n on input line 186.
LaTeX Font Info:    Trying to load font information for TS1+cmr on input line 1
86.
 ("C:/Program Files/MiKTeX/tex/latex/base/ts1cmr.fd"
File: ts1cmr.fd 2023/04/13 v2.5m Standard LaTeX font definitions
)
LaTeX Font Info:    ... okay on input line 186.
LaTeX Font Info:    Checking defaults for TU/lmr/m/n on input line 186.
LaTeX Font Info:    ... okay on input line 186.
LaTeX Font Info:    Checking defaults for OMX/cmex/m/n on input line 186.
LaTeX Font Info:    ... okay on input line 186.
LaTeX Font Info:    Checking defaults for U/cmr/m/n on input line 186.
LaTeX Font Info:    ... okay on input line 186.
LaTeX Font Info:    Checking defaults for PD1/pdf/m/n on input line 186.
LaTeX Font Info:    ... okay on input line 186.
LaTeX Font Info:    Checking defaults for PU/pdf/m/n on input line 186.
LaTeX Font Info:    ... okay on input line 186.

(C:/Users/moust/AppData/Roaming/MiKTeX/tex/latex/translations/dicts/translation
s-basic-dictionary-english.trsl
File: translations-basic-dictionary-english.trsl (english translation file `tra
nslations-basic-dictionary')
)
Package translations Info: loading dictionary `translations-basic-dictionary' f
or `english'. on input line 186.

("C:/Program Files/MiKTeX/tex/context/base/mkii/supp-pdf.mkii"
[Loading MPS to PDF converter (version 2006.09.02).]
\scratchcounter=\count500
\scratchdimen=\dimen306
\scratchbox=\box82
\nofMPsegments=\count501
\nofMParguments=\count502
\everyMPshowfont=\toks42
\MPscratchCnt=\count503
\MPscratchDim=\dimen307
\MPnumerator=\count504
\makeMPintoPDFobject=\count505
\everyMPtoPDFconversion=\toks43
) ("C:/Program Files/MiKTeX/tex/latex/epstopdf-pkg/epstopdf-base.sty"
Package: epstopdf-base 2020-01-24 v2.11 Base part for package epstopdf
Package epstopdf-base Info: Redefining graphics rule for `.eps' on input line 4
85.

("C:/Program Files/MiKTeX/tex/latex/00miktex/epstopdf-sys.cfg"
File: epstopdf-sys.cfg 2021/03/18 v2.0 Configuration of epstopdf for MiKTeX
))
Package caption Info: Begin \AtBeginDocument code.
Package caption Info: changepage package is loaded.
\caption@adjustwidth@hsize=\dimen308
\caption@adjustwidth@linewidth=\dimen309
Package caption Info: hyperref package is loaded.
Package caption Info: End \AtBeginDocument code.

(C:/Users/moust/AppData/Roaming/MiKTeX/tex/latex/fmtcount/fc-english.def
File: fc-english.def 2016/01/12
)
Package biblatex Info: Trying to load language 'english'...
Package biblatex Info: ... file 'english.lbx' found.

("C:/Program Files/MiKTeX/tex/latex/biblatex/lbx/english.lbx"
File: english.lbx 2023/03/05 v3.19 biblatex localization (PK/MW)
)
Package biblatex Info: LuaTeX detected.
(biblatex)             Assuming input encoding 'utf8'.
Package biblatex Info: Automatic encoding selection.
(biblatex)             Assuming data encoding 'utf8'.
Package biblatex Info: LuaTeX detected.
(biblatex)             Assuming input encoding 'utf8'.
Package biblatex Info: Data encoding 'utf8' specified.
(biblatex)             No need to reencode data.

\openout3 = main-blx.bib
Package biblatex Info: Trying to load bibliographic data...
Package biblatex Info: ... file 'main.bbl' found.
 (./main.bbl

Package biblatex Warning: BibTeX reported the following issues
(biblatex)                with 'eSyncAlliance':
(biblatex)                - Invalid format of field 'urldate'.


Package biblatex Warning: BibTeX reported the following issues
(biblatex)                with 'CovesaAlliance':
(biblatex)                - Invalid format of field 'urldate'.


Package biblatex Warning: BibTeX reported the following issues
(biblatex)                with 'SOAFEE_ARCH':
(biblatex)                - Invalid format of field 'urldate'.


Package biblatex Warning: BibTeX reported the following issues
(biblatex)                with 'AWS_CAedge':
(biblatex)                - Invalid format of field 'urldate'.

)
Package biblatex Info: Reference section=0 on input line 186.
Package biblatex Info: Reference segment=0 on input line 186.

*geometry* driver: auto-detecting
*geometry* detected driver: luatex
*geometry* verbose mode - [ preamble ] result:
* driver: luatex
* paper: a4paper
* layout: <same size as paper>
* layoutoffset:(h,v)=(0.0pt,0.0pt)
* modes: 
* h-part:(L,W,R)=(85.35826pt, 455.24411pt, 56.9055pt)
* v-part:(T,H,B)=(71.13188pt, 702.78308pt, 71.13188pt)
* \paperwidth=597.50787pt
* \paperheight=845.04684pt
* \textwidth=455.24411pt
* \textheight=702.78308pt
* \oddsidemargin=13.08827pt
* \evensidemargin=13.08827pt
* \topmargin=-33.0119pt
* \headheight=12.0pt
* \headsep=19.8738pt
* \topskip=12.0pt
* \footskip=30.0pt
* \marginparwidth=47.0pt
* \marginparsep=7.0pt
* \columnsep=10.0pt
* \skip\footins=10.8pt plus 4.0pt minus 2.0pt
* \hoffset=0.0pt
* \voffset=0.0pt
* \mag=1000
* \@twocolumnfalse
* \@twosidefalse
* \@mparswitchfalse
* \@reversemarginfalse
* (1in=72.27pt=25.4mm, 1cm=28.453pt)


Package scrlayer-scrpage Warning: Very small head height detected!
(scrlayer-scrpage)                Using scrlayer-scrpage the head height
(scrlayer-scrpage)                should be at least \baselineskip, which is
(scrlayer-scrpage)                17.99446pt currently.
(scrlayer-scrpage)                But head height is currently 12.0pt only.
(scrlayer-scrpage)                You may use
(scrlayer-scrpage)                geometry option `head=17.99446pt'
(scrlayer-scrpage)                \relax to avoid this warning.


Package fontspec Info: Adjusting the maths setup (use [no-math] to avoid
(fontspec)             this).

\symlegacymaths=\mathgroup4
LaTeX Font Info:    Overwriting symbol font `legacymaths' in version `bold'
(Font)                  OT1/cmr/m/n --> OT1/cmr/bx/n on input line 186.
LaTeX Font Info:    Redeclaring math accent \acute on input line 186.
LaTeX Font Info:    Redeclaring math accent \grave on input line 186.
LaTeX Font Info:    Redeclaring math accent \ddot on input line 186.
LaTeX Font Info:    Redeclaring math accent \tilde on input line 186.
LaTeX Font Info:    Redeclaring math accent \bar on input line 186.
LaTeX Font Info:    Redeclaring math accent \breve on input line 186.
LaTeX Font Info:    Redeclaring math accent \check on input line 186.
LaTeX Font Info:    Redeclaring math accent \hat on input line 186.
LaTeX Font Info:    Redeclaring math accent \dot on input line 186.
LaTeX Font Info:    Redeclaring math accent \mathring on input line 186.
LaTeX Font Info:    Redeclaring math symbol \colon on input line 186.
LaTeX Font Info:    Redeclaring math symbol \Gamma on input line 186.
LaTeX Font Info:    Redeclaring math symbol \Delta on input line 186.
LaTeX Font Info:    Redeclaring math symbol \Theta on input line 186.
LaTeX Font Info:    Redeclaring math symbol \Lambda on input line 186.
LaTeX Font Info:    Redeclaring math symbol \Xi on input line 186.
LaTeX Font Info:    Redeclaring math symbol \Pi on input line 186.
LaTeX Font Info:    Redeclaring math symbol \Sigma on input line 186.
LaTeX Font Info:    Redeclaring math symbol \Upsilon on input line 186.
LaTeX Font Info:    Redeclaring math symbol \Phi on input line 186.
LaTeX Font Info:    Redeclaring math symbol \Psi on input line 186.
LaTeX Font Info:    Redeclaring math symbol \Omega on input line 186.
LaTeX Font Info:    Redeclaring math symbol \mathdollar on input line 186.
LaTeX Font Info:    Redeclaring symbol font `operators' on input line 186.
LaTeX Font Info:    Encoding `OT1' has changed to `TU' for symbol font
(Font)              `operators' in the math version `normal' on input line 186.

LaTeX Font Info:    Overwriting symbol font `operators' in version `normal'
(Font)                  OT1/cmr/m/n --> TU/times(0)/m/n on input line 186.
LaTeX Font Info:    Encoding `OT1' has changed to `TU' for symbol font
(Font)              `operators' in the math version `bold' on input line 186.
LaTeX Font Info:    Overwriting symbol font `operators' in version `bold'
(Font)                  OT1/cmr/bx/n --> TU/times(0)/m/n on input line 186.
LaTeX Font Info:    Overwriting symbol font `operators' in version `normal'
(Font)                  TU/times(0)/m/n --> TU/times(0)/m/n on input line 186.
LaTeX Font Info:    Overwriting math alphabet `\mathit' in version `normal'
(Font)                  OT1/cmr/m/it --> TU/times(0)/m/it on input line 186.
LaTeX Font Info:    Overwriting math alphabet `\mathbf' in version `normal'
(Font)                  OT1/cmr/bx/n --> TU/times(0)/b/n on input line 186.
LaTeX Font Info:    Overwriting math alphabet `\mathsf' in version `normal'
(Font)                  OT1/cmss/m/n --> TU/lmss/m/n on input line 186.
LaTeX Font Info:    Overwriting math alphabet `\mathtt' in version `normal'
(Font)                  OT1/cmtt/m/n --> TU/lmtt/m/n on input line 186.
LaTeX Font Info:    Overwriting symbol font `operators' in version `bold'
(Font)                  TU/times(0)/m/n --> TU/times(0)/b/n on input line 186.
LaTeX Font Info:    Overwriting math alphabet `\mathit' in version `bold'
(Font)                  OT1/cmr/bx/it --> TU/times(0)/b/it on input line 186.
LaTeX Font Info:    Overwriting math alphabet `\mathsf' in version `bold'
(Font)                  OT1/cmss/bx/n --> TU/lmss/b/n on input line 186.
LaTeX Font Info:    Overwriting math alphabet `\mathtt' in version `bold'
(Font)                  OT1/cmtt/m/n --> TU/lmtt/b/n on input line 186.
Package hyperref Info: Link coloring OFF on input line 186.
(./main.out) (./main.out)
\@outlinefile=\write5

\openout5 = main.out

1: section
<Figures/aast.jpg, id=574, 341.3553pt x 327.1422pt>
File: Figures/aast.jpg Graphic file (type jpg)
<use Figures/aast.jpg>
Package luatex.def Info: Figures/aast.jpg  used on input line 194.
(luatex.def)             Requested size: 136.57462pt x 130.8895pt.
LaTeX Font Info:    External font `cmex10' loaded for size
(Font)              <12> on input line 194.
LaTeX Font Info:    External font `cmex10' loaded for size
(Font)              <8> on input line 194.
LaTeX Font Info:    External font `cmex10' loaded for size
(Font)              <6> on input line 194.
[1



{C:/Users/moust/AppData/Local/MiKTeX/fonts/map/pdftex/pdftex.map}<./Figures/aast
.jpg>]
LaTeX Font Info:    External font `cmex10' loaded for size
(Font)              <17.28> on input line 199.

Overfull \hbox (3.6432pt too wide) in paragraph at lines 199--199
|   []   |   []   |   []   |   []   |   []   |   []   |   []   |   []   |   [] 
  |   []   |   []   |   []   |   []   |   []   |   []   |   []   |   []   |   [
]
 []

[1

]
File: Figures/aast.jpg Graphic file (type jpg)
<use Figures/aast.jpg>
Package luatex.def Info: Figures/aast.jpg  used on input line 204.
(luatex.def)             Requested size: 136.57462pt x 130.8895pt.
 [1

]
LaTeX Font Info:    Font shape `TU/times(0)/m/sl' in size <17.28> not available

(Font)              Font shape `TU/times(0)/m/it' tried instead on input line 2
09.
 [1

]
1: section
LaTeX Font Info:    Font shape `TU/times(0)/m/sl' in size <12> not available
(Font)              Font shape `TU/times(0)/m/it' tried instead on input line 2
22.

Package scrlayer-scrpage Warning: \headheight to low.
(scrlayer-scrpage)                At least 17.99445pt needed,
(scrlayer-scrpage)                but only 12.0pt found.
(scrlayer-scrpage)                I'll enlarge \headheight, for further
(scrlayer-scrpage)                processing, but you should do this yourself,
(scrlayer-scrpage)                e.g., setting geometry's option
(scrlayer-scrpage)                `head=17.99445pt'.
(scrlayer-scrpage)                I'll also decrease \topmargin on input line 2
22.


Overfull \vbox (5.99445pt too high) has occurred while \output is active []


[1

]
1: section
[2


] (./main.toc
1: section
[3

] [4] [5])
\tf@toc=\write6

\openout6 = main.toc
 [6] (./main.lof)
\tf@lof=\write7

\openout7 = main.lof

1: section
[7

] (./main.listofabbrev [8

])
\tf@listofabbrev=\write8

\openout8 = main.listofabbrev
 [9]
1: section
Chapter 1.
<Figures/Product/SDV.png, id=842, 1445.4pt x 803.0pt>
File: Figures/Product/SDV.png Graphic file (type png)
<use Figures/Product/SDV.png>
Package luatex.def Info: Figures/Product/SDV.png  used on input line 371.
(luatex.def)             Requested size: 462.53746pt x 256.96526pt.

Overfull \hbox (7.29335pt too wide) in paragraph at lines 371--372
 [][] 
 []

1: section
[1


<./Figures/Product/SDV.png>]
Overfull \hbox (39.34799pt too wide) in paragraph at lines 388--388
|[]| 
 []

[2] [3] [4] [5] [6]
Chapter 2.
1: section
[7

] [8] [9] [10] [11]
<Figures/Architicture/SOAPHEE.jpg, id=888, 282.8166pt x 135.1449pt>
File: Figures/Architicture/SOAPHEE.jpg Graphic file (type jpg)
<use Figures/Architicture/SOAPHEE.jpg>
Package luatex.def Info: Figures/Architicture/SOAPHEE.jpg  used on input line 5
11.
(luatex.def)             Requested size: 424.22385pt x 202.71684pt.
 [12<./Figures/Architicture/SOAPHEE.jpg>]
<Figures/Architicture/SDV_Cloud.jpg, id=893, 2069.48157pt x 987.69pt>
File: Figures/Architicture/SDV_Cloud.jpg Graphic file (type jpg)
<use Figures/Architicture/SDV_Cloud.jpg>
Package luatex.def Info: Figures/Architicture/SDV_Cloud.jpg  used on input line
 526.
(luatex.def)             Requested size: 413.88899pt x 197.5345pt.
 [13<./Figures/Architicture/SDV_Cloud.jpg>] [14] [15]
Chapter 3.
<Figures/Architicture/overview.jpg, id=906, 1211.52625pt x 861.2175pt>
File: Figures/Architicture/overview.jpg Graphic file (type jpg)
<use Figures/Architicture/overview.jpg>
Package luatex.def Info: Figures/Architicture/overview.jpg  used on input line 
573.
(luatex.def)             Requested size: 484.60191pt x 344.4809pt.

Overfull \hbox (29.3578pt too wide) in paragraph at lines 573--574
 [][] 
 []

1: section
[16

<./Figures/Architicture/overview.jpg>] [17] [18]
<Figures/Architicture/micro-services.png, id=920, 492.84125pt x 302.12875pt>
File: Figures/Architicture/micro-services.png Graphic file (type png)
<use Figures/Architicture/micro-services.png>
Package luatex.def Info: Figures/Architicture/micro-services.png  used on input
 line 610.
(luatex.def)             Requested size: 246.42001pt x 151.064pt.
 [19<./Figures/Architicture/micro-services.png>] [20] [21]
Overfull \hbox (0.6678pt too wide) in paragraph at lines 647--648
[]\TU/times(0)/m/n/12 The im-ple-men-ta-tion of this fea-ture in-volves care-ful
 co-or-di-na-tion be-tween the GPS server, MQTT
 []

[22] [23] [24] [25] [26] [27] [28] [29] [30] [31] [32] [33] [34]
<Figures/mobileApp/6.png, id=987, 1084.05pt x 2409.0pt>
File: Figures/mobileApp/6.png Graphic file (type png)
<use Figures/mobileApp/6.png>
Package luatex.def Info: Figures/mobileApp/6.png  used on input line 847.
(luatex.def)             Requested size: 162.60048pt x 361.33441pt.
 [35] [36<./Figures/mobileApp/6.png>]
Chapter 4.

Package hyperref Warning: Difference (2) between bookmark levels is greater 
(hyperref)                than one, level fixed on input line 864.

<Figures/DevOps/DevOps.png, id=997, 1204.5pt x 682.55pt>
File: Figures/DevOps/DevOps.png Graphic file (type png)
<use Figures/DevOps/DevOps.png>
Package luatex.def Info: Figures/DevOps/DevOps.png  used on input line 869.
(luatex.def)             Requested size: 361.35278pt x 204.76657pt.
1: section
[37

<./Figures/DevOps/DevOps.png>]
Overfull \hbox (6.4512pt too wide) in paragraph at lines 888--889
[]\TU/times(0)/m/n/12 Col-lab-o-ra-tion: De-vOps em-pha-sizes the col-lab-o-ra-t
ion be-tween de-vel-op-ment and op-er-a-tions teams.
 []

[38]
Overfull \hbox (1.13675pt too wide) in paragraph at lines 902--903
[]\TU/times(0)/m/n/12 Mon-i-tor-ing and Feed-back: De-vOps em-pha-sizes con-tin-
u-ous mon-i-tor-ing of soft-ware per-for-mance,
 []

[39] [40] [41]
<Figures/Architicture/routing.png, id=1020, 2068.72874pt x 548.0475pt>
File: Figures/Architicture/routing.png Graphic file (type png)
<use Figures/Architicture/routing.png>
Package luatex.def Info: Figures/Architicture/routing.png  used on input line 9
47.
(luatex.def)             Requested size: 413.73842pt x 109.60754pt.
 [42<./Figures/Architicture/routing.png>] [43]
<Figures/database/postgreSQL.png, id=1030, 221.82875pt x 228.855pt>
File: Figures/database/postgreSQL.png Graphic file (type png)
<use Figures/database/postgreSQL.png>
Package luatex.def Info: Figures/database/postgreSQL.png  used on input line 98
8.
(luatex.def)             Requested size: 110.9141pt x 114.42722pt.
 [44<./Figures/database/postgreSQL.png>]
<Figures/Backend/asp-net-core.png, id=1036, 225.84375pt x 225.84375pt>
File: Figures/Backend/asp-net-core.png Graphic file (type png)
<use Figures/Backend/asp-net-core.png>
Package luatex.def Info: Figures/Backend/asp-net-core.png  used on input line 1
012.
(luatex.def)             Requested size: 112.92159pt x 112.92159pt.
 [45<./Figures/Backend/asp-net-core.png>]
<Figures/FrontEnd/MobileApplication/flutter.png, id=1042, 513.92pt x 513.92pt>
File: Figures/FrontEnd/MobileApplication/flutter.png Graphic file (type png)
<use Figures/FrontEnd/MobileApplication/flutter.png>
Package luatex.def Info: Figures/FrontEnd/MobileApplication/flutter.png  used o
n input line 1042.
(luatex.def)             Requested size: 256.95937pt x 256.95937pt.
 [46<./Figures/FrontEnd/MobileApplication/flutter.png>]
<Figures/FrontEnd/AdminConsole/angular.png, id=1048, 225.84375pt x 225.84375pt>

File: Figures/FrontEnd/AdminConsole/angular.png Graphic file (type png)
<use Figures/FrontEnd/AdminConsole/angular.png>
Package luatex.def Info: Figures/FrontEnd/AdminConsole/angular.png  used on inp
ut line 1076.
(luatex.def)             Requested size: 112.92159pt x 112.92159pt.
 [47] [48<./Figures/FrontEnd/AdminConsole/angular.png>]
<Figures/DevOps/docker.png, id=1059, 243.91125pt x 208.78pt>
File: Figures/DevOps/docker.png Graphic file (type png)
<use Figures/DevOps/docker.png>
Package luatex.def Info: Figures/DevOps/docker.png  used on input line 1101.
(luatex.def)             Requested size: 121.95532pt x 104.38972pt.
 [49<./Figures/DevOps/docker.png>] [50]
<Figures/Backend/EMQX.png, id=1069, 210.7875pt x 80.3pt>
File: Figures/Backend/EMQX.png Graphic file (type png)
<use Figures/Backend/EMQX.png>
Package luatex.def Info: Figures/Backend/EMQX.png  used on input line 1130.
(luatex.def)             Requested size: 105.3935pt x 40.14989pt.

Overfull \hbox (1.8309pt too wide) in paragraph at lines 1144--1145
\TU/times(0)/m/n/12 also pro-vides au-then-ti-ca-tion and au-tho-riza-tion mech-
a-nisms, in-clud-ing user-name/password-based
 []

[51<./Figures/Backend/EMQX.png>]
Overfull \hbox (3.86996pt too wide) in paragraph at lines 1160--1161
[]\TU/times(0)/m/n/12 Por-tainer sup-ports multi-host en-vi-ron-ments, al-low-in
g users to man-age Docker in-stal-la-tions across
 []


Overfull \hbox (0.39522pt too wide) in paragraph at lines 1160--1161
\TU/times(0)/m/n/12 dif-fer-ent ma-chines from a sin-gle Por-tainer in-stance. 
It pro-vides seam-less in-te-gra-tion with Docker
 []

[52]
<Figures/Backend/nginx.png, id=1079, 209.78375pt x 242.9075pt>
File: Figures/Backend/nginx.png Graphic file (type png)
<use Figures/Backend/nginx.png>
Package luatex.def Info: Figures/Backend/nginx.png  used on input line 1175.
(luatex.def)             Requested size: 104.8916pt x 121.45345pt.
 [53<./Figures/Backend/nginx.png>]
<Figures/DevOps/jenkins.png, id=1085, 191.71625pt x 264.99pt>
File: Figures/DevOps/jenkins.png Graphic file (type png)
<use Figures/DevOps/jenkins.png>
Package luatex.def Info: Figures/DevOps/jenkins.png  used on input line 1198.
(luatex.def)             Requested size: 95.85788pt x 132.49467pt.
 [54<./Figures/DevOps/jenkins.png>]
[55]
<Figures/DevOps/GIT.png, id=1095, 384.43625pt x 384.43625pt>
File: Figures/DevOps/GIT.png Graphic file (type png)
<use Figures/DevOps/GIT.png>
Package luatex.def Info: Figures/DevOps/GIT.png  used on input line 1224.
(luatex.def)             Requested size: 192.21765pt x 192.21765pt.
 [56<./Figures/DevOps/GIT.png>] [57]
<Figures/DevOps/linux.jpeg, id=1105, 206.7725pt x 244.915pt>
File: Figures/DevOps/linux.jpeg Graphic file (type jpg)
<use Figures/DevOps/linux.jpeg>
Package luatex.def Info: Figures/DevOps/linux.jpeg  used on input line 1251.
(luatex.def)             Requested size: 103.38599pt x 122.45718pt.
 [58<./Figures/DevOps/linux.jpeg>]
[59] [60]
<Figures/mobileApp/1.png, id=1119, 277.911pt x 261.486pt>
File: Figures/mobileApp/1.png Graphic file (type png)
<use Figures/mobileApp/1.png>
Package luatex.def Info: Figures/mobileApp/1.png  used on input line 1309.
(luatex.def)             Requested size: 277.91031pt x 261.48534pt.

Overfull \hbox (5.69882pt too wide) in paragraph at lines 1317--1318
[]\TU/times(0)/m/n/12 The back-end in-cludes an end-point /au-then-ti-ca-tion
/mo-bile/lo-gin that ac-cepts a POST
 []

[61] [62<./Figures/mobileApp/1.png>]
Overfull \hbox (1.78456pt too wide) in paragraph at lines 1341--1342
[]\TU/times(0)/m/n/12 Af-ter suc-cess-ful scan-ning, the sec-ondary de-vice make
s a POST re-quest to the servers
 []

<Figures/mobileApp/2.png, id=1131, 372.519pt x 325.653pt>
File: Figures/mobileApp/2.png Graphic file (type png)
<use Figures/mobileApp/2.png>
Package luatex.def Info: Figures/mobileApp/2.png  used on input line 1348.
(luatex.def)             Requested size: 372.51808pt x 325.6522pt.
[63]
Overfull \hbox (4.7872pt too wide) in paragraph at lines 1358--1359
[]\TU/times(0)/m/n/12 The back-end in-cludes an end-point /au-then-ti-ca-tion
/mo-bile/shareAc-cess/re-quest
 []


Overfull \hbox (2.80673pt too wide) in paragraph at lines 1365--1366
[]\TU/times(0)/m/n/12 The back-end in-cludes an end-point /au-then-ti-ca-tion
/mo-bile/shareAc-cess/sub-mit
 []

[64<./Figures/mobileApp/2.png>] [65]
<Figures/Architicture/tcu_register.drawio.png, id=1147, 767.86874pt x 354.32375
pt>
File: Figures/Architicture/tcu_register.drawio.png Graphic file (type png)
<use Figures/Architicture/tcu_register.drawio.png>
Package luatex.def Info: Figures/Architicture/tcu_register.drawio.png  used on 
input line 1395.
(luatex.def)             Requested size: 383.93343pt x 177.16144pt.
 [66]
<Figures/Architicture/tcu_auth.png, id=1152, 742.9356pt x 774.7344pt>
File: Figures/Architicture/tcu_auth.png Graphic file (type png)
<use Figures/Architicture/tcu_auth.png>
Package luatex.def Info: Figures/Architicture/tcu_auth.png  used on input line 
1407.
(luatex.def)             Requested size: 371.46689pt x 387.36626pt.
 [67<./Figures/Architicture/tcu_register.drawio.png>] [68<./Figures/Architicture
/tcu_auth.png>]
Overfull \hbox (3.33302pt too wide) in paragraph at lines 1451--1452
[]\TU/times(0)/m/n/12 Fire-base Cloud Mes-sag-ing (FCM) is an open-source cloud mes-sag-ing ser-vice pro-vided by Google
 []

<Figures/Architicture/fcm.jpeg, id=1167, 839.135pt x 394.47375pt>
File: Figures/Architicture/fcm.jpeg Graphic file (type jpg)
<use Figures/Architicture/fcm.jpeg>
Package luatex.def Info: Figures/Architicture/fcm.jpeg  used on input line 1455
.
(luatex.def)             Requested size: 335.64804pt x 157.7867pt.
[69]
<Figures/mobileApp/3.png, id=1179, 167.2065pt x 371.862pt>
File: Figures/mobileApp/3.png Graphic file (type png)
<use Figures/mobileApp/3.png>
Package luatex.def Info: Figures/mobileApp/3.png  used on input line 1474.
(luatex.def)             Requested size: 167.20609pt x 371.86108pt.
 [70<./Figures/Architicture/fcm.jpeg>] [71<./Figures/mobileApp/3.png>]
[72] [73] [74]
Chapter 5.
<Figures/Architicture/mqtt.png, id=1201, 548.0475pt x 478.78876pt>
File: Figures/Architicture/mqtt.png Graphic file (type png)
<use Figures/Architicture/mqtt.png>
Package luatex.def Info: Figures/Architicture/mqtt.png  used on input line 1539
.
(luatex.def)             Requested size: 274.02307pt x 239.39378pt.
1: section
[75

<./Figures/Architicture/mqtt.png>] [76] [77]
<Figures/FrontEnd/AdminConsole/add.PNG, id=1215, 1016.29688pt x 472.01344pt>
File: Figures/FrontEnd/AdminConsole/add.PNG Graphic file (type png)
<use Figures/FrontEnd/AdminConsole/add.PNG>
Package luatex.def Info: Figures/FrontEnd/AdminConsole/add.PNG  used on input l
ine 1583.
(luatex.def)             Requested size: 406.51155pt x 188.80202pt.
<Figures/FrontEnd/AdminConsole/configure.PNG, id=1216, 1028.34187pt x 473.51906
pt>
File: Figures/FrontEnd/AdminConsole/configure.PNG Graphic file (type png)
<use Figures/FrontEnd/AdminConsole/configure.PNG>
Package luatex.def Info: Figures/FrontEnd/AdminConsole/configure.PNG  used on i
nput line 1590.
(luatex.def)             Requested size: 411.32947pt x 189.40425pt.
<Figures/mobileApp/5.png, id=1217, 1084.05pt x 2409.0pt>
File: Figures/mobileApp/5.png Graphic file (type png)
<use Figures/mobileApp/5.png>
Package luatex.def Info: Figures/mobileApp/5.png  used on input line 1601.
(luatex.def)             Requested size: 162.60048pt x 361.33441pt.
 [78<./Figures/FrontEnd/AdminConsole/add.PNG><./Figures/FrontEnd/AdminConsole/co
nfigure.PNG>] [79<./Figures/mobileApp/5.png>]
Chapter 6.
1: section
[80

] [81]
Overfull \hbox (0.71704pt too wide) in paragraph at lines 1642--1642
[]\TU/times(0)/m/n/12 Matt Spencer, \TU/times(0)/m/it/12 Scal-able Open Ar-chi-t
ec-ture for Em-bed-ded Edge project\TU/times(0)/m/n/12 , 2021, \TU/times(0)/m/s
c/12 \TU/times(0)/m/n/12 : []$\TU/lmtt/m/n/12 https :
 []


Overfull \hbox (3.01956pt too wide) in paragraph at lines 1642--1642
\TU/times(0)/m/it/12 ing a Plat-form for Software-defined Ve-hi-cles with Con-ti
-nen-tal Au-to-mo-tive Edge (CAEdge)\TU/times(0)/m/n/12 ,
 []

[82]
Appendix A.

Overfull \hbox (1.74092pt too wide) in paragraph at lines 1651--1652
\TU/times(0)/m/n/12 num-bers. The al-go-rithm uti-lizes mod-u-lar ex-po-nen-ti-a
-tion and num-ber the-ory prin-ci-ples to achieve
 []

1: section
[83

]
Appendix B.
1: section
[84

] [85]
LaTeX Font Info:    Font shape `TU/Arial(0)/b/n' will be
(Font)              scaled to size 20.73593pt on input line 1681.
LaTeX Font Info:    Font shape `TU/Arial(0)/m/n' will be
(Font)              scaled to size 14.39996pt on input line 1681.

1: section
[86

] (./main.aux)
 ***********
LaTeX2e <2023-06-01> patch level 1
L3 programming layer <2020/03/25>
 ***********


LaTeX Warning: There were undefined references.

Package rerunfilecheck Info: File `main.out' has not changed.
(rerunfilecheck)             Checksum: EE67FAD216D6FE42F19D2FC814C17EDF;21685.

Package biblatex Warning: Please (re)run BibTeX on the file(s):
(biblatex)                main
(biblatex)                and rerun LaTeX afterwards.

Package logreq Info: Writing requests to 'main.run.xml'.

\openout1 = main.run.xml
)

Here is how much of LuaTeX's memory you used:
 42798 strings out of 478031
 125056,1977958 words of node,token memory allocated
 875 words of node memory still in use:
   3 hlist, 1 vlist, 1 rule, 16 dir, 2 glue, 3 kern, 1 glyph, 19 attribute, 106 
glue_spec, 19 attribute_list, 2 write, 6 pdf_action nodes
   avail lists: 1:7,2:1489,3:451,4:94,5:263,6:274,7:7960,8:134,9:1612,10:14,11:8
29
 62090 multiletter control sequences out of 65536+600000
 69 fonts using 25010535 bytes
 96i,20n,89p,1923b,1343s stack positions out of 10000i,1000n,20000p,200000b,200000s
<C:/Windows/Fonts/arial.ttf><C:/Windows/Fonts/arialbd.ttf><//?/c:/program files/
miktex/fonts/opentype/public/lm/lmmono12-regular.otf><//?/c:/windows/fonts/times
i.ttf><//?/c:/windows/fonts/times.ttf><//?/c:/windows/fonts/timesbd.ttf><C:/Prog
ram Files/MiKTeX/fonts/type1/public/amsfonts/cm/cmmi12.pfb><C:/Program Files/MiK
TeX/fonts/type1/public/amsfonts/cm/cmmi8.pfb><C:/Program Files/MiKTeX/fonts/type
1/public/amsfonts/cm/cmr12.pfb>
Output written on main.pdf (99 pages, 3953705 bytes).

PDF statistics: 1338 PDF objects out of 1440 (max. 8388607)
 291 named destinations out of 1000 (max. 131072)
 1152 words of extra memory for PDF output out of 10000 (max. 100000000)

