\BOOKMARK [0][-]{section*.7}{\376\377\000A\000c\000k\000n\000o\000w\000l\000e\000d\000g\000m\000e\000n\000t\000s}{}% 1
\BOOKMARK [0][-]{section*.9}{\376\377\000A\000b\000s\000t\000r\000a\000c\000t}{}% 2
\BOOKMARK [0][-]{section*.10}{\376\377\000L\000i\000s\000t\000\040\000o\000f\000\040\000F\000i\000g\000u\000r\000e\000s}{}% 3
\BOOKMARK [0][-]{section*.11}{\376\377\000L\000i\000s\000t\000\040\000o\000f\000\040\000A\000b\000b\000r\000e\000v\000i\000a\000t\000i\000o\000n\000s}{}% 4
\BOOKMARK [0][-]{chapter.12}{\376\377\000I\000n\000t\000r\000o\000d\000u\000c\000t\000i\000o\000n}{}% 5
\BOOKMARK [1][-]{section.13}{\376\377\000w\000h\000a\000t\000\040\000i\000s\000\040\000a\000\040\000s\000o\000f\000t\000w\000a\000r\000e\000\040\000d\000e\000f\000i\000n\000e\000d\000\040\000v\000e\000h\000i\000c\000l\000e\000\040\000?}{chapter.12}% 6
\BOOKMARK [1][-]{section.15}{\376\377\000I\000m\000p\000o\000r\000t\000a\000n\000c\000e\000\040\000o\000f\000\040\000c\000l\000o\000u\000d\000\040\000d\000e\000v\000e\000l\000o\000p\000m\000e\000n\000t\000\040\000f\000o\000r\000\040\000c\000r\000e\000a\000t\000i\000n\000g\000\040\000S\000D\000V\000s}{chapter.12}% 7
\BOOKMARK [1][-]{section.16}{\376\377\000M\000o\000t\000i\000v\000a\000t\000i\000o\000n}{chapter.12}% 8
\BOOKMARK [1][-]{section.17}{\376\377\000D\000e\000f\000i\000n\000i\000t\000i\000o\000n\000\040\000a\000n\000d\000\040\000p\000u\000r\000p\000o\000s\000e}{chapter.12}% 9
\BOOKMARK [2][-]{subsection.18}{\376\377\000D\000e\000f\000i\000n\000i\000t\000i\000o\000n}{section.17}% 10
\BOOKMARK [2][-]{subsection.19}{\376\377\000P\000u\000r\000p\000o\000s\000e}{section.17}% 11
\BOOKMARK [1][-]{section.20}{\376\377\000P\000r\000o\000b\000l\000e\000m\000\040\000S\000t\000a\000t\000e\000m\000e\000n\000t}{chapter.12}% 12
\BOOKMARK [2][-]{subsection.21}{\376\377\000S\000a\000f\000e\000t\000y\000\040\000a\000n\000d\000\040\000S\000e\000c\000u\000r\000i\000t\000y}{section.20}% 13
\BOOKMARK [2][-]{subsection.22}{\376\377\000S\000t\000a\000n\000d\000a\000r\000d\000i\000z\000a\000t\000i\000o\000n\000\040\000a\000n\000d\000\040\000I\000n\000t\000e\000r\000o\000p\000e\000r\000a\000b\000i\000l\000i\000t\000y}{section.20}% 14
\BOOKMARK [2][-]{subsection.23}{\376\377\000E\000t\000h\000i\000c\000a\000l\000\040\000a\000n\000d\000\040\000L\000e\000g\000a\000l\000\040\000I\000m\000p\000l\000i\000c\000a\000t\000i\000o\000n\000s}{section.20}% 15
\BOOKMARK [2][-]{subsection.24}{\376\377\000U\000s\000e\000r\000\040\000A\000c\000c\000e\000p\000t\000a\000n\000c\000e\000\040\000a\000n\000d\000\040\000T\000r\000u\000s\000t}{section.20}% 16
\BOOKMARK [2][-]{subsection.25}{\376\377\000I\000n\000f\000r\000a\000s\000t\000r\000u\000c\000t\000u\000r\000e\000\040\000R\000e\000a\000d\000i\000n\000e\000s\000s}{section.20}% 17
\BOOKMARK [0][-]{chapter.26}{\376\377\000L\000i\000t\000e\000r\000a\000t\000u\000r\000e\000\040\000S\000u\000r\000v\000e\000y\000\040\000a\000n\000d\000\040\000B\000a\000c\000k\000g\000r\000o\000u\000n\000d}{}% 18
\BOOKMARK [1][-]{section.27}{\376\377\000B\000r\000i\000e\000f\000\040\000h\000i\000s\000t\000o\000r\000y\000\040\000o\000f\000\040\000S\000o\000f\000t\000w\000a\000r\000e\000\040\000d\000e\000f\000i\000n\000e\000d\000\040\000v\000e\000h\000i\000c\000l\000e\000s}{chapter.26}% 19
\BOOKMARK [1][-]{section.28}{\376\377\000I\000n\000t\000e\000r\000e\000s\000t\000e\000d\000\040\000c\000o\000m\000p\000a\000n\000i\000e\000s\000\040\000i\000n\000\040\000S\000D\000V}{chapter.26}% 20
\BOOKMARK [2][-]{subsection.29}{\376\377\000F\000o\000r\000d}{section.28}% 21
\BOOKMARK [2][-]{subsection.30}{\376\377\000B\000M\000W}{section.28}% 22
\BOOKMARK [2][-]{subsection.31}{\376\377\000T\000o\000y\000o\000t\000a}{section.28}% 23
\BOOKMARK [2][-]{subsection.32}{\376\377\000V\000o\000l\000k\000s\000w\000a\000g\000e\000n}{section.28}% 24
\BOOKMARK [2][-]{subsection.33}{\376\377\000N\000V\000I\000D\000I\000A}{section.28}% 25
\BOOKMARK [2][-]{subsection.34}{\376\377\000T\000e\000s\000l\000a}{section.28}% 26
\BOOKMARK [1][-]{section.35}{\376\377\000I\000n\000i\000t\000i\000a\000t\000i\000v\000e\000s\000\040\000a\000n\000d\000\040\000a\000l\000l\000i\000a\000n\000c\000e\000s\000\040\000t\000h\000a\000t\000\040\000w\000o\000r\000k\000\040\000i\000n\000\040\000S\000D\000V}{chapter.26}% 27
\BOOKMARK [2][-]{subsection.36}{\376\377\000E\000s\000y\000n\000c\000\040\000a\000l\000l\000i\000a\000n\000c\000e}{section.35}% 28
\BOOKMARK [2][-]{subsection.37}{\376\377\000C\000o\000v\000e\000s\000a\000\040\000I\000n\000i\000t\000i\000a\000t\000i\000v\000e}{section.35}% 29
\BOOKMARK [1][-]{section.38}{\376\377\000K\000n\000o\000w\000n\000\040\000p\000r\000o\000p\000o\000s\000e\000d\000\040\000a\000r\000c\000h\000i\000t\000e\000c\000t\000u\000r\000e\000s}{chapter.26}% 30
\BOOKMARK [2][-]{subsection.39}{\376\377\000S\000O\000A\000F\000E\000E\000\040\000a\000r\000c\000h\000i\000t\000i\000c\000t\000u\000r\000e}{section.38}% 31
\BOOKMARK [2][-]{subsection.41}{\376\377\000A\000W\000S\000\040\000C\000A\000E\000d\000g\000e\000\040\000a\000r\000c\000h\000i\000t\000i\000c\000t\000u\000r\000e}{section.38}% 32
\BOOKMARK [1][-]{section.43}{\376\377\000U\000s\000e\000d\000\040\000s\000t\000a\000n\000d\000a\000r\000d\000s}{chapter.26}% 33
\BOOKMARK [2][-]{subsection.44}{\376\377\000U\000N\000\040\000R\0001\0005\0005}{section.43}% 34
\BOOKMARK [2][-]{subsection.45}{\376\377\000U\000N\000\040\000R\0001\0005\0006}{section.43}% 35
\BOOKMARK [0][-]{chapter.46}{\376\377\000S\000o\000l\000u\000t\000i\000o\000n\000\040\000A\000r\000c\000h\000i\000t\000e\000c\000t\000u\000r\000e}{}% 36
\BOOKMARK [1][-]{section.47}{\376\377\000A\000r\000c\000h\000i\000t\000e\000c\000t\000u\000r\000e\000\040\000o\000v\000e\000r\000v\000i\000e\000w}{chapter.46}% 37
\BOOKMARK [2][-]{subsection.49}{\376\377\000D\000a\000t\000a\000b\000a\000s\000e\000\040\000C\000e\000n\000t\000e\000r}{section.47}% 38
\BOOKMARK [2][-]{subsection.50}{\376\377\000S\000c\000a\000l\000a\000b\000l\000e\000\040\000C\000o\000m\000p\000u\000t\000e\000\040\000p\000l\000a\000t\000f\000o\000r\000m}{section.47}% 39
\BOOKMARK [2][-]{subsection.51}{\376\377\000V\000e\000h\000i\000c\000l\000e\000\040\000s\000i\000g\000n\000a\000l\000i\000n\000g\000\040\000s\000y\000s\000t\000e\000m}{section.47}% 40
\BOOKMARK [2][-]{subsection.52}{\376\377\000A\000u\000t\000o\000m\000o\000t\000i\000v\000e\000\040\000S\000W\000\040\000p\000l\000a\000t\000f\000o\000r\000m}{section.47}% 41
\BOOKMARK [2][-]{subsection.53}{\376\377\000D\000e\000v\000O\000p\000s\000\040\000W\000o\000r\000k\000\040\000B\000e\000n\000c\000h}{section.47}% 42
\BOOKMARK [1][-]{section.54}{\376\377\000A\000r\000c\000h\000i\000t\000e\000c\000t\000u\000r\000a\000l\000\040\000s\000t\000y\000l\000e}{chapter.46}% 43
\BOOKMARK [1][-]{section.56}{\376\377\000A\000r\000c\000h\000i\000t\000e\000c\000t\000u\000r\000e\000\040\000c\000o\000m\000p\000o\000n\000e\000n\000t\000s}{chapter.46}% 44
\BOOKMARK [2][-]{subsection.57}{\376\377\000S\000c\000a\000l\000a\000b\000l\000e\000\040\000C\000o\000m\000p\000u\000t\000e\000\040\000p\000l\000a\000t\000f\000o\000r\000m}{section.56}% 45
\BOOKMARK [3][-]{subsubsection*.58}{\376\377\000L\000o\000c\000a\000t\000i\000o\000n\000\040\000l\000i\000v\000e\000\040\000t\000r\000a\000c\000k\000i\000n\000g}{subsection.57}% 46
\BOOKMARK [3][-]{subsubsection*.59}{\376\377\000n\000o\000t\000i\000f\000i\000c\000a\000t\000i\000o\000n\000s\000\040\000a\000n\000d\000\040\000a\000l\000e\000r\000t\000s}{subsection.57}% 47
\BOOKMARK [3][-]{subsubsection*.60}{\376\377\000A\000u\000t\000h\000e\000n\000t\000i\000c\000a\000t\000i\000o\000n\000\040\000s\000y\000s\000t\000e\000m}{subsection.57}% 48
\BOOKMARK [2][-]{subsection.61}{\376\377\000V\000e\000h\000i\000c\000l\000e\000\040\000s\000i\000g\000n\000a\000l\000i\000n\000g\000\040\000s\000y\000s\000t\000e\000m}{section.56}% 49
\BOOKMARK [3][-]{subsubsection*.62}{\376\377\000S\000o\000f\000t\000w\000a\000r\000e\000\040\000d\000e\000f\000i\000n\000e\000d\000\040\000n\000e\000t\000w\000o\000r\000k\000s}{subsection.61}% 50
\BOOKMARK [3][-]{subsubsection*.63}{\376\377\000M\000Q\000T\000T\000\040\000p\000r\000o\000t\000o\000c\000o\000l}{subsection.61}% 51
\BOOKMARK [3][-]{subsubsection*.64}{\376\377\000M\000Q\000T\000T\000\040\000a\000r\000c\000h\000i\000t\000e\000c\000t\000u\000r\000e}{subsection.61}% 52
\BOOKMARK [3][-]{subsubsection*.65}{\376\377\000P\000u\000b\000l\000i\000s\000h\000e\000r\000s}{subsection.61}% 53
\BOOKMARK [3][-]{subsubsection*.66}{\376\377\000S\000u\000b\000s\000c\000r\000i\000b\000e\000r\000s}{subsection.61}% 54
\BOOKMARK [3][-]{subsubsection*.67}{\376\377\000B\000r\000o\000k\000e\000r\000s}{subsection.61}% 55
\BOOKMARK [3][-]{subsubsection*.68}{\376\377\000T\000o\000p\000i\000c\000s}{subsection.61}% 56
\BOOKMARK [2][-]{subsection.69}{\376\377\000A\000u\000t\000o\000m\000o\000t\000i\000v\000e\000\040\000S\000W\000\040\000p\000l\000a\000t\000f\000o\000r\000m}{section.56}% 57
\BOOKMARK [3][-]{subsubsection*.70}{\376\377\000S\000o\000u\000r\000c\000e\000\040\000a\000n\000d\000\040\000V\000e\000r\000s\000i\000o\000n\000\040\000C\000o\000n\000t\000r\000o\000l}{subsection.69}% 58
\BOOKMARK [3][-]{subsubsection*.71}{\376\377\000A\000p\000p\000l\000i\000c\000a\000t\000i\000o\000n\000\040\000c\000o\000n\000t\000a\000i\000n\000e\000r\000i\000z\000a\000t\000i\000o\000n}{subsection.69}% 59
\BOOKMARK [3][-]{subsubsection*.72}{\376\377\000C\000o\000n\000t\000a\000i\000n\000e\000r\000\040\000r\000e\000g\000i\000s\000t\000r\000y}{subsection.69}% 60
\BOOKMARK [3][-]{subsubsection*.73}{\376\377\000S\000U\000M\000S\000\040\000a\000g\000e\000n\000t}{subsection.69}% 61
\BOOKMARK [3][-]{subsubsection*.74}{\376\377\000A\000d\000m\000i\000n\000\040\000C\000o\000n\000s\000o\000l\000e}{subsection.69}% 62
\BOOKMARK [1][-]{section.75}{\376\377\000I\000n\000t\000e\000r\000f\000a\000c\000i\000n\000g}{chapter.46}% 63
\BOOKMARK [2][-]{subsection.76}{\376\377\000A\000d\000m\000i\000n\000\040\000c\000o\000n\000s\000o\000l\000e\000\040\000i\000n\000t\000e\000r\000f\000a\000c\000e}{section.75}% 64
\BOOKMARK [2][-]{subsection.77}{\376\377\000M\000o\000b\000i\000l\000e\000\040\000a\000p\000p\000l\000i\000c\000a\000t\000i\000o\000n\000\040\000i\000n\000t\000e\000r\000f\000a\000c\000e}{section.75}% 65
\BOOKMARK [0][-]{chapter.79}{\376\377\000I\000m\000p\000l\000e\000m\000e\000n\000t\000a\000t\000i\000o\000n}{}% 66
\BOOKMARK [1][-]{section.80}{\376\377\000D\000e\000v\000e\000l\000o\000p\000m\000e\000n\000t\000\040\000m\000o\000d\000e\000l}{chapter.79}% 67
\BOOKMARK [2][-]{subsubsection*.81}{\376\377\000I\000n\000t\000r\000o\000d\000u\000c\000t\000i\000o\000n}{section.80}% 68
\BOOKMARK [3][-]{subsubsection*.83}{\376\377\000D\000e\000v\000O\000p\000s\000\040\000d\000e\000v\000e\000l\000o\000p\000m\000e\000n\000t\000\040\000s\000t\000e\000p\000s}{subsubsection*.81}% 69
\BOOKMARK [3][-]{subsubsection*.84}{\376\377\000W\000h\000y\000\040\000u\000s\000e\000\040\000t\000h\000e\000\040\000D\000e\000v\000O\000p\000s\000\040\000m\000o\000d\000e\000l}{subsubsection*.81}% 70
\BOOKMARK [1][-]{section.85}{\376\377\000I\000n\000f\000r\000a\000s\000t\000r\000u\000c\000t\000u\000r\000e}{chapter.79}% 71
\BOOKMARK [2][-]{subsection.86}{\376\377\000o\000v\000e\000r\000v\000i\000e\000w}{section.85}% 72
\BOOKMARK [2][-]{subsection.87}{\376\377\000R\000e\000q\000u\000e\000s\000t\000\040\000r\000o\000u\000t\000i\000n\000g}{section.85}% 73
\BOOKMARK [2][-]{subsection.89}{\376\377\000C\000o\000n\000t\000i\000n\000u\000o\000u\000s\000\040\000i\000n\000t\000e\000g\000r\000a\000t\000i\000o\000n\000\040\000a\000n\000d\000\040\000d\000e\000p\000l\000o\000y\000m\000e\000n\000t}{section.85}% 74
\BOOKMARK [1][-]{section.90}{\376\377\000T\000o\000o\000l\000s\000\040\000a\000n\000d\000\040\000f\000r\000a\000m\000e\000w\000o\000r\000k\000s}{chapter.79}% 75
\BOOKMARK [2][-]{subsection.91}{\376\377\000P\000o\000s\000t\000g\000r\000e\000S\000Q\000L}{section.90}% 76
\BOOKMARK [3][-]{subsubsection*.92}{\376\377\000W\000h\000a\000t\000\040\000i\000s\000\040\000p\000o\000s\000t\000g\000r\000e\000S\000Q\000L}{subsection.91}% 77
\BOOKMARK [3][-]{subsubsection*.94}{\376\377\000w\000h\000y\000\040\000P\000o\000s\000t\000g\000r\000e\000S\000Q\000L\000?}{subsection.91}% 78
\BOOKMARK [2][-]{subsection.95}{\376\377\000.\000N\000E\000T\000\040\000C\000o\000r\000e}{section.90}% 79
\BOOKMARK [3][-]{subsubsection*.96}{\376\377\000W\000h\000a\000t\000\040\000i\000s\000\040\000.\000N\000E\000T\000\040\000C\000o\000r\000e}{subsection.95}% 80
\BOOKMARK [3][-]{subsubsection*.98}{\376\377\000W\000h\000y\000\040\000.\000N\000E\000T\000\040\0006\000?}{subsection.95}% 81
\BOOKMARK [2][-]{subsection.99}{\376\377\000F\000l\000u\000t\000t\000e\000r}{section.90}% 82
\BOOKMARK [3][-]{subsubsection*.100}{\376\377\000W\000h\000a\000t\000\040\000i\000s\000\040\000F\000l\000u\000t\000t\000e\000r}{subsection.99}% 83
\BOOKMARK [3][-]{subsubsection*.102}{\376\377\000w\000h\000y\000\040\000F\000l\000u\000t\000t\000e\000r\000?}{subsection.99}% 84
\BOOKMARK [2][-]{subsection.103}{\376\377\000A\000n\000g\000u\000l\000a\000r}{section.90}% 85
\BOOKMARK [3][-]{subsubsection*.104}{\376\377\000W\000h\000a\000t\000\040\000i\000s\000\040\000A\000n\000g\000u\000l\000a\000r}{subsection.103}% 86
\BOOKMARK [3][-]{subsubsection*.106}{\376\377\000W\000h\000y\000\040\000A\000n\000g\000u\000l\000a\000r\000?}{subsection.103}% 87
\BOOKMARK [2][-]{subsection.107}{\376\377\000D\000o\000c\000k\000e\000r}{section.90}% 88
\BOOKMARK [3][-]{subsubsection*.108}{\376\377\000W\000h\000a\000t\000\040\000i\000s\000\040\000D\000o\000c\000k\000e\000r}{subsection.107}% 89
\BOOKMARK [3][-]{subsubsection*.110}{\376\377\000W\000h\000y\000\040\000u\000s\000e\000\040\000d\000o\000c\000k\000e\000r\000\040\000?}{subsection.107}% 90
\BOOKMARK [2][-]{subsection.111}{\376\377\000E\000M\000Q\000X}{section.90}% 91
\BOOKMARK [3][-]{subsubsection*.112}{\376\377\000W\000h\000a\000t\000\040\000i\000s\000\040\000E\000M\000Q\000X}{subsection.111}% 92
\BOOKMARK [3][-]{subsubsection*.114}{\376\377\000W\000h\000y\000\040\000u\000s\000e\000\040\000E\000M\000Q\000X\000\040\000?}{subsection.111}% 93
\BOOKMARK [2][-]{subsection.115}{\376\377\000P\000o\000r\000t\000a\000i\000n\000e\000r}{section.90}% 94
\BOOKMARK [3][-]{subsubsection*.116}{\376\377\000W\000h\000a\000t\000\040\000i\000s\000\040\000p\000o\000r\000t\000a\000i\000n\000e\000r}{subsection.115}% 95
\BOOKMARK [3][-]{subsubsection*.117}{\376\377\000W\000h\000y\000\040\000P\000o\000r\000t\000a\000i\000n\000e\000r\000\040\000?}{subsection.115}% 96
\BOOKMARK [2][-]{subsection.118}{\376\377\000N\000G\000I\000N\000X}{section.90}% 97
\BOOKMARK [3][-]{subsubsection*.119}{\376\377\000W\000h\000a\000t\000\040\000i\000s\000\040\000N\000G\000I\000N\000X}{subsection.118}% 98
\BOOKMARK [3][-]{subsubsection*.121}{\376\377\000W\000h\000y\000\040\000N\000G\000I\000N\000X\000\040\000?}{subsection.118}% 99
\BOOKMARK [2][-]{subsection.122}{\376\377\000J\000e\000n\000k\000i\000n\000s}{section.90}% 100
\BOOKMARK [3][-]{subsubsection*.123}{\376\377\000W\000h\000a\000t\000\040\000i\000s\000\040\000J\000e\000n\000k\000i\000n\000s}{subsection.122}% 101
\BOOKMARK [3][-]{subsubsection*.125}{\376\377\000W\000h\000y\000\040\000J\000e\000n\000k\000i\000n\000s\000\040\000?}{subsection.122}% 102
\BOOKMARK [2][-]{subsection.126}{\376\377\000G\000I\000T}{section.90}% 103
\BOOKMARK [3][-]{subsubsection*.127}{\376\377\000W\000h\000a\000t\000\040\000i\000s\000\040\000G\000i\000t}{subsection.126}% 104
\BOOKMARK [3][-]{subsubsection*.129}{\376\377\000W\000h\000y\000\040\000G\000I\000T\000\040\000?}{subsection.126}% 105
\BOOKMARK [2][-]{subsection.130}{\376\377\000L\000i\000n\000u\000x}{section.90}% 106
\BOOKMARK [3][-]{subsubsection*.131}{\376\377\000W\000h\000a\000t\000\040\000i\000s\000\040\000L\000i\000n\000u\000x}{subsection.130}% 107
\BOOKMARK [3][-]{subsubsection*.133}{\376\377\000W\000h\000y\000\040\000L\000i\000n\000u\000x\000\040\000?}{subsection.130}% 108
\BOOKMARK [1][-]{section.134}{\376\377\000D\000a\000t\000a\000\040\000C\000e\000n\000t\000e\000r}{chapter.79}% 109
\BOOKMARK [1][-]{section.135}{\376\377\000A\000u\000t\000h\000e\000n\000t\000i\000c\000a\000t\000i\000o\000n\000\040\000a\000n\000d\000\040\000a\000u\000t\000h\000o\000r\000i\000z\000a\000t\000i\000o\000n}{chapter.79}% 110
\BOOKMARK [2][-]{subsection.136}{\376\377\000M\000o\000b\000i\000l\000e\000\040\000A\000u\000t\000h\000e\000n\000t\000i\000c\000a\000t\000i\000o\000n}{section.135}% 111
\BOOKMARK [3][-]{subsubsection*.137}{\376\377\000P\000r\000i\000m\000a\000r\000y\000\040\000d\000e\000v\000i\000c\000e\000\040\000a\000u\000t\000h\000e\000n\000t\000i\000c\000a\000t\000i\000o\000n}{subsection.136}% 112
\BOOKMARK [3][-]{subsubsection*.141}{\376\377\000S\000h\000a\000r\000i\000n\000g\000\040\000v\000e\000h\000i\000c\000l\000e\000\040\000a\000c\000c\000e\000s\000s\000\040\000t\000h\000r\000o\000u\000g\000h\000\040\000p\000r\000i\000m\000a\000r\000y\000\040\000d\000e\000v\000i\000c\000e}{subsection.136}% 113
\BOOKMARK [2][-]{subsection.145}{\376\377\000T\000C\000U\000\040\000a\000u\000t\000h\000e\000n\000t\000i\000c\000a\000t\000i\000o\000n}{section.135}% 114
\BOOKMARK [3][-]{subsubsection*.146}{\376\377\000v\000e\000h\000i\000c\000l\000e\000\040\000r\000e\000g\000i\000s\000t\000r\000a\000t\000i\000o\000n}{subsection.145}% 115
\BOOKMARK [3][-]{subsubsection*.148}{\376\377\000A\000u\000t\000h\000e\000n\000t\000i\000c\000a\000t\000i\000o\000n\000\040\000u\000s\000i\000n\000g\000\040\000c\000h\000a\000l\000l\000e\000n\000g\000e\000s}{subsection.145}% 116
\BOOKMARK [2][-]{subsection.150}{\376\377\000T\000o\000k\000e\000n\000\040\000g\000e\000n\000e\000r\000a\000t\000i\000o\000n}{section.135}% 117
\BOOKMARK [1][-]{section.161}{\376\377\000A\000l\000e\000r\000t\000s\000\040\000a\000n\000d\000\040\000n\000o\000t\000i\000f\000i\000c\000a\000t\000i\000o\000n\000s}{chapter.79}% 118
\BOOKMARK [1][-]{section.164}{\376\377\000L\000i\000v\000e\000\040\000l\000o\000c\000a\000t\000i\000o\000n\000\040\000t\000r\000a\000c\000k\000i\000n\000g}{chapter.79}% 119
\BOOKMARK [2][-]{subsection.165}{\376\377\000W\000h\000a\000t\000\040\000i\000s\000\040\000S\000i\000n\000g\000a\000l\000R\000\040\000?}{section.164}% 120
\BOOKMARK [2][-]{subsection.166}{\376\377\000W\000h\000a\000t\000\040\000d\000o\000e\000s\000\040\000t\000h\000e\000\040\000M\000Q\000T\000T\000\040\000c\000l\000i\000e\000n\000t\000\040\000d\000o\000\040\000?}{section.164}% 121
\BOOKMARK [2][-]{subsection.167}{\376\377\000S\000y\000s\000t\000e\000m\000\040\000o\000p\000e\000r\000a\000t\000i\000o\000n}{section.164}% 122
\BOOKMARK [0][-]{chapter.168}{\376\377\000T\000C\000U\000\040\000i\000n\000t\000e\000g\000r\000a\000t\000i\000o\000n}{}% 123
\BOOKMARK [1][-]{section.169}{\376\377\000v\000e\000h\000i\000c\000l\000e\000\040\000s\000i\000g\000n\000a\000l\000i\000n\000g}{chapter.168}% 124
\BOOKMARK [2][-]{subsection.171}{\376\377\000M\000Q\000T\000T\000\040\000b\000r\000o\000k\000e\000r}{section.169}% 125
\BOOKMARK [2][-]{subsection.172}{\376\377\000C\000u\000s\000t\000o\000m\000i\000z\000e\000d\000\040\000a\000u\000t\000h\000e\000n\000t\000i\000c\000a\000t\000i\000o\000n\000\040\000a\000n\000d\000\040\000a\000u\000t\000h\000o\000r\000i\000z\000a\000t\000i\000o\000n}{section.169}% 126
\BOOKMARK [1][-]{section.173}{\376\377\000C\000u\000s\000t\000o\000m\000i\000z\000a\000t\000i\000o\000n\000\040\000u\000s\000i\000n\000g\000\040\000O\000T\000A\000\040\000u\000p\000d\000a\000t\000e\000s}{chapter.168}% 127
\BOOKMARK [0][-]{chapter.177}{\376\377\000C\000o\000n\000c\000l\000u\000s\000i\000o\000n\000\040\000a\000n\000d\000\040\000f\000u\000t\000u\000r\000e\000\040\000w\000o\000r\000k}{}% 128
\BOOKMARK [1][-]{section.178}{\376\377\000C\000o\000n\000c\000l\000u\000s\000i\000o\000n}{chapter.177}% 129
\BOOKMARK [1][-]{section.179}{\376\377\000F\000u\000t\000u\000r\000e\000\040\000W\000o\000r\000k}{chapter.177}% 130
\BOOKMARK [2][-]{subsection.180}{\376\377\000C\000l\000o\000u\000d\000\040\000n\000a\000t\000i\000v\000e\000\040\000T\000e\000s\000t\000i\000n\000g}{section.179}% 131
\BOOKMARK [2][-]{subsection.181}{\376\377\000C\000l\000o\000u\000d\000\040\000N\000a\000t\000i\000v\000e\000\040\000T\000r\000a\000i\000l}{section.179}% 132
\BOOKMARK [0][-]{section*.182}{\376\377\000R\000e\000f\000e\000r\000e\000n\000c\000e\000s}{}% 133
\BOOKMARK [0][-]{appendix.183}{\376\377\000R\000S\000A\000\040\000a\000l\000g\000o\000r\000i\000t\000h\000m}{}% 134
\BOOKMARK [0][-]{appendix.184}{\376\377\000D\000i\000g\000i\000t\000a\000l\000\040\000C\000e\000r\000t\000i\000f\000i\000c\000a\000t\000e\000s}{}% 135
\BOOKMARK [1][-]{section.185}{\376\377\000X\000.\0005\0000\0009\000\040\000C\000e\000r\000t\000i\000f\000i\000c\000a\000t\000e\000s}{appendix.184}% 136
\BOOKMARK [1][-]{section.186}{\376\377\000S\000S\000L\000/\000T\000L\000S\000\040\000C\000e\000r\000t\000i\000f\000i\000c\000a\000t\000e\000s}{appendix.184}% 137
\BOOKMARK [1][-]{section.187}{\376\377\000C\000o\000d\000e\000\040\000S\000i\000g\000n\000i\000n\000g\000\040\000C\000e\000r\000t\000i\000f\000i\000c\000a\000t\000e\000s}{appendix.184}% 138
\BOOKMARK [1][-]{section.188}{\376\377\000C\000l\000i\000e\000n\000t\000\040\000C\000e\000r\000t\000i\000f\000i\000c\000a\000t\000e\000s}{appendix.184}% 139
\BOOKMARK [1][-]{section.189}{\376\377\000E\000x\000t\000e\000n\000d\000e\000d\000\040\000V\000a\000l\000i\000d\000a\000t\000i\000o\000n\000\040\000\050\000E\000V\000\051\000\040\000C\000e\000r\000t\000i\000f\000i\000c\000a\000t\000e\000s}{appendix.184}% 140
\BOOKMARK [1][-]{section.190}{\376\377\000S\000e\000l\000f\000-\000S\000i\000g\000n\000e\000d\000\040\000C\000e\000r\000t\000i\000f\000i\000c\000a\000t\000e\000s}{appendix.184}% 141
\BOOKMARK [0][-]{section*.191}{\376\377\000A\000r\000a\000b\000i\000c\000\040\000A\000b\000s\000t\000r\000a\000c\000t}{}% 142
