\BOOKMARK [0][-]{section*.7}{\376\377\000A\000c\000k\000n\000o\000w\000l\000e\000d\000g\000m\000e\000n\000t\000s}{}% 1
\BOOKMARK [0][-]{section*.9}{\376\377\000A\000b\000s\000t\000r\000a\000c\000t}{}% 2
\BOOKMARK [0][-]{section*.10}{\376\377\000L\000i\000s\000t\000\040\000o\000f\000\040\000F\000i\000g\000u\000r\000e\000s}{}% 3
\BOOKMARK [0][-]{section*.12}{\376\377\000L\000i\000s\000t\000\040\000o\000f\000\040\000A\000b\000b\000r\000e\000v\000i\000a\000t\000i\000o\000n\000s}{}% 4
\BOOKMARK [0][-]{chapter.13}{\376\377\000I\000n\000t\000r\000o\000d\000u\000c\000t\000i\000o\000n}{}% 5
\BOOKMARK [1][-]{section.14}{\376\377\000W\000h\000a\000t\000\040\000i\000s\000\040\000T\000C\000U}{chapter.13}% 6
\BOOKMARK [1][-]{section.15}{\376\377\000W\000h\000a\000t\000\040\000i\000s\000\040\000V\000e\000h\000i\000c\000l\000e\000\040\000t\000o\000\040\000V\000e\000h\000i\000c\000l\000e\000\040\000c\000o\000m\000m\000u\000n\000i\000c\000a\000t\000i\000o\000n}{chapter.13}% 7
\BOOKMARK [1][-]{section.16}{\376\377\000W\000h\000a\000t\000\040\000i\000s\000\040\000V\000e\000h\000i\000c\000l\000e\000\040\000t\000o\000\040\000C\000l\000o\000u\000d\000\040\000c\000o\000m\000m\000u\000n\000i\000c\000a\000t\000i\000o\000n}{chapter.13}% 8
\BOOKMARK [1][-]{section.17}{\376\377\000S\000o\000f\000t\000w\000a\000r\000e\000\040\000D\000e\000f\000i\000n\000e\000d\000\040\000V\000e\000h\000i\000c\000l\000e\000\040\000A\000r\000c\000h\000i\000t\000e\000c\000t\000u\000r\000e}{chapter.13}% 9
\BOOKMARK [1][-]{section.19}{\376\377\000P\000r\000o\000b\000l\000e\000m\000\040\000s\000t\000a\000t\000e\000m\000e\000n\000t}{chapter.13}% 10
\BOOKMARK [2][-]{subsection.20}{\376\377\000S\000a\000f\000e\000t\000y\000\040\000a\000n\000d\000\040\000S\000e\000c\000u\000r\000i\000t\000y}{section.19}% 11
\BOOKMARK [2][-]{subsection.21}{\376\377\000S\000t\000a\000n\000d\000a\000r\000d\000i\000z\000a\000t\000i\000o\000n\000\040\000a\000n\000d\000\040\000I\000n\000t\000e\000r\000o\000p\000e\000r\000a\000b\000i\000l\000i\000t\000y}{section.19}% 12
\BOOKMARK [2][-]{subsection.22}{\376\377\000E\000t\000h\000i\000c\000a\000l\000\040\000a\000n\000d\000\040\000L\000e\000g\000a\000l\000\040\000I\000m\000p\000l\000i\000c\000a\000t\000i\000o\000n\000s}{section.19}% 13
\BOOKMARK [2][-]{subsection.23}{\376\377\000U\000s\000e\000r\000\040\000A\000c\000c\000e\000p\000t\000a\000n\000c\000e\000\040\000a\000n\000d\000\040\000T\000r\000u\000s\000t}{section.19}% 14
\BOOKMARK [2][-]{subsection.24}{\376\377\000I\000n\000f\000r\000a\000s\000t\000r\000u\000c\000t\000u\000r\000e\000\040\000R\000e\000a\000d\000i\000n\000e\000s\000s}{section.19}% 15
\BOOKMARK [0][-]{chapter.25}{\376\377\000T\000C\000U\000\040\000A\000r\000c\000h\000i\000t\000e\000c\000t\000u\000r\000e}{}% 16
\BOOKMARK [1][-]{section.26}{\376\377\000O\000v\000e\000r\000v\000i\000e\000w\000\040\000o\000f\000\040\000t\000h\000e\000\040\000T\000C\000U\000\040\000F\000u\000n\000c\000t\000i\000o\000n\000a\000l\000i\000t\000y}{chapter.25}% 17
\BOOKMARK [1][-]{section.27}{\376\377\000S\000o\000f\000t\000w\000a\000r\000e\000\040\000d\000e\000f\000i\000n\000e\000d\000\040\000v\000e\000h\000i\000c\000l\000e\000\040\000o\000v\000e\000r\000v\000i\000e\000w\000\040\000\050\000S\000D\000V\000\051}{chapter.25}% 18
\BOOKMARK [1][-]{section.29}{\376\377\000U\000s\000e\000d\000\040\000S\000t\000a\000n\000d\000a\000r\000d\000s}{chapter.25}% 19
\BOOKMARK [1][-]{section.30}{\376\377\000V\0002\000C\000\040\000C\000o\000m\000m\000u\000n\000i\000c\000a\000t\000i\000o\000n\000\040\000o\000v\000e\000r\000v\000i\000e\000w}{chapter.25}% 20
\BOOKMARK [2][-]{subsection.31}{\376\377\000I\000n\000t\000e\000g\000r\000a\000t\000i\000o\000n\000\040\000w\000i\000t\000h\000\040\000C\000l\000o\000u\000d\000\040\000B\000a\000c\000k\000e\000n\000d\000\040\000o\000v\000e\000r\000v\000i\000e\000w}{section.30}% 21
\BOOKMARK [1][-]{section.32}{\376\377\000V\0002\000V\000\040\000C\000o\000m\000m\000u\000n\000i\000c\000a\000t\000i\000o\000n\000\040\000o\000v\000e\000r\000v\000i\000e\000w}{chapter.25}% 22
\BOOKMARK [1][-]{section.34}{\376\377\000C\000o\000m\000m\000u\000n\000i\000c\000a\000t\000i\000o\000n\000\040\000w\000i\000t\000h\000\040\000E\000x\000t\000e\000r\000n\000a\000l\000\040\000E\000C\000U\000s\000\040\000o\000v\000e\000r\000v\000i\000e\000w}{chapter.25}% 23
\BOOKMARK [1][-]{section.35}{\376\377\000I\000n\000d\000u\000s\000t\000r\000y\000\040\000S\000t\000a\000n\000d\000a\000r\000d\000s\000\040\000a\000n\000d\000\040\000E\000c\000o\000s\000y\000s\000t\000e\000m\000\040\000I\000n\000t\000e\000g\000r\000a\000t\000i\000o\000n}{chapter.25}% 24
\BOOKMARK [1][-]{section.36}{\376\377\000T\000C\000U\000\040\000L\000a\000y\000e\000r\000e\000d\000\040\000A\000r\000c\000h\000i\000t\000e\000c\000t\000u\000r\000e}{chapter.25}% 25
\BOOKMARK [2][-]{subsection.38}{\376\377\000H\000a\000r\000d\000w\000a\000r\000e\000\040\000L\000a\000y\000e\000r}{section.36}% 26
\BOOKMARK [2][-]{subsection.39}{\376\377\000K\000e\000r\000n\000a\000l\000\040\000L\000a\000y\000e\000r}{section.36}% 27
\BOOKMARK [2][-]{subsection.41}{\376\377\000D\000o\000c\000k\000e\000r\000\040\000r\000u\000n\000t\000i\000m\000e\000\040\000e\000n\000v\000i\000r\000o\000n\000m\000e\000n\000t\000\040\000L\000a\000y\000e\000r}{section.36}% 28
\BOOKMARK [2][-]{subsection.43}{\376\377\000A\000p\000p\000l\000i\000c\000a\000t\000i\000o\000n\000\040\000L\000a\000y\000e\000r\000\040\000a\000n\000d\000\040\000V\000S\000O\000M\000E\000/\000I\000P}{section.36}% 29
\BOOKMARK [0][-]{chapter.44}{\376\377\000H\000a\000r\000d\000w\000a\000r\000e\000\040\000C\000o\000m\000p\000o\000n\000e\000n\000t\000s\000\040\000o\000f\000\040\000t\000h\000e\000\040\000T\000C\000U}{}% 30
\BOOKMARK [1][-]{section.45}{\376\377\000R\000a\000s\000p\000b\000e\000r\000r\000y\000\040\000P\000i\000\040\0004\000B\000\040\000S\000O\000C}{chapter.44}% 31
\BOOKMARK [2][-]{subsection.46}{\376\377\000W\000h\000a\000t\000\040\000i\000s\000\040\000t\000h\000e\000\040\000R\000a\000s\000p\000b\000e\000r\000r\000y\000\040\000P\000i\000\040\0004\000B\000?}{section.45}% 32
\BOOKMARK [2][-]{subsection.48}{\376\377\000R\000a\000s\000p\000b\000e\000r\000r\000y\000\040\000P\000i\000\040\0004\000B\000\040\000S\000p\000e\000c\000i\000f\000i\000c\000a\000t\000i\000o\000n\000s}{section.45}% 33
\BOOKMARK [1][-]{section.49}{\376\377\000T\000h\000e\000\040\000D\000S\000R\000C\000\040\000M\000o\000d\000u\000l\000e}{chapter.44}% 34
\BOOKMARK [1][-]{section.50}{\376\377\000E\000S\000P\0003\0002\000/\0008\0002\0006\0006\000\040\000a\000n\000d\000\040\000E\000S\000P\000-\000N\000O\000W\000\040\000P\000r\000o\000t\000o\000c\000o\000l}{chapter.44}% 35
\BOOKMARK [1][-]{section.55}{\376\377\000U\000-\000B\000l\000o\000x\000\040\000M\0008\000N\000\040\000G\000N\000S\000S}{chapter.44}% 36
\BOOKMARK [2][-]{subsection.56}{\376\377\000W\000h\000a\000t\000\040\000i\000s\000\040\000t\000h\000e\000\040\000U\000-\000b\000l\000o\000x\000\040\000M\0008\000N\000\040\000G\000N\000S\000S\000\040\000m\000o\000d\000u\000l\000e}{section.55}% 37
\BOOKMARK [2][-]{subsection.58}{\376\377\000U\000-\000b\000l\000o\000x\000\040\000M\0008\000N\000\040\000S\000p\000e\000c\000i\000f\000i\000c\000a\000t\000i\000o\000n\000s}{section.55}% 38
\BOOKMARK [0][-]{chapter.60}{\376\377\000L\000i\000n\000u\000x\000\040\000O\000S\000\040\000a\000n\000d\000\040\000K\000e\000r\000n\000e\000l\000\040\000L\000a\000y\000e\000r}{}% 39
\BOOKMARK [1][-]{section.61}{\376\377\000B\000u\000i\000l\000d\000i\000n\000g\000\040\000C\000u\000s\000t\000o\000m\000\040\000I\000m\000a\000g\000e\000\040\000U\000s\000i\000n\000g\000\040\000Y\000o\000c\000t\000o\000\040\000P\000r\000o\000j\000e\000c\000t}{chapter.60}% 40
\BOOKMARK [2][-]{subsection.62}{\376\377\000I\000n\000t\000r\000o\000d\000u\000c\000t\000i\000o\000n}{section.61}% 41
\BOOKMARK [2][-]{subsection.63}{\376\377\000W\000h\000y\000\040\000c\000u\000s\000t\000o\000m\000\040\000O\000S\000?}{section.61}% 42
\BOOKMARK [2][-]{subsection.64}{\376\377\000A\000d\000v\000a\000n\000t\000a\000g\000e\000s\000\040\000o\000f\000\040\000t\000h\000e\000\040\000Y\000o\000c\000t\000o\000\040\000P\000r\000o\000j\000e\000c\000t}{section.61}% 43
\BOOKMARK [3][-]{subsubsection*.65}{\376\377\000Y\000o\000c\000t\000o\000\040\000P\000r\000o\000j\000e\000c\000t\000\040\000v\000s\000\040\000B\000u\000i\000l\000d\000r\000o\000o\000t}{subsection.64}% 44
\BOOKMARK [1][-]{section.67}{\376\377\000Y\000o\000c\000t\000o\000\040\000P\000r\000o\000j\000e\000c\000t\000\040\000B\000u\000i\000l\000d\000\040\000P\000r\000o\000c\000e\000s\000s}{chapter.60}% 45
\BOOKMARK [2][-]{subsection.68}{\376\377\000S\000e\000t\000t\000i\000n\000g\000\040\000U\000p\000\040\000T\000h\000e\000\040\000Y\000o\000c\000t\000o\000\040\000E\000n\000v\000i\000r\000o\000n\000m\000e\000n\000t}{section.67}% 46
\BOOKMARK [2][-]{subsection.69}{\376\377\000B\000u\000i\000l\000d\000i\000n\000g\000\040\000c\000o\000r\000e\000\040\000I\000m\000a\000g\000e\000\040\000M\000i\000n\000i\000m\000a\000l}{section.67}% 47
\BOOKMARK [2][-]{subsection.70}{\376\377\000B\000u\000i\000l\000d\000i\000n\000g\000\040\000C\000u\000s\000t\000o\000m\000\040\000L\000a\000y\000e\000r}{section.67}% 48
\BOOKMARK [1][-]{section.71}{\376\377\000C\000o\000n\000c\000l\000u\000s\000i\000o\000n}{chapter.60}% 49
\BOOKMARK [0][-]{chapter.72}{\376\377\000C\000o\000n\000t\000a\000i\000n\000e\000r\000s\000\040\000r\000u\000n\000\040\000t\000i\000m\000e\000\040\000E\000n\000v\000i\000r\000o\000n\000m\000e\000n\000t}{}% 50
\BOOKMARK [1][-]{section.73}{\376\377\000I\000n\000t\000r\000o\000d\000u\000c\000t\000i\000o\000n}{chapter.72}% 51
\BOOKMARK [1][-]{section.74}{\376\377\000C\000o\000n\000t\000a\000i\000n\000e\000r\000s\000\040\000v\000s\000\040\000V\000i\000r\000t\000u\000a\000l\000\040\000M\000a\000c\000h\000i\000n\000e\000s\000\040\000\050\000V\000M\000s\000\051}{chapter.72}% 52
\BOOKMARK [1][-]{section.76}{\376\377\000D\000o\000c\000k\000e\000r\000\040\000E\000n\000g\000i\000n\000e}{chapter.72}% 53
\BOOKMARK [1][-]{section.78}{\376\377\000M\000i\000c\000r\000o\000s\000e\000r\000v\000i\000c\000e\000s\000\040\000A\000r\000c\000h\000i\000t\000e\000c\000t\000u\000r\000e}{chapter.72}% 54
\BOOKMARK [2][-]{subsection.79}{\376\377\000W\000h\000y\000\040\000U\000s\000i\000n\000g\000\040\000M\000i\000c\000r\000o\000s\000e\000r\000v\000i\000c\000e\000s\000\040\000A\000r\000c\000h\000i\000t\000e\000c\000t\000u\000r\000e}{section.78}% 55
\BOOKMARK [2][-]{subsection.80}{\376\377\000M\000i\000c\000r\000o\000s\000e\000r\000v\000i\000c\000e\000s\000\040\000v\000s\000\040\000M\000o\000n\000o\000l\000i\000t\000h\000i\000c\000\040\000A\000p\000p\000r\000o\000a\000c\000h}{section.78}% 56
\BOOKMARK [2][-]{subsection.82}{\376\377\000M\000i\000c\000r\000o\000s\000e\000r\000v\000i\000c\000e\000s\000\040\000A\000r\000c\000h\000i\000t\000e\000c\000t\000u\000r\000e\000\040\000i\000n\000\040\000S\000D\000V}{section.78}% 57
\BOOKMARK [1][-]{section.84}{\376\377\000D\000o\000c\000k\000e\000r\000\040\000C\000o\000m\000p\000o\000s\000e}{chapter.72}% 58
\BOOKMARK [1][-]{section.87}{\376\377\000V\000S\000O\000M\000E\000/\000I\000P}{chapter.72}% 59
\BOOKMARK [2][-]{subsection.88}{\376\377\000S\000O\000M\000E\000/\000I\000P\000\040\000O\000v\000e\000r\000v\000i\000e\000w}{section.87}% 60
\BOOKMARK [2][-]{subsection.89}{\376\377\000S\000O\000M\000E\000/\000I\000P\000\040\000O\000n\000-\000w\000i\000r\000e\000\040\000f\000o\000r\000m\000a\000t}{section.87}% 61
\BOOKMARK [2][-]{subsection.100}{\376\377\000S\000O\000M\000E\000/\000I\000P\000\040\000P\000r\000o\000t\000o\000c\000o\000l}{section.87}% 62
\BOOKMARK [2][-]{subsection.102}{\376\377\000S\000O\000M\000E\000/\000I\000P\000\040\000S\000e\000r\000v\000i\000c\000e\000\040\000D\000i\000s\000c\000o\000v\000e\000r\000y}{section.87}% 63
\BOOKMARK [2][-]{subsection.104}{\376\377\000V\000S\000O\000M\000E\000/\000I\000P}{section.87}% 64
\BOOKMARK [3][-]{subsubsection*.105}{\376\377\000A\000d\000o\000p\000t\000e\000d\000\040\000i\000m\000p\000l\000e\000m\000e\000n\000t\000a\000t\000i\000o\000n}{subsection.104}% 65
\BOOKMARK [2][-]{subsection.107}{\376\377\000S\000e\000r\000v\000i\000c\000e\000s\000\040\000c\000o\000m\000m\000u\000n\000i\000c\000a\000t\000i\000o\000n\000\040\000u\000s\000i\000n\000g\000\040\000V\000S\000O\000M\000E\000/\000I\000P}{section.87}% 66
\BOOKMARK [3][-]{subsubsection*.108}{\376\377\000V\000S\000O\000M\000E\000/\000I\000P\000\040\000w\000i\000t\000h\000\040\000c\000o\000n\000t\000a\000i\000n\000e\000r\000i\000z\000e\000d\000\040\000s\000e\000r\000v\000i\000c\000e\000s}{subsection.107}% 67
\BOOKMARK [3][-]{subsubsection*.110}{\376\377\000C\000o\000n\000t\000a\000i\000n\000e\000r\000i\000z\000i\000n\000g\000\040\000s\000e\000r\000v\000i\000c\000e\000\040\000w\000i\000t\000h\000\040\000V\000S\000O\000M\000E\000/\000I\000P}{subsection.107}% 68
\BOOKMARK [0][-]{chapter.112}{\376\377\000T\000C\000U\000\040\000A\000p\000p\000l\000i\000c\000a\000t\000i\000o\000n\000s\000\040\000a\000n\000d\000\040\000S\000y\000s\000t\000e\000m\000\040\000S\000e\000r\000v\000i\000c\000e\000s}{}% 69
\BOOKMARK [1][-]{section.113}{\376\377\000S\000e\000r\000v\000i\000c\000e\000s\000\040\000L\000a\000y\000o\000u\000t}{chapter.112}% 70
\BOOKMARK [1][-]{section.115}{\376\377\000B\000a\000c\000k\000e\000n\000d\000\040\000G\000a\000t\000e\000w\000a\000y\000\040\000S\000e\000r\000v\000i\000c\000e}{chapter.112}% 71
\BOOKMARK [2][-]{subsection.118}{\376\377\000O\000f\000f\000e\000r\000e\000d\000\040\000S\000e\000r\000v\000i\000c\000e\000s}{section.115}% 72
\BOOKMARK [2][-]{subsection.119}{\376\377\000C\000h\000a\000l\000l\000e\000n\000g\000e\000\040\000b\000a\000s\000e\000d\000\040\000a\000u\000t\000h\000e\000n\000t\000i\000c\000a\000t\000i\000o\000n}{section.115}% 73
\BOOKMARK [1][-]{section.121}{\376\377\000E\000C\000U\000s\000\040\000G\000a\000t\000e\000w\000a\000y\000\040\000D\000a\000t\000a\000\040\000F\000e\000t\000c\000h\000e\000r}{chapter.112}% 74
\BOOKMARK [2][-]{subsection.122}{\376\377\000I\000n\000t\000r\000o\000d\000u\000c\000t\000i\000o\000n}{section.121}% 75
\BOOKMARK [3][-]{subsubsection*.124}{\376\377\000P\000u\000r\000p\000o\000s\000e\000\040\000o\000f\000\040\000T\000h\000e\000\040\000S\000e\000r\000v\000i\000c\000e}{subsection.122}% 76
\BOOKMARK [2][-]{subsection.125}{\376\377\000T\000y\000p\000e\000s\000\040\000o\000f\000\040\000M\000e\000s\000s\000a\000g\000e\000s}{section.121}% 77
\BOOKMARK [2][-]{subsection.131}{\376\377\000V\000S\000O\000M\000E\000/\000I\000P\000\040\000U\000s\000a\000g\000e}{section.121}% 78
\BOOKMARK [3][-]{subsubsection*.132}{\376\377\000R\000P\000C}{subsection.131}% 79
\BOOKMARK [3][-]{subsubsection*.133}{\376\377\000S\000u\000b\000s\000c\000r\000i\000b\000e\000/\000N\000o\000t\000i\000f\000y}{subsection.131}% 80
\BOOKMARK [2][-]{subsection.136}{\376\377\000C\000o\000n\000c\000l\000u\000s\000i\000o\000n}{section.121}% 81
\BOOKMARK [1][-]{section.137}{\376\377\000D\000S\000R\000C\000\040\000E\000n\000c\000o\000d\000e\000r\000/\000D\000e\000c\000o\000d\000e\000r}{chapter.112}% 82
\BOOKMARK [2][-]{subsection.139}{\376\377\000C\000o\000m\000m\000u\000n\000i\000c\000a\000t\000i\000o\000n\000\040\000a\000n\000d\000\040\000I\000n\000t\000e\000g\000r\000a\000t\000i\000o\000n\000:\000\040\000T\000h\000e\000\040\000E\000n\000c\000o\000d\000e\000r\000/\000D\000e\000c\000o\000d\000e\000r\000'\000s\000\040\000R\000o\000l\000e}{section.137}% 83
\BOOKMARK [2][-]{subsection.140}{\376\377\000S\000e\000n\000s\000o\000r\000\040\000D\000a\000t\000a\000\040\000C\000a\000p\000t\000u\000r\000e\000\040\000a\000n\000d\000\040\000S\000t\000o\000r\000a\000g\000e\000:\000\040\000T\000h\000e\000\040\000P\000a\000y\000l\000o\000a\000d\000\040\000S\000t\000a\000c\000k}{section.137}% 84
\BOOKMARK [2][-]{subsection.141}{\376\377\000G\000e\000n\000e\000r\000a\000t\000i\000n\000g\000\040\000P\000a\000y\000l\000o\000a\000d\000s}{section.137}% 85
\BOOKMARK [2][-]{subsection.143}{\376\377\000P\000a\000y\000l\000o\000a\000d\000\040\000E\000n\000c\000r\000y\000p\000t\000i\000o\000n\000\040\000C\000o\000m\000p\000r\000e\000s\000s\000i\000o\000n\000,\000\040\000a\000n\000d\000\040\000D\000e\000c\000r\000y\000p\000t\000i\000o\000n}{section.137}% 86
\BOOKMARK [3][-]{subsubsection*.144}{\376\377\000I\000n\000t\000r\000o\000d\000u\000c\000t\000i\000o\000n}{subsection.143}% 87
\BOOKMARK [3][-]{subsubsection*.145}{\376\377\000P\000a\000y\000l\000o\000a\000d\000\040\000E\000n\000c\000r\000y\000p\000t\000i\000o\000n\000\040\000u\000s\000i\000n\000g\000\040\000A\000E\000S}{subsection.143}% 88
\BOOKMARK [3][-]{subsubsection*.146}{\376\377\000L\000Z\000W\000\040\000C\000o\000m\000p\000r\000e\000s\000s\000i\000o\000n\000\040\000f\000o\000r\000\040\000P\000a\000y\000l\000o\000a\000d\000\040\000S\000i\000z\000e\000\040\000R\000e\000d\000u\000c\000t\000i\000o\000n}{subsection.143}% 89
\BOOKMARK [3][-]{subsubsection*.147}{\376\377\000P\000a\000y\000l\000o\000a\000d\000\040\000E\000n\000c\000r\000y\000p\000t\000i\000o\000n\000\040\000a\000n\000d\000\040\000C\000o\000m\000p\000r\000e\000s\000s\000i\000o\000n\000\040\000S\000e\000q\000u\000e\000n\000c\000e}{subsection.143}% 90
\BOOKMARK [3][-]{subsubsection*.148}{\376\377\000P\000a\000y\000l\000o\000a\000d\000\040\000D\000e\000c\000o\000m\000p\000r\000e\000s\000s\000i\000o\000n\000\040\000a\000n\000d\000\040\000D\000e\000c\000r\000y\000p\000t\000i\000o\000n\000\040\000o\000n\000\040\000R\000e\000c\000e\000p\000t\000i\000o\000n}{subsection.143}% 91
\BOOKMARK [3][-]{subsubsection*.149}{\376\377\000B\000e\000n\000e\000f\000i\000t\000s\000\040\000o\000f\000\040\000P\000a\000y\000l\000o\000a\000d\000\040\000E\000n\000c\000r\000y\000p\000t\000i\000o\000n\000\040\000a\000n\000d\000\040\000C\000o\000m\000p\000r\000e\000s\000s\000i\000o\000n}{subsection.143}% 92
\BOOKMARK [3][-]{subsubsection*.150}{\376\377\000C\000o\000n\000c\000l\000u\000s\000i\000o\000n}{subsection.143}% 93
\BOOKMARK [1][-]{section.151}{\376\377\000D\000S\000R\000C\000\040\000M\000o\000d\000u\000l\000e\000:\000\040\000R\000e\000c\000e\000p\000t\000i\000o\000n\000\040\000a\000n\000d\000\040\000B\000r\000o\000a\000d\000c\000a\000s\000t}{chapter.112}% 94
\BOOKMARK [0][-]{chapter.156}{\376\377\000T\000C\000U\000\040\000S\000i\000m\000u\000l\000a\000t\000i\000o\000n}{}% 95
\BOOKMARK [1][-]{section.157}{\376\377\000I\000n\000t\000r\000o\000d\000u\000c\000t\000i\000o\000n}{chapter.156}% 96
\BOOKMARK [1][-]{section.158}{\376\377\000T\000h\000e\000\040\000P\000u\000r\000p\000o\000s\000e\000\040\000o\000f\000\040\000t\000h\000e\000\040\000S\000i\000m\000u\000l\000a\000t\000i\000o\000n}{chapter.156}% 97
\BOOKMARK [1][-]{section.160}{\376\377\000O\000v\000e\000r\000v\000i\000e\000w\000\040\000o\000f\000\040\000t\000h\000e\000\040\000E\000n\000c\000o\000d\000e\000r\000/\000D\000e\000c\000o\000d\000e\000r\000\040\000i\000n\000\040\000t\000h\000e\000\040\000S\000i\000m\000u\000l\000a\000t\000i\000o\000n}{chapter.156}% 98
\BOOKMARK [1][-]{section.161}{\376\377\000C\000o\000m\000m\000u\000n\000i\000c\000a\000t\000i\000o\000n\000\040\000A\000r\000c\000h\000i\000t\000e\000c\000t\000u\000r\000e\000\040\000i\000n\000\040\000t\000h\000e\000\040\000S\000i\000m\000u\000l\000a\000t\000i\000o\000n}{chapter.156}% 99
\BOOKMARK [1][-]{section.162}{\376\377\000S\000e\000n\000s\000o\000r\000\040\000D\000a\000t\000a\000\040\000C\000a\000p\000t\000u\000r\000e\000\040\000a\000n\000d\000\040\000P\000r\000o\000c\000e\000s\000s\000i\000n\000g}{chapter.156}% 100
\BOOKMARK [1][-]{section.163}{\376\377\000P\000a\000y\000l\000o\000a\000d\000\040\000G\000e\000n\000e\000r\000a\000t\000i\000o\000n\000\040\000a\000n\000d\000\040\000B\000r\000o\000a\000d\000c\000a\000s\000t\000i\000n\000g}{chapter.156}% 101
\BOOKMARK [1][-]{section.164}{\376\377\000D\000S\000R\000C\000\040\000M\000o\000d\000u\000l\000e\000:\000\040\000R\000e\000c\000e\000p\000t\000i\000o\000n\000\040\000a\000n\000d\000\040\000B\000r\000o\000a\000d\000c\000a\000s\000t}{chapter.156}% 102
\BOOKMARK [1][-]{section.165}{\376\377\000M\000e\000m\000o\000r\000y\000\040\000M\000a\000n\000a\000g\000e\000m\000e\000n\000t\000\040\000a\000n\000d\000\040\000S\000t\000r\000u\000c\000t\000\040\000A\000l\000l\000o\000c\000a\000t\000i\000o\000n}{chapter.156}% 103
\BOOKMARK [1][-]{section.166}{\376\377\000D\000a\000t\000a\000\040\000A\000n\000a\000l\000y\000s\000i\000s\000\040\000a\000n\000d\000\040\000V\000i\000s\000u\000a\000l\000i\000z\000a\000t\000i\000o\000n}{chapter.156}% 104
\BOOKMARK [1][-]{section.168}{\376\377\000C\000o\000n\000c\000l\000u\000s\000i\000o\000n}{chapter.156}% 105
\BOOKMARK [0][-]{chapter.169}{\376\377\000E\000x\000t\000e\000r\000n\000a\000l\000\040\000E\000C\000U\000s}{}% 106
\BOOKMARK [1][-]{section.170}{\376\377\000O\000v\000e\000r\000v\000i\000e\000w\000\040\000o\000f\000\040\000t\000h\000e\000\040\000E\000x\000t\000e\000r\000n\000a\000l\000\040\000E\000C\000U\000s}{chapter.169}% 107
\BOOKMARK [1][-]{section.171}{\376\377\000H\000a\000r\000d\000w\000a\000r\000e\000\040\000C\000o\000m\000p\000o\000n\000e\000n\000t\000s\000\040\000o\000f\000\040\000E\000x\000t\000e\000r\000n\000a\000l\000\040\000E\000C\000U\000s}{chapter.169}% 108
\BOOKMARK [2][-]{subsection.172}{\376\377\000S\000T\000M\0003\0002}{section.171}% 109
\BOOKMARK [3][-]{subsubsection*.173}{\376\377\000W\000h\000a\000t\000\040\000i\000s\000\040\000S\000T\000M\0003\0002\000?}{subsection.172}% 110
\BOOKMARK [3][-]{subsubsection*.175}{\376\377\000S\000T\000M\0003\0002\000\040\000S\000p\000e\000c\000i\000f\000i\000c\000a\000t\000i\000o\000n\000s}{subsection.172}% 111
\BOOKMARK [2][-]{subsection.176}{\376\377\000W\0005\0005\0000\0000}{section.171}% 112
\BOOKMARK [3][-]{subsubsection*.177}{\376\377\000W\000h\000a\000t\000\040\000i\000s\000\040\000W\0005\0005\0000\0000}{subsection.176}% 113
\BOOKMARK [3][-]{subsubsection*.178}{\376\377\000W\0005\0005\0000\0000\000\040\000S\000p\000e\000c\000i\000f\000i\000c\000a\000t\000i\000o\000n\000s}{subsection.176}% 114
\BOOKMARK [2][-]{subsection.180}{\376\377\0004\000G\000\040\000M\000o\000d\000e\000m\000\040\000a\000n\000d\000\040\000R\000o\000u\000t\000e\000r}{section.171}% 115
\BOOKMARK [3][-]{subsubsection*.181}{\376\377\000W\000h\000a\000t\000\040\000i\000s\000\040\0004\000G\000\040\000M\000o\000d\000e\000m\000\040\000a\000n\000d\000\040\000R\000o\000u\000t\000e\000r\000?}{subsection.180}% 116
\BOOKMARK [3][-]{subsubsection*.183}{\376\377\000S\000p\000e\000c\000i\000f\000i\000c\000a\000t\000i\000o\000n\000s}{subsection.180}% 117
\BOOKMARK [2][-]{subsection.202}{\376\377\000E\000t\000h\000e\000r\000n\000e\000t\000\040\000S\000w\000i\000t\000c\000h}{section.171}% 118
\BOOKMARK [3][-]{subsubsection*.203}{\376\377\000W\000h\000a\000t\000\040\000i\000s\000\040\000a\000n\000\040\000E\000t\000h\000e\000r\000n\000e\000t\000\040\000S\000w\000i\000t\000c\000h\000?}{subsection.202}% 119
\BOOKMARK [3][-]{subsubsection*.205}{\376\377\000S\000w\000i\000t\000c\000h\000\040\000S\000p\000e\000c\000i\000f\000i\000c\000a\000t\000i\000o\000n\000s}{subsection.202}% 120
\BOOKMARK [2][-]{subsection.206}{\376\377\000H\000a\000l\000l\000\040\000E\000f\000f\000e\000c\000t\000\040\000S\000e\000n\000s\000o\000r}{section.171}% 121
\BOOKMARK [3][-]{subsubsection*.207}{\376\377\000W\000h\000a\000t\000\040\000i\000s\000\040\000H\000a\000l\000l\000\040\000E\000f\000f\000e\000c\000t\000\040\000S\000e\000n\000s\000o\000r\000?}{subsection.206}% 122
\BOOKMARK [3][-]{subsubsection*.209}{\376\377\000H\000a\000l\000l\000\040\000E\000f\000f\000e\000c\000t\000\040\000S\000e\000n\000s\000o\000r\000\040\000S\000p\000e\000c\000i\000f\000i\000c\000a\000t\000i\000o\000n\000s}{subsection.206}% 123
\BOOKMARK [2][-]{subsection.210}{\376\377\000M\000P\000U\0006\0000\0005\0000}{section.171}% 124
\BOOKMARK [3][-]{subsubsection*.211}{\376\377\000W\000h\000a\000t\000\040\000i\000s\000\040\000M\000P\000U\0006\0000\0005\0000\000?}{subsection.210}% 125
\BOOKMARK [3][-]{subsubsection*.213}{\376\377\000M\000P\000U\0006\0000\0005\0000\000\040\000S\000p\000e\000c\000i\000f\000i\000c\000a\000t\000i\000o\000n\000s}{subsection.210}% 126
\BOOKMARK [2][-]{subsection.214}{\376\377\000V\000i\000b\000r\000a\000t\000i\000o\000n\000\040\000a\000n\000d\000\040\000S\000h\000o\000c\000k\000\040\000S\000e\000n\000s\000o\000r}{section.171}% 127
\BOOKMARK [3][-]{subsubsection*.215}{\376\377\000W\000h\000a\000t\000\040\000i\000s\000\040\000V\000i\000b\000r\000a\000t\000i\000o\000n\000\040\000a\000n\000d\000\040\000S\000h\000o\000c\000k\000\040\000S\000e\000n\000s\000o\000r\000?}{subsection.214}% 128
\BOOKMARK [0][-]{chapter.217}{\376\377\000S\000o\000f\000t\000w\000a\000r\000e\000\040\000H\000a\000r\000d\000w\000a\000r\000e\000\040\000I\000n\000t\000e\000r\000f\000a\000c\000i\000n\000g\000\040\000a\000n\000d\000\040\000C\000o\000n\000n\000e\000c\000t\000i\000o\000n}{}% 129
\BOOKMARK [1][-]{section.218}{\376\377\000W\0005\0005\0000\0000\000\040\000I\000n\000t\000e\000r\000f\000a\000c\000i\000n\000g\000\040\000w\000i\000t\000h\000\040\000S\000T\000M\0003\0002}{chapter.217}% 130
\BOOKMARK [2][-]{subsection.219}{\376\377\000I\000n\000t\000r\000o\000d\000u\000c\000t\000i\000o\000n}{section.218}% 131
\BOOKMARK [2][-]{subsection.220}{\376\377\000H\000a\000r\000d\000w\000a\000r\000e\000\040\000C\000o\000n\000n\000e\000c\000t\000i\000o\000n}{section.218}% 132
\BOOKMARK [2][-]{subsection.222}{\376\377\000S\000P\000I\000\040\000O\000p\000e\000r\000a\000t\000i\000o\000n\000a\000l\000\040\000M\000o\000d\000e}{section.218}% 133
\BOOKMARK [3][-]{subsubsection*.225}{\376\377\000I\000n\000i\000t\000i\000a\000l\000i\000z\000a\000t\000i\000o\000n\000\040\000a\000n\000d\000\040\000C\000o\000n\000f\000i\000g\000u\000r\000a\000t\000i\000o\000n}{subsection.222}% 134
\BOOKMARK [1][-]{section.231}{\376\377\000H\000a\000l\000l\000\040\000E\000f\000f\000e\000c\000t\000\040\000S\000e\000n\000s\000o\000r}{chapter.217}% 135
\BOOKMARK [2][-]{subsection.233}{\376\377\000I\000n\000t\000r\000o\000d\000u\000c\000t\000i\000o\000n}{section.231}% 136
\BOOKMARK [2][-]{subsection.234}{\376\377\000S\000e\000n\000s\000o\000r\000s\000\040\000f\000o\000r\000\040\000S\000p\000e\000e\000d\000\040\000M\000e\000a\000s\000u\000r\000e\000m\000e\000n\000t}{section.231}% 137
\BOOKMARK [3][-]{subsubsection*.235}{\376\377\000W\000h\000y\000\040\000H\000a\000l\000l\000\040\000E\000f\000f\000e\000c\000t\000\040\000S\000e\000n\000s\000o\000r\000?}{subsection.234}% 138
\BOOKMARK [2][-]{subsection.236}{\376\377\000P\000i\000n\000\040\000D\000i\000a\000g\000r\000a\000m\000\040\000o\000f\000\040\000H\000a\000l\000l\000\040\000E\000f\000f\000e\000c\000t\000\040\000S\000e\000n\000s\000o\000r}{section.231}% 139
\BOOKMARK [2][-]{subsection.237}{\376\377\000M\000e\000t\000h\000o\000d\000o\000l\000o\000g\000y\000:\000\040\000U\000t\000i\000l\000i\000z\000i\000n\000g\000\040\000t\000h\000e\000\040\000H\000a\000l\000l\000\040\000E\000f\000f\000e\000c\000t\000\040\000S\000e\000n\000s\000o\000r\000\040\000f\000o\000r\000\040\000S\000p\000e\000e\000d\000\040\000C\000a\000l\000c\000u\000l\000a\000t\000i\000o\000n}{section.231}% 140
\BOOKMARK [3][-]{subsubsection*.239}{\376\377\000H\000a\000r\000d\000w\000a\000r\000e\000\040\000S\000e\000t\000u\000p}{subsection.237}% 141
\BOOKMARK [3][-]{subsubsection*.240}{\376\377\000S\000o\000f\000t\000w\000a\000r\000e\000\040\000I\000m\000p\000l\000e\000m\000e\000n\000t\000a\000t\000i\000o\000n}{subsection.237}% 142
\BOOKMARK [3][-]{subsubsection*.241}{\376\377\000D\000e\000b\000o\000u\000n\000c\000i\000n\000g}{subsection.237}% 143
\BOOKMARK [3][-]{subsubsection*.242}{\376\377\000S\000p\000e\000e\000d\000\040\000D\000i\000s\000p\000l\000a\000y}{subsection.237}% 144
\BOOKMARK [2][-]{subsection.243}{\376\377\000C\000o\000n\000c\000l\000u\000s\000i\000o\000n}{section.231}% 145
\BOOKMARK [1][-]{section.244}{\376\377\000I\000n\000t\000e\000r\000f\000a\000c\000i\000n\000g\000\040\000C\000o\000m\000p\000a\000s\000s\000\040\000S\000e\000n\000s\000o\000r}{chapter.217}% 146
\BOOKMARK [2][-]{subsection.245}{\376\377\000I\000n\000t\000r\000o\000d\000u\000c\000t\000i\000o\000n}{section.244}% 147
\BOOKMARK [2][-]{subsection.246}{\376\377\000H\000o\000w\000\040\000I\000t\000'\000s\000\040\000D\000o\000n\000e}{section.244}% 148
\BOOKMARK [2][-]{subsection.247}{\376\377\000A\000p\000p\000l\000i\000c\000a\000t\000i\000o\000n\000s\000\040\000o\000f\000\040\000C\000o\000m\000p\000a\000s\000s\000\040\000S\000e\000n\000s\000o\000r}{section.244}% 149
\BOOKMARK [2][-]{subsection.248}{\376\377\000F\000e\000a\000t\000u\000r\000e\000s}{section.244}% 150
\BOOKMARK [2][-]{subsection.249}{\376\377\000A\000d\000v\000a\000n\000t\000a\000g\000e\000s\000\040\000o\000f\000\040\000C\000o\000m\000p\000a\000s\000s\000\040\000S\000e\000n\000s\000o\000r}{section.244}% 151
\BOOKMARK [1][-]{section.250}{\376\377\000E\000l\000e\000c\000t\000r\000i\000c\000a\000l\000\040\000D\000i\000a\000g\000r\000a\000m}{chapter.217}% 152
\BOOKMARK [2][-]{subsection.252}{\376\377\000B\000u\000c\000k\000\040\000C\000o\000n\000v\000e\000r\000t\000e\000r}{section.250}% 153
\BOOKMARK [2][-]{subsection.254}{\376\377\000I\000n\000t\000r\000o\000d\000u\000c\000t\000i\000o\000n}{section.250}% 154
\BOOKMARK [2][-]{subsection.257}{\376\377\000F\000e\000a\000t\000u\000r\000e\000s}{section.250}% 155
\BOOKMARK [2][-]{subsection.258}{\376\377\000A\000d\000v\000a\000n\000t\000a\000g\000e\000s\000\040\000o\000f\000\040\000B\000u\000c\000k\000\040\000C\000o\000n\000v\000e\000r\000t\000e\000r}{section.250}% 156
\BOOKMARK [0][-]{chapter.259}{\376\377\000S\000T\000M\0003\0002\000\040\000M\000Q\000T\000T\000\040\000C\000l\000i\000e\000n\000t}{}% 157
\BOOKMARK [1][-]{section.261}{\376\377\000I\000n\000t\000r\000o\000d\000u\000c\000t\000i\000o\000n}{chapter.259}% 158
\BOOKMARK [2][-]{subsection.262}{\376\377\000O\000v\000e\000r\000v\000i\000e\000w\000\040\000o\000f\000\040\000M\000Q\000T\000T\000\040\000i\000n\000\040\000A\000u\000t\000o\000m\000o\000t\000i\000v\000e\000\040\000C\000o\000m\000m\000u\000n\000i\000c\000a\000t\000i\000o\000n}{section.261}% 159
\BOOKMARK [2][-]{subsection.263}{\376\377\000A\000d\000v\000a\000n\000t\000a\000g\000e\000s\000\040\000o\000f\000\040\000M\000Q\000T\000T\000\040\000i\000n\000\040\000A\000u\000t\000o\000m\000o\000t\000i\000v\000e\000\040\000A\000p\000p\000l\000i\000c\000a\000t\000i\000o\000n\000s}{section.261}% 160
\BOOKMARK [2][-]{subsection.264}{\376\377\000I\000n\000t\000r\000o\000d\000u\000c\000i\000n\000g\000\040\000t\000h\000e\000\040\000S\000T\000M\0003\0002\000\040\000G\000u\000a\000r\000d\000\040\000S\000y\000s\000t\000e\000m}{section.261}% 161
\BOOKMARK [2][-]{subsection.265}{\376\377\000T\000h\000e\000\040\000F\000u\000t\000u\000r\000e\000\040\000o\000f\000\040\000M\000Q\000T\000T\000\040\000i\000n\000\040\000S\000m\000a\000r\000t\000\040\000a\000n\000d\000\040\000C\000o\000n\000n\000e\000c\000t\000e\000d\000\040\000A\000u\000t\000o\000m\000o\000t\000i\000v\000e\000\040\000S\000y\000s\000t\000e\000m\000s}{section.261}% 162
\BOOKMARK [1][-]{section.266}{\376\377\000W\000h\000a\000t\000\040\000i\000s\000\040\000M\000Q\000T\000T\000\040\000a\000n\000d\000\040\000H\000o\000w\000\040\000D\000o\000e\000s\000\040\000i\000t\000\040\000W\000o\000r\000k\000?}{chapter.259}% 163
\BOOKMARK [1][-]{section.268}{\376\377\000W\000h\000y\000\040\000M\000Q\000T\000T\000\040\000i\000s\000\040\000u\000s\000e\000d\000\040\000i\000n\000\040\000t\000h\000e\000\040\000a\000u\000t\000o\000m\000o\000t\000i\000v\000e\000\040\000i\000n\000d\000u\000s\000t\000r\000y\000?}{chapter.259}% 164
\BOOKMARK [2][-]{subsubsection*.269}{\376\377\000C\000o\000m\000p\000a\000n\000i\000e\000s\000\040\000U\000s\000i\000n\000g\000\040\000M\000Q\000T\000T\000\040\000i\000n\000\040\000C\000o\000n\000n\000e\000c\000t\000e\000d\000\040\000C\000a\000r\000\040\000S\000e\000r\000v\000i\000c\000e\000s}{section.268}% 165
\BOOKMARK [1][-]{section.270}{\376\377\000S\000T\000M\0003\0002\000\040\000C\000l\000i\000e\000n\000t\000\040\000a\000l\000w\000a\000y\000s\000\040\000A\000w\000a\000k\000e\000\040\000f\000o\000r\000\040\000C\000l\000o\000u\000d\000\040\000C\000o\000m\000m\000u\000n\000i\000c\000a\000t\000i\000o\000n}{chapter.259}% 166
\BOOKMARK [1][-]{section.271}{\376\377\000R\000a\000s\000p\000b\000e\000r\000r\000y\000\040\000P\000i\000\040\000p\000e\000r\000f\000o\000r\000m\000i\000n\000g\000\040\000a\000c\000t\000i\000o\000n\000s\000\040\000b\000a\000s\000e\000d\000\040\000o\000n\000\040\000w\000a\000k\000e\000-\000u\000p}{chapter.259}% 167
\BOOKMARK [1][-]{section.272}{\376\377\000S\000t\000e\000p\000-\000b\000y\000-\000S\000t\000e\000p\000\040\000G\000u\000i\000d\000e\000\040\000w\000a\000k\000i\000n\000g\000\040\000U\000p\000\040\000t\000h\000e\000\040\000R\000a\000s\000p\000b\000e\000r\000r\000y\000\040\000P\000i}{chapter.259}% 168
\BOOKMARK [1][-]{section.273}{\376\377\000S\000T\000M\0003\0002\000\040\000G\000u\000a\000r\000d}{chapter.259}% 169
\BOOKMARK [2][-]{subsection.274}{\376\377\000V\000i\000b\000r\000a\000t\000i\000o\000n\000\040\000a\000n\000d\000\040\000S\000h\000o\000c\000k\000\040\000S\000e\000n\000s\000o\000r\000\040\000I\000n\000t\000e\000r\000f\000a\000c\000e}{section.273}% 170
\BOOKMARK [2][-]{subsection.276}{\376\377\000S\000T\000M\0003\0002\000\040\000M\000i\000c\000r\000o\000c\000o\000n\000t\000r\000o\000l\000l\000e\000r\000\040\000C\000o\000n\000f\000i\000g\000u\000r\000a\000t\000i\000o\000n}{section.273}% 171
\BOOKMARK [2][-]{subsection.277}{\376\377\000U\000s\000e\000r\000\040\000N\000o\000t\000i\000f\000i\000c\000a\000t\000i\000o\000n\000\040\000a\000n\000d\000\040\000W\000a\000k\000e\000-\000U\000p\000\040\000A\000c\000t\000i\000o\000n\000s}{section.273}% 172
\BOOKMARK [2][-]{subsection.279}{\376\377\000W\000a\000k\000e\000-\000U\000p\000\040\000A\000c\000t\000i\000o\000n\000s\000\040\000a\000n\000d\000\040\000R\000a\000s\000p\000b\000e\000r\000r\000y\000\040\000P\000i\000\040\000I\000n\000t\000e\000g\000r\000a\000t\000i\000o\000n}{section.273}% 173
\BOOKMARK [2][-]{subsection.280}{\376\377\000C\000o\000n\000c\000l\000u\000s\000i\000o\000n}{section.273}% 174
\BOOKMARK [0][-]{chapter.281}{\376\377\000C\000o\000n\000c\000l\000u\000s\000i\000o\000n\000\040\000a\000n\000d\000\040\000f\000u\000t\000u\000r\000e\000\040\000w\000o\000r\000k}{}% 175
\BOOKMARK [1][-]{section.282}{\376\377\000C\000o\000n\000c\000l\000u\000s\000i\000o\000n}{chapter.281}% 176
\BOOKMARK [1][-]{section.283}{\376\377\000F\000u\000t\000u\000r\000e\000\040\000W\000o\000r\000k}{chapter.281}% 177
\BOOKMARK [2][-]{subsection.284}{\376\377\000C\000l\000o\000u\000d\000\040\000n\000a\000t\000i\000v\000e\000\040\000D\000e\000v\000e\000l\000o\000p\000m\000e\000n\000t}{section.283}% 178
\BOOKMARK [2][-]{subsection.285}{\376\377\000C\000l\000o\000u\000d\000\040\000N\000a\000t\000i\000v\000e\000\040\000T\000r\000a\000i\000l}{section.283}% 179
\BOOKMARK [0][-]{section*.286}{\376\377\000R\000e\000f\000e\000r\000e\000n\000c\000e\000s}{}% 180
\BOOKMARK [0][-]{section*.287}{\376\377\000A\000r\000a\000b\000i\000c\000\040\000A\000b\000s\000t\000r\000a\000c\000t}{}% 181
