This is LuaHBTeX, Version 1.17.0 (MiKTeX 23.5) (format=lualatex 2023.6.26)  10 JUL 2023 17:40
 restricted system commands enabled.
**main.tex
(./main.tex
LaTeX2e <2023-06-01> patch level 1
L3 programming layer <2023-06-16>
Lua module: luaotfload 2022-10-03 3.23 Lua based OpenType font support
Lua module: lualibs 2022-10-04 2.75 ConTeXt Lua standard libraries.
Lua module: lualibs-extended 2022-10-04 2.75 ConTeXt Lua libraries -- extended c
ollection.
luaotfload | conf : Root cache directory is "C:/Users/moust/AppData/Local/MiKTeX
/luatex-cache/generic/names".
luaotfload | init : Loading fontloader "fontloader-2022-10-03.lua" from kpse-res
olved path "C:/Program Files/MiKTeX/tex/luatex/luaotfload/fontloader-2022-10-03.
lua".
Lua-only attribute luaotfload@noligature = 1
luaotfload | init : Context OpenType loader version 3.120
Inserting `luaotfload.node_processor' in `pre_linebreak_filter'.
Inserting `luaotfload.node_processor' in `hpack_filter'.
Inserting `luaotfload.glyph_stream' in `glyph_stream_provider'.
Inserting `luaotfload.define_font' in `define_font'.
Lua-only attribute luaotfload_color_attribute = 2
luaotfload | conf : Root cache directory is "C:/Users/moust/AppData/Local/MiKTeX
/luatex-cache/generic/names".
Inserting `luaotfload.harf.strip_prefix' in `find_opentype_file'.
Inserting `luaotfload.harf.strip_prefix' in `find_truetype_file'.
Removing  `luaotfload.glyph_stream' from `glyph_stream_provider'.
Inserting `luaotfload.harf.glyphstream' in `glyph_stream_provider'.
Inserting `luaotfload.harf.finalize_vlist' in `post_linebreak_filter'.
Inserting `luaotfload.harf.finalize_hlist' in `hpack_filter'.
Inserting `luaotfload.cleanup_files' in `wrapup_run'.
Inserting `luaotfload.harf.finalize_unicode' in `finish_pdffile'.
Inserting `luaotfload.glyphinfo' in `glyph_info'.
Lua-only attribute luaotfload.letterspace_done = 3
Inserting `luaotfload.aux.set_sscale_dimens' in `luaotfload.patch_font'.
Inserting `luaotfload.aux.set_font_index' in `luaotfload.patch_font'.
Inserting `luaotfload.aux.patch_cambria_domh' in `luaotfload.patch_font'.
Inserting `luaotfload.aux.fixup_fontdata' in `luaotfload.patch_font_unsafe'.
Inserting `luaotfload.aux.set_capheight' in `luaotfload.patch_font'.
Inserting `luaotfload.aux.set_xheight' in `luaotfload.patch_font'.
Inserting `luaotfload.rewrite_fontname' in `luaotfload.patch_font'.
Inserting `tracingstacklevels' in `input_level_string'. (./AASTCOMPUTER.cls
Document Class: AASTCOMPUTER 2017/08/27 v1.6 LaTeXTemplates.com
("C:/Program Files/MiKTeX/tex/latex/etoolbox/etoolbox.sty"
Package: etoolbox 2020/10/05 v2.5k e-TeX tools for LaTeX (JAW)
\etb@tempcnta=\count183
)
("C:/Program Files/MiKTeX/tex/latex/l3packages/xparse/xparse.sty"
("C:/Program Files/MiKTeX/tex/latex/l3kernel/expl3.sty"
Package: expl3 2023-06-16 L3 programming layer (loader) 

("C:/Program Files/MiKTeX/tex/latex/l3backend/l3backend-luatex.def"
File: l3backend-luatex.def 2023-04-19 L3 backend support: PDF output (LuaTeX)
\l__color_backend_stack_int=\count184
Inserting `l3color' in `luaotfload.parse_color'.
\l__pdf_internal_box=\box51
))
Package: xparse 2023-02-02 L3 Experimental document command parser
)
("C:/Program Files/MiKTeX/tex/latex/base/book.cls"
Document Class: book 2023/05/17 v1.4n Standard LaTeX document class
("C:/Program Files/MiKTeX/tex/latex/base/bk12.clo"
File: bk12.clo 2023/05/17 v1.4n Standard LaTeX file (size option)
luaotfload | db : Font names database loaded from C:/Users/moust/AppData/Local/M
iKTeX/luatex-cache/generic/names/luaotfload-names.luc.gz)
\c@part=\count185
\c@chapter=\count186
\c@section=\count187
\c@subsection=\count188
\c@subsubsection=\count189
\c@paragraph=\count190
\c@subparagraph=\count191
\c@figure=\count192
\c@table=\count193
\abovecaptionskip=\skip48
\belowcaptionskip=\skip49
\bibindent=\dimen139
)
(C:/Users/moust/AppData/Roaming/MiKTeX/tex/latex/parskip/parskip.sty
Package: parskip 2021-03-14 v2.0h non-zero parskip adjustments

(C:/Users/moust/AppData/Roaming/MiKTeX/tex/latex/kvoptions/kvoptions.sty
Package: kvoptions 2022-06-15 v3.15 Key value format for package options (HO)

("C:/Program Files/MiKTeX/tex/latex/graphics/keyval.sty"
Package: keyval 2022/05/29 v1.15 key=value parser (DPC)
\KV@toks@=\toks17
)
(C:/Users/moust/AppData/Roaming/MiKTeX/tex/generic/ltxcmds/ltxcmds.sty
Package: ltxcmds 2020-05-10 v1.25 LaTeX kernel commands for general use (HO)
)
(C:/Users/moust/AppData/Roaming/MiKTeX/tex/latex/kvsetkeys/kvsetkeys.sty
Package: kvsetkeys 2022-10-05 v1.19 Key value parser (HO)
)))
(C:/Users/moust/AppData/Roaming/MiKTeX/tex/latex/koma-script/scrbase.sty
Package: scrbase 2023/04/24 v3.40 KOMA-Script package (KOMA-Script-independent 
basics and keyval usage)

(C:/Users/moust/AppData/Roaming/MiKTeX/tex/latex/koma-script/scrlfile.sty
Package: scrlfile 2023/04/24 v3.40 KOMA-Script package (file load hooks)

(C:/Users/moust/AppData/Roaming/MiKTeX/tex/latex/koma-script/scrlfile-hook.sty
Package: scrlfile-hook 2023/04/24 v3.40 KOMA-Script package (using LaTeX hooks)


(C:/Users/moust/AppData/Roaming/MiKTeX/tex/latex/koma-script/scrlogo.sty
Package: scrlogo 2023/04/24 v3.40 KOMA-Script package (logo)
)))
Applying: [2021/05/01] Usage of raw or classic option list on input line 252.
Already applied: [0000/00/00] Usage of raw or classic option list on input line
 368.
)
(C:/Users/moust/AppData/Roaming/MiKTeX/tex/latex/koma-script/scrhack.sty
Package: scrhack 2023/04/24 v3.40 KOMA-Script package (hacking other packages)

(C:/Users/moust/AppData/Roaming/MiKTeX/tex/latex/koma-script/scrkbase.sty
Package: scrkbase 2023/04/24 v3.40 KOMA-Script package (KOMA-Script-dependent b
asics and keyval usage)
)
(C:/Users/moust/AppData/Roaming/MiKTeX/tex/latex/xpatch/xpatch.sty
Package: xpatch 2020/03/25 v0.3a Extending etoolbox patching commands
))
(C:/Users/moust/AppData/Roaming/MiKTeX/tex/latex/setspace/setspace.sty
Package: setspace 2022/12/04 v6.7b set line spacing
)
Package scrhack Info: loading setspace hack on input line 212.

(C:/Users/moust/AppData/Roaming/MiKTeX/tex/latex/koma-script/setspace.hak
File: setspace.hak 2023/04/24 v3.40 KOMA-Script scrhack part (hacking package s
etspace)
)
("C:/Program Files/MiKTeX/tex/latex/tools/longtable.sty"
Package: longtable 2021-09-01 v4.17 Multi-page Table package (DPC)
\LTleft=\skip50
\LTright=\skip51
\LTpre=\skip52
\LTpost=\skip53
\LTchunksize=\count194
\LTcapwidth=\dimen140
\LT@head=\box52
\LT@firsthead=\box53
\LT@foot=\box54
\LT@lastfoot=\box55
\LT@gbox=\box56
\LT@cols=\count195
\LT@rows=\count196
\c@LT@tables=\count197
\c@LT@chunks=\count198
\LT@p@ftn=\toks18
)
(C:/Users/moust/AppData/Roaming/MiKTeX/tex/latex/siunitx/siunitx.sty
Package: siunitx 2023-06-12 v3.2.6 A comprehensive (SI) units package
\l__siunitx_angle_tmp_dim=\dimen141
\l__siunitx_angle_marker_box=\box57
\l__siunitx_angle_unit_box=\box58
\l__siunitx_compound_count_int=\count199

(C:/Users/moust/AppData/Roaming/MiKTeX/tex/latex/translations/translations.sty
Package: translations 2022/02/05 v1.12 internationalization of LaTeX2e packages
 (CN)

("C:/Program Files/MiKTeX/tex/generic/pdftexcmds/pdftexcmds.sty"
Package: pdftexcmds 2020-06-27 v0.33 Utility functions of pdfTeX for LuaTeX (HO
)

(C:/Users/moust/AppData/Roaming/MiKTeX/tex/generic/infwarerr/infwarerr.sty
Package: infwarerr 2019/12/03 v1.5 Providing info/warning/error messages (HO)
)
("C:/Program Files/MiKTeX/tex/generic/iftex/iftex.sty"
Package: iftex 2022/02/03 v1.0f TeX engine tests
)
Package pdftexcmds Info: \pdf@primitive is available.
Package pdftexcmds Info: \pdf@ifprimitive is available.
Package pdftexcmds Info: \pdfdraftmode found.
\pdftexcmds@toks=\toks19
))
\l__siunitx_number_exponent_fixed_int=\count266
\l__siunitx_number_min_decimal_int=\count267
\l__siunitx_number_min_integer_int=\count268
\l__siunitx_number_round_precision_int=\count269
\l__siunitx_number_lower_threshold_int=\count270
\l__siunitx_number_upper_threshold_int=\count271
\l__siunitx_number_group_first_int=\count272
\l__siunitx_number_group_size_int=\count273
\l__siunitx_number_group_minimum_int=\count274

("C:/Program Files/MiKTeX/tex/latex/amsmath/amstext.sty"
Package: amstext 2021/08/26 v2.01 AMS text

("C:/Program Files/MiKTeX/tex/latex/amsmath/amsgen.sty"
File: amsgen.sty 1999/11/30 v2.0 generic functions
\@emptytoks=\toks20
\ex@=\dimen142
))
\l__siunitx_table_tmp_box=\box59
\l__siunitx_table_tmp_dim=\dimen143
\l__siunitx_table_column_width_dim=\dimen144
\l__siunitx_table_integer_box=\box60
\l__siunitx_table_decimal_box=\box61
\l__siunitx_table_uncert_box=\box62
\l__siunitx_table_before_box=\box63
\l__siunitx_table_after_box=\box64
\l__siunitx_table_before_dim=\dimen145
\l__siunitx_table_carry_dim=\dimen146
\l__siunitx_unit_tmp_int=\count275
\l__siunitx_unit_position_int=\count276
\l__siunitx_unit_total_int=\count277

("C:/Program Files/MiKTeX/tex/latex/tools/array.sty"
Package: array 2022/09/04 v2.5g Tabular extension package (FMi)
\col@sep=\dimen147
\ar@mcellbox=\box65
\extrarowheight=\dimen148
\NC@list=\toks21
\extratabsurround=\skip54
\backup@length=\skip55
\ar@cellbox=\box66
))
("C:/Program Files/MiKTeX/tex/latex/graphics/graphicx.sty"
Package: graphicx 2021/09/16 v1.2d Enhanced LaTeX Graphics (DPC,SPQR)

("C:/Program Files/MiKTeX/tex/latex/graphics/graphics.sty"
Package: graphics 2022/03/10 v1.4e Standard LaTeX Graphics (DPC,SPQR)

("C:/Program Files/MiKTeX/tex/latex/graphics/trig.sty"
Package: trig 2021/08/11 v1.11 sin cos tan (DPC)
)
("C:/Program Files/MiKTeX/tex/latex/graphics-cfg/graphics.cfg"
File: graphics.cfg 2016/06/04 v1.11 sample graphics configuration
)
Package graphics Info: Driver file: luatex.def on input line 107.

("C:/Program Files/MiKTeX/tex/latex/graphics-def/luatex.def"
File: luatex.def 2022/09/22 v1.2d Graphics/color driver for luatex
))
\Gin@req@height=\dimen149
\Gin@req@width=\dimen150
)
(C:/Users/moust/AppData/Roaming/MiKTeX/tex/latex/booktabs/booktabs.sty
Package: booktabs 2020/01/12 v1.61803398 Publication quality tables
\heavyrulewidth=\dimen151
\lightrulewidth=\dimen152
\cmidrulewidth=\dimen153
\belowrulesep=\dimen154
\belowbottomsep=\dimen155
\aboverulesep=\dimen156
\abovetopsep=\dimen157
\cmidrulesep=\dimen158
\cmidrulekern=\dimen159
\defaultaddspace=\dimen160
\@cmidla=\count278
\@cmidlb=\count279
\@aboverulesep=\dimen161
\@belowrulesep=\dimen162
\@thisruleclass=\count280
\@lastruleclass=\count281
\@thisrulewidth=\dimen163
)
(C:/Users/moust/AppData/Roaming/MiKTeX/tex/latex/caption/caption.sty
Package: caption 2023/03/12 v3.6j Customizing captions (AR)

(C:/Users/moust/AppData/Roaming/MiKTeX/tex/latex/caption/caption3.sty
Package: caption3 2023/03/12 v2.4 caption3 kernel (AR)
\caption@tempdima=\dimen164
\captionmargin=\dimen165
\caption@leftmargin=\dimen166
\caption@rightmargin=\dimen167
\caption@width=\dimen168
\caption@indent=\dimen169
\caption@parindent=\dimen170
\caption@hangindent=\dimen171
Package caption Info: Standard document class detected.
)
\c@caption@flags=\count282
\c@continuedfloat=\count283
Package caption Info: longtable package is loaded.

(C:/Users/moust/AppData/Roaming/MiKTeX/tex/latex/caption/ltcaption.sty
Package: ltcaption 2021/01/08 v1.4c longtable captions (AR)
))
(C:/Users/moust/AppData/Roaming/MiKTeX/tex/latex/datetime/datetime.sty
Package: datetime 2015/03/20 v2.60 Date Time Package

(C:/Users/moust/AppData/Roaming/MiKTeX/tex/latex/fmtcount/fmtcount.sty
Package: fmtcount 2020/01/30 v3.07

("C:/Program Files/MiKTeX/tex/latex/base/ifthen.sty"
Package: ifthen 2022/04/13 v1.1d Standard LaTeX ifthen package (DPC)
)
("C:/Program Files/MiKTeX/tex/latex/xkeyval/xkeyval.sty"
Package: xkeyval 2022/06/16 v2.9 package option processing (HA)

("C:/Program Files/MiKTeX/tex/generic/xkeyval/xkeyval.tex"
("C:/Program Files/MiKTeX/tex/generic/xkeyval/xkvutils.tex"
\XKV@toks=\toks22
\XKV@tempa@toks=\toks23
)
\XKV@depth=\count284
File: xkeyval.tex 2014/12/03 v2.7a key=value parser (HA)
))
(C:/Users/moust/AppData/Roaming/MiKTeX/tex/latex/fmtcount/fcprefix.sty
Package: fcprefix 2012/09/28

(C:/Users/moust/AppData/Roaming/MiKTeX/tex/latex/fmtcount/fcnumparser.sty
Package: fcnumparser 2017/06/15
\fc@digit@counter=\count285
))
\c@padzeroesN=\count286
\fc@tmpcatcode=\count287
\@DT@modctr=\count288
\@ordinalctr=\count289
\@orgargctr=\count290
\@strctr=\count291
\@tmpstrctr=\count292
\@DT@loopN=\count293
\@DT@X=\count294
)
(C:/Users/moust/AppData/Roaming/MiKTeX/tex/latex/datetime/datetime-defaults.sty
Package: datetime-defaults 2013/09/10
)
\@day=\count295
\@month=\count296
\@year=\count297
\c@HOUR=\count298
\c@HOURXII=\count299
\c@MINUTE=\count300
\c@TOHOUR=\count301
\c@TOMINUTE=\count302
\c@SECOND=\count303
\currenthour=\count304
\currentminute=\count305
\currentsecond=\count306
Package datetime Info: No datetime.cfg file found, using default settings on in
put line 308.
\@dtctr=\count307
\dayofyear=\count308
\dayofweek=\count309
LaTeX Info: Redefining \today on input line 736.
\dt@a=\toks24
\dt@b=\toks25
) (C:/Users/moust/AppData/Roaming/MiKTeX/tex/latex/changepage/changepage.sty
Package: changepage 2009/10/20 v1.0c check page and change page layout
\c@cp@cntr=\count310
\cp@tempcnt=\count311
)
(C:/Users/moust/AppData/Roaming/MiKTeX/tex/latex/ulem/ulem.sty
\UL@box=\box67
\UL@hyphenbox=\box68
\UL@skip=\skip56
\UL@hook=\toks26
\UL@height=\dimen172
\UL@pe=\count312
\UL@pixel=\dimen173
\ULC@box=\box69
Package: ulem 2019/11/18
\ULdepth=\dimen174
)
(C:/Users/moust/AppData/Roaming/MiKTeX/tex/latex/lipsum/lipsum.sty
("C:/Program Files/MiKTeX/tex/latex/l3packages/l3keys2e/l3keys2e.sty"
Package: l3keys2e 2023-02-02 LaTeX2e option processing using LaTeX3 keys
)
Package: lipsum 2021-09-20 v2.7 150 paragraphs of Lorem Ipsum dummy text
\g__lipsum_par_int=\count313
\l__lipsum_a_int=\count314
\l__lipsum_b_int=\count315

(C:/Users/moust/AppData/Roaming/MiKTeX/tex/latex/lipsum/lipsum.ltd.tex))
(C:/Users/moust/AppData/Roaming/MiKTeX/tex/latex/titlesec/titlesec.sty
Package: titlesec 2021/07/05 v2.14 Sectioning titles
\ttl@box=\box70
\beforetitleunit=\skip57
\aftertitleunit=\skip58
\ttl@plus=\dimen175
\ttl@minus=\dimen176
\ttl@toksa=\toks27
\titlewidth=\dimen177
\titlewidthlast=\dimen178
\titlewidthfirst=\dimen179
)
(C:/Users/moust/AppData/Roaming/MiKTeX/tex/latex/csquotes/csquotes.sty
Package: csquotes 2022-09-14 v5.2n context-sensitive quotations (JAW)
\csq@reset=\count316
\csq@gtype=\count317
\csq@glevel=\count318
\csq@qlevel=\count319
\csq@maxlvl=\count320
\csq@tshold=\count321
\csq@ltx@everypar=\toks28

(C:/Users/moust/AppData/Roaming/MiKTeX/tex/latex/csquotes/csquotes.def
File: csquotes.def 2022-09-14 v5.2n csquotes generic definitions (JAW)
)
Package csquotes Info: Trying to load configuration file 'csquotes.cfg'...
Package csquotes Info: ... configuration file loaded successfully.

(C:/Users/moust/AppData/Roaming/MiKTeX/tex/latex/csquotes/csquotes.cfg
File: csquotes.cfg 
)
Package csquotes Info: Disabling multilingual quotes.
Package csquotes Info: Redefining alias 'default' -> 'american'.
)
(C:/Users/moust/AppData/Roaming/MiKTeX/tex/latex/tocloft/tocloft.sty
Package: tocloft 2017/08/31 v2.3i parameterised ToC, etc., typesetting
Package tocloft Info: The document has chapter divisions on input line 51.
\cftparskip=\skip59
\cftbeforetoctitleskip=\skip60
\cftaftertoctitleskip=\skip61
\cftbeforepartskip=\skip62
\cftpartnumwidth=\skip63
\cftpartindent=\skip64
\cftbeforechapskip=\skip65
\cftchapindent=\skip66
\cftchapnumwidth=\skip67
\cftbeforesecskip=\skip68
\cftsecindent=\skip69
\cftsecnumwidth=\skip70
\cftbeforesubsecskip=\skip71
\cftsubsecindent=\skip72
\cftsubsecnumwidth=\skip73
\cftbeforesubsubsecskip=\skip74
\cftsubsubsecindent=\skip75
\cftsubsubsecnumwidth=\skip76
\cftbeforeparaskip=\skip77
\cftparaindent=\skip78
\cftparanumwidth=\skip79
\cftbeforesubparaskip=\skip80
\cftsubparaindent=\skip81
\cftsubparanumwidth=\skip82
\cftbeforeloftitleskip=\skip83
\cftafterloftitleskip=\skip84
\cftbeforefigskip=\skip85
\cftfigindent=\skip86
\cftfignumwidth=\skip87
\c@lofdepth=\count322
\c@lotdepth=\count323
\cftbeforelottitleskip=\skip88
\cftafterlottitleskip=\skip89
\cftbeforetabskip=\skip90
\cfttabindent=\skip91
\cfttabnumwidth=\skip92


Package tocloft Warning: \@starttoc has already been redefined; tocloft bailing
 out. on input line 1156.

) ("C:/Program Files/MiKTeX/tex/latex/biblatex/biblatex.sty"
Package: biblatex 2023/03/05 v3.19 programmable bibliographies (PK/MW)

(C:/Users/moust/AppData/Roaming/MiKTeX/tex/latex/logreq/logreq.sty
Package: logreq 2010/08/04 v1.0 xml request logger
\lrq@indent=\count324

(C:/Users/moust/AppData/Roaming/MiKTeX/tex/latex/logreq/logreq.def
File: logreq.def 2010/08/04 v1.0 logreq spec v1.0
))
("C:/Program Files/MiKTeX/tex/latex/url/url.sty"
\Urlmuskip=\muskip16
Package: url 2013/09/16  ver 3.4  Verb mode for urls, etc.
)
\c@tabx@nest=\count325
\c@listtotal=\count326
\c@listcount=\count327
\c@liststart=\count328
\c@liststop=\count329
\c@citecount=\count330
\c@citetotal=\count331
\c@multicitecount=\count332
\c@multicitetotal=\count333
\c@instcount=\count334
\c@maxnames=\count335
\c@minnames=\count336
\c@maxitems=\count337
\c@minitems=\count338
\c@citecounter=\count339
\c@maxcitecounter=\count340
\c@savedcitecounter=\count341
\c@uniquelist=\count342
\c@uniquename=\count343
\c@refsection=\count344
\c@refsegment=\count345
\c@maxextratitle=\count346
\c@maxextratitleyear=\count347
\c@maxextraname=\count348
\c@maxextradate=\count349
\c@maxextraalpha=\count350
\c@abbrvpenalty=\count351
\c@highnamepenalty=\count352
\c@lownamepenalty=\count353
\c@maxparens=\count354
\c@parenlevel=\count355
\blx@tempcnta=\count356
\blx@tempcntb=\count357
\blx@tempcntc=\count358
\c@blx@maxsection=\count359
\blx@maxsegment@0=\count360
\blx@notetype=\count361
\blx@parenlevel@text=\count362
\blx@parenlevel@foot=\count363
\blx@sectionciteorder@0=\count364
\blx@sectionciteorderinternal@0=\count365
\blx@entrysetcounter=\count366
\blx@biblioinstance=\count367
\labelnumberwidth=\skip93
\labelalphawidth=\skip94
\biblabelsep=\skip95
\bibitemsep=\skip96
\bibnamesep=\skip97
\bibinitsep=\skip98
\bibparsep=\skip99
\bibhang=\skip100
\blx@bcfin=\read2
\blx@bcfout=\write3
\blx@langwohyphens=\language2
\c@mincomprange=\count368
\c@maxcomprange=\count369
\c@mincompwidth=\count370
Package biblatex Info: Trying to load biblatex default data model...
Package biblatex Info: ... file 'blx-dm.def' found.

("C:/Program Files/MiKTeX/tex/latex/biblatex/blx-dm.def"
File: blx-dm.def 2023/03/05 v3.19 biblatex localization (PK/MW)
)
Package biblatex Info: Trying to load biblatex style data model...
Package biblatex Info: ... file 'numeric-comp.dbx' not found.
Package biblatex Info: Trying to load biblatex custom data model...
Package biblatex Info: ... file 'biblatex-dm.cfg' not found.
\c@afterword=\count371
\c@savedafterword=\count372
\c@annotator=\count373
\c@savedannotator=\count374
\c@author=\count375
\c@savedauthor=\count376
\c@bookauthor=\count377
\c@savedbookauthor=\count378
\c@commentator=\count379
\c@savedcommentator=\count380
\c@editor=\count381
\c@savededitor=\count382
\c@editora=\count383
\c@savededitora=\count384
\c@editorb=\count385
\c@savededitorb=\count386
\c@editorc=\count387
\c@savededitorc=\count388
\c@foreword=\count389
\c@savedforeword=\count390
\c@holder=\count391
\c@savedholder=\count392
\c@introduction=\count393
\c@savedintroduction=\count394
\c@namea=\count395
\c@savednamea=\count396
\c@nameb=\count397
\c@savednameb=\count398
\c@namec=\count399
\c@savednamec=\count400
\c@translator=\count401
\c@savedtranslator=\count402
\c@shortauthor=\count403
\c@savedshortauthor=\count404
\c@shorteditor=\count405
\c@savedshorteditor=\count406
\c@labelname=\count407
\c@savedlabelname=\count408
\c@institution=\count409
\c@savedinstitution=\count410
\c@lista=\count411
\c@savedlista=\count412
\c@listb=\count413
\c@savedlistb=\count414
\c@listc=\count415
\c@savedlistc=\count416
\c@listd=\count417
\c@savedlistd=\count418
\c@liste=\count419
\c@savedliste=\count420
\c@listf=\count421
\c@savedlistf=\count422
\c@location=\count423
\c@savedlocation=\count424
\c@organization=\count425
\c@savedorganization=\count426
\c@origlocation=\count427
\c@savedoriglocation=\count428
\c@origpublisher=\count429
\c@savedorigpublisher=\count430
\c@publisher=\count431
\c@savedpublisher=\count432
\c@language=\count433
\c@savedlanguage=\count434
\c@origlanguage=\count435
\c@savedoriglanguage=\count436
\c@pageref=\count437
\c@savedpageref=\count438
\shorthandwidth=\skip101
\shortjournalwidth=\skip102
\shortserieswidth=\skip103
\shorttitlewidth=\skip104
\shortauthorwidth=\skip105
\shorteditorwidth=\skip106
\locallabelnumberwidth=\skip107
\locallabelalphawidth=\skip108
\localshorthandwidth=\skip109
\localshortjournalwidth=\skip110
\localshortserieswidth=\skip111
\localshorttitlewidth=\skip112
\localshortauthorwidth=\skip113
\localshorteditorwidth=\skip114
Package biblatex Info: Trying to load enhanced support for Unicode engines...
Package biblatex Info: ... file 'blx-unicode.def' found.

("C:/Program Files/MiKTeX/tex/latex/biblatex/blx-unicode.def")
Package biblatex Info: Trying to load compatibility code...
Package biblatex Info: ... file 'blx-compat.def' found.

("C:/Program Files/MiKTeX/tex/latex/biblatex/blx-compat.def"
File: blx-compat.def 2023/03/05 v3.19 biblatex compatibility (PK/MW)
)
Package biblatex Info: Trying to load BibTeX backend compatibility...
Package biblatex Info: ... file 'blx-bibtex.def' found.

("C:/Program Files/MiKTeX/tex/latex/biblatex/blx-bibtex.def"
File: blx-bibtex.def 2023/03/05 v3.19 biblatex compatibility (PK/MW)


Package biblatex Warning: Using fall-back bibtex backend:
(biblatex)                functionality may be reduced/unavailable.

)
Package biblatex Info: Trying to load generic definitions...
Package biblatex Info: ... file 'biblatex.def' found.
 ("C:/Program Files/MiKTeX/tex/latex/biblatex/biblatex.def"
File: biblatex.def 2023/03/05 v3.19 biblatex compatibility (PK/MW)
\c@textcitecount=\count439
\c@textcitetotal=\count440
\c@textcitemaxnames=\count441
\c@biburlbigbreakpenalty=\count442
\c@biburlbreakpenalty=\count443
\c@biburlnumpenalty=\count444
\c@biburlucpenalty=\count445
\c@biburllcpenalty=\count446
\biburlbigskip=\muskip17
\biburlnumskip=\muskip18
\biburlucskip=\muskip19
\biburllcskip=\muskip20
\c@smartand=\count447
)
Package biblatex Info: Trying to load natbib compatibility...
Package biblatex Info: ... file 'blx-natbib.def' found.

("C:/Program Files/MiKTeX/tex/latex/biblatex/blx-natbib.def"
File: blx-natbib.def 2023/03/05 v3.19 biblatex compatibility (PK/MW)
Package biblatex Info: Delimiter 'nameyeardelim' in context '' already defined,
 overwriting.
)
Package biblatex Info: Trying to load bibliography style 'numeric-comp'...
Package biblatex Info: ... file 'numeric-comp.bbx' found.

("C:/Program Files/MiKTeX/tex/latex/biblatex/bbx/numeric-comp.bbx"
File: numeric-comp.bbx 2023/03/05 v3.19 biblatex bibliography style (PK/MW)
Package biblatex Info: Trying to load bibliography style 'numeric'...
Package biblatex Info: ... file 'numeric.bbx' found.

("C:/Program Files/MiKTeX/tex/latex/biblatex/bbx/numeric.bbx"
File: numeric.bbx 2023/03/05 v3.19 biblatex bibliography style (PK/MW)
Package biblatex Info: Trying to load bibliography style 'standard'...
Package biblatex Info: ... file 'standard.bbx' found.

("C:/Program Files/MiKTeX/tex/latex/biblatex/bbx/standard.bbx"
File: standard.bbx 2023/03/05 v3.19 biblatex bibliography style (PK/MW)
\c@bbx:relatedcount=\count448
\c@bbx:relatedtotal=\count449
)))
Package biblatex Info: Trying to load citation style 'numeric-comp'...
Package biblatex Info: ... file 'numeric-comp.cbx' found.

("C:/Program Files/MiKTeX/tex/latex/biblatex/cbx/numeric-comp.cbx"
File: numeric-comp.cbx 2023/03/05 v3.19 biblatex citation style (PK/MW)
\c@cbx@tempcnta=\count450
\c@cbx@tempcntb=\count451
\c@cbx@tempcntc=\count452
\c@cbx@tempcntd=\count453
Package biblatex Info: Redefining '\cite'.
Package biblatex Info: Redefining '\parencite'.
Package biblatex Info: Redefining '\footcite'.
Package biblatex Info: Redefining '\footcitetext'.
Package biblatex Info: Redefining '\smartcite'.
Package biblatex Info: Redefining '\supercite'.
Package biblatex Info: Redefining '\textcite'.
Package biblatex Info: Redefining '\textcites'.
Package biblatex Info: Redefining '\cites'.
Package biblatex Info: Redefining '\parencites'.
Package biblatex Info: Redefining '\smartcites'.
)
Package biblatex Info: Trying to load configuration file...
Package biblatex Info: ... file 'biblatex.cfg' found.

("C:/Program Files/MiKTeX/tex/latex/biblatex/biblatex.cfg"
File: biblatex.cfg 
)
Package biblatex Info: LuaTeX detected.
(biblatex)             Assuming input encoding 'utf8'.
Package biblatex Info: Document encoding is UTF8 ....
Package biblatex Info: ... and expl3
(biblatex)             2023-06-16 L3 programming layer (loader) 
(biblatex)             is new enough (at least 2020/04/06),
(biblatex)             setting 'casechanger=expl3'.

("C:/Program Files/MiKTeX/tex/latex/biblatex/blx-case-expl3.sty"
Package: blx-case-expl3 2023/03/05 v3.19 expl3 case changing code for biblatex
))
(C:/Users/moust/AppData/Roaming/MiKTeX/tex/latex/geometry/geometry.sty
Package: geometry 2020/01/02 v5.9 Page Geometry

("C:/Program Files/MiKTeX/tex/generic/iftex/ifvtex.sty"
Package: ifvtex 2019/10/25 v1.7 ifvtex legacy package. Use iftex instead.
)
\Gm@cnth=\count454
\Gm@cntv=\count455
\c@Gm@tempcnt=\count456
\Gm@bindingoffset=\dimen180
\Gm@wd@mp=\dimen181
\Gm@odd@mp=\dimen182
\Gm@even@mp=\dimen183
\Gm@layoutwidth=\dimen184
\Gm@layoutheight=\dimen185
\Gm@layouthoffset=\dimen186
\Gm@layoutvoffset=\dimen187
\Gm@dimlist=\toks29

(C:/Users/moust/AppData/Roaming/MiKTeX/tex/latex/geometry/geometry.cfg))
(C:/Users/moust/AppData/Roaming/MiKTeX/tex/latex/koma-script/scrlayer-scrpage.s
ty
Package: scrlayer-scrpage 2023/04/24 v3.40 KOMA-Script package (end user interf
ace for scrlayer)
 (C:/Users/moust/AppData/Roaming/MiKTeX/tex/latex/koma-script/scrlayer.sty
Package: scrlayer 2023/04/24 v3.40 KOMA-Script package (defining layers and pag
e styles)
\footheight=\skip115
Package scrlayer Info: patching LaTeX kernel macro \pagestyle on input line 217
6.
)
Package scrbase Info: Unknown processing state.
(scrbase)             Processing option `markcase=used'
(scrbase)             of member `.scrlayer-scrpage.sty' of family
(scrbase)             `KOMA' doesn't set
(scrbase)             a valid state. This will be interpreted
(scrbase)             as \FamilyKeyStateProcessed on input line 640.


Package scrlayer-scrpage Warning: it seems that package `titlesec' is used
(scrlayer-scrpage)                and has already defined `\newpagestyle'.
(scrlayer-scrpage)                To avoid this warning message, you should
(scrlayer-scrpage)                load package `titlesec' not before package
(scrlayer-scrpage)                `scrlayer-scrpage'. If you need `titlesec'
(scrlayer-scrpage)                you could load it after `scrlayer-scrpage',
(scrlayer-scrpage)                but you still would not be able to use
(scrlayer-scrpage)                the `titlesec' implemenation of
(scrlayer-scrpage)                `\newpagestyle'.


Package scrlayer-scrpage Warning: It seems that package `titlesec' is used
(scrlayer-scrpage)                and has already defined `\renewpagestyle'.
(scrlayer-scrpage)                To avoid this warning message, you should
(scrlayer-scrpage)                load package `titlesec' not before package
(scrlayer-scrpage)                `scrlayer-scrpage'. If you need `titlesec'
(scrlayer-scrpage)                you could load it after `scrlayer-scrpage',
(scrlayer-scrpage)                but you still would not be able to use
(scrlayer-scrpage)                the `titlesec' implemenation of
(scrlayer-scrpage)                `\renewpagestyle'.

)
1: chapter
1: chapter
1: section
\@lmabbre=\dimen188
\@lcabbre=\dimen189
\@rcabbre=\dimen190
\@scabbre=\dimen191
\@pcabbre=\dimen192
) ("C:/Program Files/MiKTeX/tex/latex/fontspec/fontspec.sty"
Package: fontspec 2022/01/15 v2.8a Font selection for XeLaTeX and LuaLaTeX
Lua module: fontspec 2022/01/15 2.8a Font selection for XeLaTeX and LuaLaTeX
("C:/Program Files/MiKTeX/tex/latex/fontspec/fontspec-luatex.sty"
Package: fontspec-luatex 2022/01/15 v2.8a Font selection for XeLaTeX and LuaLaT
eX
\l__fontspec_script_int=\count457
\l__fontspec_language_int=\count458
\l__fontspec_strnum_int=\count459
\l__fontspec_tmp_int=\count460
\l__fontspec_tmpa_int=\count461
\l__fontspec_tmpb_int=\count462
\l__fontspec_tmpc_int=\count463
\l__fontspec_em_int=\count464
\l__fontspec_emdef_int=\count465
\l__fontspec_strong_int=\count466
\l__fontspec_strongdef_int=\count467
\l__fontspec_tmpa_dim=\dimen193
\l__fontspec_tmpb_dim=\dimen194
\l__fontspec_tmpc_dim=\dimen195

("C:/Program Files/MiKTeX/tex/latex/base/fontenc.sty"
Package: fontenc 2021/04/29 v2.0v Standard LaTeX package
)
("C:/Program Files/MiKTeX/tex/latex/fontspec/fontspec.cfg")))

Package fontspec Info: Font family 'times(0)' created for font 'times' with
(fontspec)             options [Ligatures=TeX,Extension = .ttf,BoldFont =
(fontspec)             *bd,ItalicFont = *i,BoldItalicFont = *bi].
(fontspec)              
(fontspec)              This font family consists of the following NFSS
(fontspec)             series/shapes:
(fontspec)              
(fontspec)             - 'normal' (m/n) with NFSS spec.:
(fontspec)             <->"[times.ttf]:mode=node;script=latn;language=dflt;+tli
g;"
(fontspec)             - 'small caps'  (m/sc) with NFSS spec.:
(fontspec)             <->"[times.ttf]:mode=node;script=latn;language=dflt;+tli
g;+smcp;"
(fontspec)             - 'bold' (b/n) with NFSS spec.:
(fontspec)             <->"[timesbd.ttf]:mode=node;script=latn;language=dflt;+t
lig;"
(fontspec)             - 'bold small caps'  (b/sc) with NFSS spec.:
(fontspec)             <->"[timesbd.ttf]:mode=node;script=latn;language=dflt;+t
lig;+smcp;"
(fontspec)             - 'italic' (m/it) with NFSS spec.:
(fontspec)             <->"[timesi.ttf]:mode=node;script=latn;language=dflt;+tl
ig;"
(fontspec)             - 'italic small caps'  (m/scit) with NFSS spec.:
(fontspec)             <->"[timesi.ttf]:mode=node;script=latn;language=dflt;+tl
ig;+smcp;"
(fontspec)             - 'bold italic' (b/it) with NFSS spec.:
(fontspec)             <->"[timesbi.ttf]:mode=node;script=latn;language=dflt;+t
lig;"
(fontspec)             - 'bold italic small caps'  (b/scit) with NFSS spec.:
(fontspec)             <->"[timesbi.ttf]:mode=node;script=latn;language=dflt;+t
lig;+smcp;"

luaotfload | cache : Lookup cache loaded from C:/Users/moust/AppData/Local/MiKTe
X/luatex-cache/generic/names/luaotfload-lookup-cache.luc.
luaotfload | aux : font no 31 (nil) does not define feature smcp for script arab
 with language dflt
luaotfload | aux : font no 32 (nil) does not define feature smcp for script arab
 with language dflt
luaotfload | aux : font no 33 (nil) does not define feature smcp for script arab
 with language dflt
luaotfload | aux : font no 34 (nil) does not define feature smcp for script arab
 with language dflt

Package fontspec Info: Font family 'Arial(0)' created for font 'Arial' with
(fontspec)             options [Script=Arabic,Scale=1.2].
(fontspec)              
(fontspec)              This font family consists of the following NFSS
(fontspec)             series/shapes:
(fontspec)              
(fontspec)             - 'normal' (m/n) with NFSS spec.:
(fontspec)             <->s*[1.2]"Arial:mode=node;script=arab;language=dflt;"
(fontspec)             - 'small caps'  (m/sc) with NFSS spec.: 
(fontspec)             - 'bold' (b/n) with NFSS spec.:
(fontspec)             <->s*[1.2]"Arial/B:mode=node;script=arab;language=dflt;"

(fontspec)             - 'bold small caps'  (b/sc) with NFSS spec.: 
(fontspec)             - 'italic' (m/it) with NFSS spec.:
(fontspec)             <->s*[1.2]"Arial/I:mode=node;script=arab;language=dflt;"

(fontspec)             - 'italic small caps'  (m/scit) with NFSS spec.: 
(fontspec)             - 'bold italic' (b/it) with NFSS spec.:
(fontspec)             <->s*[1.2]"Arial/BI:mode=node;script=arab;language=dflt;
"
(fontspec)             - 'bold italic small caps'  (b/scit) with NFSS spec.: 


("C:/Program Files/MiKTeX/tex/latex/pgf/frontendlayer/tikz.sty"
("C:/Program Files/MiKTeX/tex/latex/pgf/basiclayer/pgf.sty"
("C:/Program Files/MiKTeX/tex/latex/pgf/utilities/pgfrcs.sty"
("C:/Program Files/MiKTeX/tex/generic/pgf/utilities/pgfutil-common.tex"
\pgfutil@everybye=\toks30
\pgfutil@tempdima=\dimen196
\pgfutil@tempdimb=\dimen197
)
("C:/Program Files/MiKTeX/tex/generic/pgf/utilities/pgfutil-latex.def"
\pgfutil@abb=\box71
)
("C:/Program Files/MiKTeX/tex/generic/pgf/utilities/pgfrcs.code.tex"
("C:/Program Files/MiKTeX/tex/generic/pgf/pgf.revision.tex")
Package: pgfrcs 2023-01-15 v3.1.10 (3.1.10)
))
Package: pgf 2023-01-15 v3.1.10 (3.1.10)

("C:/Program Files/MiKTeX/tex/latex/pgf/basiclayer/pgfcore.sty"
("C:/Program Files/MiKTeX/tex/latex/pgf/systemlayer/pgfsys.sty"
("C:/Program Files/MiKTeX/tex/generic/pgf/systemlayer/pgfsys.code.tex"
Package: pgfsys 2023-01-15 v3.1.10 (3.1.10)

("C:/Program Files/MiKTeX/tex/generic/pgf/utilities/pgfkeys.code.tex"
\pgfkeys@pathtoks=\toks31
\pgfkeys@temptoks=\toks32

("C:/Program Files/MiKTeX/tex/generic/pgf/utilities/pgfkeyslibraryfiltered.code
.tex"
\pgfkeys@tmptoks=\toks33
))
\pgf@x=\dimen198
\pgf@y=\dimen199
\pgf@xa=\dimen256
\pgf@ya=\dimen257
\pgf@xb=\dimen258
\pgf@yb=\dimen259
\pgf@xc=\dimen260
\pgf@yc=\dimen261
\pgf@xd=\dimen262
\pgf@yd=\dimen263
\w@pgf@writea=\write4
\r@pgf@reada=\read3
\c@pgf@counta=\count468
\c@pgf@countb=\count469
\c@pgf@countc=\count470
\c@pgf@countd=\count471
\t@pgf@toka=\toks34
\t@pgf@tokb=\toks35
\t@pgf@tokc=\toks36
\pgf@sys@id@count=\count472
 ("C:/Program Files/MiKTeX/tex/generic/pgf/systemlayer/pgf.cfg"
File: pgf.cfg 2023-01-15 v3.1.10 (3.1.10)
)
Driver file for pgf: pgfsys-luatex.def

("C:/Program Files/MiKTeX/tex/generic/pgf/systemlayer/pgfsys-luatex.def"
File: pgfsys-luatex.def 2023-01-15 v3.1.10 (3.1.10)

("C:/Program Files/MiKTeX/tex/generic/pgf/systemlayer/pgfsys-common-pdf.def"
File: pgfsys-common-pdf.def 2023-01-15 v3.1.10 (3.1.10)
))) ("C:/Program Files/MiKTeX/tex/generic/pgf/systemlayer/pgfsyssoftpath.code.t
ex"
File: pgfsyssoftpath.code.tex 2023-01-15 v3.1.10 (3.1.10)
\pgfsyssoftpath@smallbuffer@items=\count473
\pgfsyssoftpath@bigbuffer@items=\count474
) ("C:/Program Files/MiKTeX/tex/generic/pgf/systemlayer/pgfsysprotocol.code.tex
"
File: pgfsysprotocol.code.tex 2023-01-15 v3.1.10 (3.1.10)
)) ("C:/Program Files/MiKTeX/tex/latex/xcolor/xcolor.sty"
Package: xcolor 2022/06/12 v2.14 LaTeX color extensions (UK)

("C:/Program Files/MiKTeX/tex/latex/graphics-cfg/color.cfg"
File: color.cfg 2016/01/02 v1.6 sample color configuration
)
Package xcolor Info: Driver file: luatex.def on input line 227.

("C:/Program Files/MiKTeX/tex/latex/graphics/mathcolor.ltx")
Package xcolor Info: Model `cmy' substituted by `cmy0' on input line 1353.
Package xcolor Info: Model `hsb' substituted by `rgb' on input line 1357.
Package xcolor Info: Model `RGB' extended on input line 1369.
Package xcolor Info: Model `HTML' substituted by `rgb' on input line 1371.
Package xcolor Info: Model `Hsb' substituted by `hsb' on input line 1372.
Package xcolor Info: Model `tHsb' substituted by `hsb' on input line 1373.
Package xcolor Info: Model `HSB' substituted by `hsb' on input line 1374.
Package xcolor Info: Model `Gray' substituted by `gray' on input line 1375.
Package xcolor Info: Model `wave' substituted by `hsb' on input line 1376.
)
("C:/Program Files/MiKTeX/tex/generic/pgf/basiclayer/pgfcore.code.tex"
Package: pgfcore 2023-01-15 v3.1.10 (3.1.10)

("C:/Program Files/MiKTeX/tex/generic/pgf/math/pgfmath.code.tex"
("C:/Program Files/MiKTeX/tex/generic/pgf/math/pgfmathutil.code.tex")
("C:/Program Files/MiKTeX/tex/generic/pgf/math/pgfmathparser.code.tex"
\pgfmath@dimen=\dimen264
\pgfmath@count=\count475
\pgfmath@box=\box72
\pgfmath@toks=\toks37
\pgfmath@stack@operand=\toks38
\pgfmath@stack@operation=\toks39
)
("C:/Program Files/MiKTeX/tex/generic/pgf/math/pgfmathfunctions.code.tex")
("C:/Program Files/MiKTeX/tex/generic/pgf/math/pgfmathfunctions.basic.code.tex"
)
("C:/Program Files/MiKTeX/tex/generic/pgf/math/pgfmathfunctions.trigonometric.c
ode.tex")
("C:/Program Files/MiKTeX/tex/generic/pgf/math/pgfmathfunctions.random.code.tex
")
("C:/Program Files/MiKTeX/tex/generic/pgf/math/pgfmathfunctions.comparison.code
.tex")
("C:/Program Files/MiKTeX/tex/generic/pgf/math/pgfmathfunctions.base.code.tex") ("C:/Program Files/MiKTeX/tex/generic/pgf/math/pgfmathfunctions.round.code.tex") ("C:/Program Files/MiKTeX/tex/generic/pgf/math/pgfmathfunctions.misc.code.tex")
("C:/Program Files/MiKTeX/tex/generic/pgf/math/pgfmathfunctions.integerarithmet
ics.code.tex")
("C:/Program Files/MiKTeX/tex/generic/pgf/math/pgfmathcalc.code.tex")
("C:/Program Files/MiKTeX/tex/generic/pgf/math/pgfmathfloat.code.tex"
\c@pgfmathroundto@lastzeros=\count476
))
("C:/Program Files/MiKTeX/tex/generic/pgf/math/pgfint.code.tex")
("C:/Program Files/MiKTeX/tex/generic/pgf/basiclayer/pgfcorepoints.code.tex"
File: pgfcorepoints.code.tex 2023-01-15 v3.1.10 (3.1.10)
\pgf@picminx=\dimen265
\pgf@picmaxx=\dimen266
\pgf@picminy=\dimen267
\pgf@picmaxy=\dimen268
\pgf@pathminx=\dimen269
\pgf@pathmaxx=\dimen270
\pgf@pathminy=\dimen271
\pgf@pathmaxy=\dimen272
\pgf@xx=\dimen273
\pgf@xy=\dimen274
\pgf@yx=\dimen275
\pgf@yy=\dimen276
\pgf@zx=\dimen277
\pgf@zy=\dimen278
)
("C:/Program Files/MiKTeX/tex/generic/pgf/basiclayer/pgfcorepathconstruct.code.
tex"
File: pgfcorepathconstruct.code.tex 2023-01-15 v3.1.10 (3.1.10)
\pgf@path@lastx=\dimen279
\pgf@path@lasty=\dimen280
)
("C:/Program Files/MiKTeX/tex/generic/pgf/basiclayer/pgfcorepathusage.code.tex"
File: pgfcorepathusage.code.tex 2023-01-15 v3.1.10 (3.1.10)
\pgf@shorten@end@additional=\dimen281
\pgf@shorten@start@additional=\dimen282
) ("C:/Program Files/MiKTeX/tex/generic/pgf/basiclayer/pgfcorescopes.code.tex"
File: pgfcorescopes.code.tex 2023-01-15 v3.1.10 (3.1.10)
\pgfpic=\box73
\pgf@hbox=\box74
\pgf@layerbox@main=\box75
\pgf@picture@serial@count=\count477
)
("C:/Program Files/MiKTeX/tex/generic/pgf/basiclayer/pgfcoregraphicstate.code.t
ex"
File: pgfcoregraphicstate.code.tex 2023-01-15 v3.1.10 (3.1.10)
\pgflinewidth=\dimen283
)
("C:/Program Files/MiKTeX/tex/generic/pgf/basiclayer/pgfcoretransformations.cod
e.tex"
File: pgfcoretransformations.code.tex 2023-01-15 v3.1.10 (3.1.10)
\pgf@pt@x=\dimen284
\pgf@pt@y=\dimen285
\pgf@pt@temp=\dimen286
)
("C:/Program Files/MiKTeX/tex/generic/pgf/basiclayer/pgfcorequick.code.tex"
File: pgfcorequick.code.tex 2023-01-15 v3.1.10 (3.1.10)
)
("C:/Program Files/MiKTeX/tex/generic/pgf/basiclayer/pgfcoreobjects.code.tex"
File: pgfcoreobjects.code.tex 2023-01-15 v3.1.10 (3.1.10)
)
("C:/Program Files/MiKTeX/tex/generic/pgf/basiclayer/pgfcorepathprocessing.code
.tex"
File: pgfcorepathprocessing.code.tex 2023-01-15 v3.1.10 (3.1.10)
)
("C:/Program Files/MiKTeX/tex/generic/pgf/basiclayer/pgfcorearrows.code.tex"
File: pgfcorearrows.code.tex 2023-01-15 v3.1.10 (3.1.10)
\pgfarrowsep=\dimen287
)
("C:/Program Files/MiKTeX/tex/generic/pgf/basiclayer/pgfcoreshade.code.tex"
File: pgfcoreshade.code.tex 2023-01-15 v3.1.10 (3.1.10)
\pgf@max=\dimen288
\pgf@sys@shading@range@num=\count478
\pgf@shadingcount=\count479
)
("C:/Program Files/MiKTeX/tex/generic/pgf/basiclayer/pgfcoreimage.code.tex"
File: pgfcoreimage.code.tex 2023-01-15 v3.1.10 (3.1.10)
)
("C:/Program Files/MiKTeX/tex/generic/pgf/basiclayer/pgfcoreexternal.code.tex"
File: pgfcoreexternal.code.tex 2023-01-15 v3.1.10 (3.1.10)
\pgfexternal@startupbox=\box76
) ("C:/Program Files/MiKTeX/tex/generic/pgf/basiclayer/pgfcorelayers.code.tex"
File: pgfcorelayers.code.tex 2023-01-15 v3.1.10 (3.1.10)
)
("C:/Program Files/MiKTeX/tex/generic/pgf/basiclayer/pgfcoretransparency.code.t
ex"
File: pgfcoretransparency.code.tex 2023-01-15 v3.1.10 (3.1.10)
)
("C:/Program Files/MiKTeX/tex/generic/pgf/basiclayer/pgfcorepatterns.code.tex"
File: pgfcorepatterns.code.tex 2023-01-15 v3.1.10 (3.1.10)
) ("C:/Program Files/MiKTeX/tex/generic/pgf/basiclayer/pgfcorerdf.code.tex"
File: pgfcorerdf.code.tex 2023-01-15 v3.1.10 (3.1.10)
)))
("C:/Program Files/MiKTeX/tex/generic/pgf/modules/pgfmoduleshapes.code.tex"
File: pgfmoduleshapes.code.tex 2023-01-15 v3.1.10 (3.1.10)
\pgfnodeparttextbox=\box77
)
("C:/Program Files/MiKTeX/tex/generic/pgf/modules/pgfmoduleplot.code.tex"
File: pgfmoduleplot.code.tex 2023-01-15 v3.1.10 (3.1.10)
)
("C:/Program Files/MiKTeX/tex/latex/pgf/compatibility/pgfcomp-version-0-65.sty"
Package: pgfcomp-version-0-65 2023-01-15 v3.1.10 (3.1.10)
\pgf@nodesepstart=\dimen289
\pgf@nodesepend=\dimen290
) ("C:/Program Files/MiKTeX/tex/latex/pgf/compatibility/pgfcomp-version-1-18.st
y"
Package: pgfcomp-version-1-18 2023-01-15 v3.1.10 (3.1.10)
)) ("C:/Program Files/MiKTeX/tex/latex/pgf/utilities/pgffor.sty"
("C:/Program Files/MiKTeX/tex/latex/pgf/utilities/pgfkeys.sty"
("C:/Program Files/MiKTeX/tex/generic/pgf/utilities/pgfkeys.code.tex"))
("C:/Program Files/MiKTeX/tex/latex/pgf/math/pgfmath.sty"
("C:/Program Files/MiKTeX/tex/generic/pgf/math/pgfmath.code.tex"))
("C:/Program Files/MiKTeX/tex/generic/pgf/utilities/pgffor.code.tex"
Package: pgffor 2023-01-15 v3.1.10 (3.1.10)
\pgffor@iter=\dimen291
\pgffor@skip=\dimen292
\pgffor@stack=\toks40
\pgffor@toks=\toks41
))
("C:/Program Files/MiKTeX/tex/generic/pgf/frontendlayer/tikz/tikz.code.tex"
Package: tikz 2023-01-15 v3.1.10 (3.1.10)

("C:/Program Files/MiKTeX/tex/generic/pgf/libraries/pgflibraryplothandlers.code
.tex"
File: pgflibraryplothandlers.code.tex 2023-01-15 v3.1.10 (3.1.10)
\pgf@plot@mark@count=\count480
\pgfplotmarksize=\dimen293
)
\tikz@lastx=\dimen294
\tikz@lasty=\dimen295
\tikz@lastxsaved=\dimen296
\tikz@lastysaved=\dimen297
\tikz@lastmovetox=\dimen298
\tikz@lastmovetoy=\dimen299
\tikzleveldistance=\dimen300
\tikzsiblingdistance=\dimen301
\tikz@figbox=\box78
\tikz@figbox@bg=\box79
\tikz@tempbox=\box80
\tikz@tempbox@bg=\box81
\tikztreelevel=\count481
\tikznumberofchildren=\count482
\tikznumberofcurrentchild=\count483
\tikz@fig@count=\count484

("C:/Program Files/MiKTeX/tex/generic/pgf/modules/pgfmodulematrix.code.tex"
File: pgfmodulematrix.code.tex 2023-01-15 v3.1.10 (3.1.10)
\pgfmatrixcurrentrow=\count485
\pgfmatrixcurrentcolumn=\count486
\pgf@matrix@numberofcolumns=\count487
)
\tikz@expandcount=\count488

("C:/Program Files/MiKTeX/tex/generic/pgf/frontendlayer/tikz/libraries/tikzlibr
arytopaths.code.tex"
File: tikzlibrarytopaths.code.tex 2023-01-15 v3.1.10 (3.1.10)
)))
Package translations Info: No language package found. I am going to use `englis
h' as default language. on input line 191.

("C:/Program Files/MiKTeX/tex/latex/hyperref/hyperref.sty"
Package: hyperref 2023-05-16 v7.00y Hypertext links for LaTeX

(C:/Users/moust/AppData/Roaming/MiKTeX/tex/generic/kvdefinekeys/kvdefinekeys.st
y
Package: kvdefinekeys 2019-12-19 v1.6 Define keys (HO)
) (C:/Users/moust/AppData/Roaming/MiKTeX/tex/generic/pdfescape/pdfescape.sty
Package: pdfescape 2019/12/09 v1.15 Implements pdfTeX's escape features (HO)
)
(C:/Users/moust/AppData/Roaming/MiKTeX/tex/latex/hycolor/hycolor.sty
Package: hycolor 2020-01-27 v1.10 Color options for hyperref/bookmark (HO)
)
(C:/Users/moust/AppData/Roaming/MiKTeX/tex/latex/letltxmacro/letltxmacro.sty
Package: letltxmacro 2019/12/03 v1.6 Let assignment for LaTeX macros (HO)
)
(C:/Users/moust/AppData/Roaming/MiKTeX/tex/latex/auxhook/auxhook.sty
Package: auxhook 2019-12-17 v1.6 Hooks for auxiliary files (HO)
)
("C:/Program Files/MiKTeX/tex/latex/hyperref/nameref.sty"
Package: nameref 2023-05-16 v2.51 Cross-referencing by name of section

(C:/Users/moust/AppData/Roaming/MiKTeX/tex/latex/refcount/refcount.sty
Package: refcount 2019/12/15 v3.6 Data extraction from label references (HO)
)
(C:/Users/moust/AppData/Roaming/MiKTeX/tex/generic/gettitlestring/gettitlestrin
g.sty
Package: gettitlestring 2019/12/15 v1.6 Cleanup title references (HO)
)
\c@section@level=\count489
)
\@linkdim=\dimen302
\Hy@linkcounter=\count490
\Hy@pagecounter=\count491
 ("C:/Program Files/MiKTeX/tex/latex/hyperref/pd1enc.def"
File: pd1enc.def 2023-05-16 v7.00y Hyperref: PDFDocEncoding definition (HO)
)
(C:/Users/moust/AppData/Roaming/MiKTeX/tex/generic/intcalc/intcalc.sty
Package: intcalc 2019/12/15 v1.3 Expandable calculations with integers (HO)
)
\Hy@SavedSpaceFactor=\count492

("C:/Program Files/MiKTeX/tex/latex/hyperref/puenc.def"
File: puenc.def 2023-05-16 v7.00y Hyperref: PDF Unicode definition (HO)
)
Package hyperref Info: Hyper figures OFF on input line 4167.
Package hyperref Info: Link nesting OFF on input line 4172.
Package hyperref Info: Hyper index ON on input line 4175.
Package hyperref Info: Plain pages OFF on input line 4182.
Package hyperref Info: Backreferencing OFF on input line 4187.
Package hyperref Info: Implicit mode ON; LaTeX internals redefined.
Package hyperref Info: Bookmarks ON on input line 4434.
\c@Hy@tempcnt=\count493
LaTeX Info: Redefining \nolinkurl on input line 4770.
LaTeX Info: Redefining \url on input line 4772.
\XeTeXLinkMargin=\dimen303

(C:/Users/moust/AppData/Roaming/MiKTeX/tex/generic/bitset/bitset.sty
Package: bitset 2019/12/09 v1.3 Handle bit-vector datatype (HO)

(C:/Users/moust/AppData/Roaming/MiKTeX/tex/generic/bigintcalc/bigintcalc.sty
Package: bigintcalc 2019/12/15 v1.5 Expandable calculations on big integers (HO
)
))
\Fld@menulength=\count494
\Field@Width=\dimen304
\Fld@charsize=\dimen305
Package hyperref Info: Hyper figures OFF on input line 6051.
Package hyperref Info: Link nesting OFF on input line 6056.
Package hyperref Info: Hyper index ON on input line 6059.
Package hyperref Info: backreferencing OFF on input line 6066.
Package hyperref Info: Link coloring OFF on input line 6071.
Package hyperref Info: Link coloring with OCG OFF on input line 6076.
Package hyperref Info: PDF/A mode OFF on input line 6081.

("C:/Program Files/MiKTeX/tex/latex/base/atbegshi-ltx.sty"
Package: atbegshi-ltx 2021/01/10 v1.0c Emulation of the original atbegshi
package with kernel methods
)
\Hy@abspage=\count495
\c@Item=\count496
\c@Hfootnote=\count497
)
Package scrhack Info: hyperref hack deactivated because of
(scrhack)             detection of hyperref version, that doesn't
(scrhack)             need that hack, on input line 191.
Package hyperref Info: Driver (autodetected): hluatex.

("C:/Program Files/MiKTeX/tex/latex/hyperref/hluatex.def"
File: hluatex.def 2023-05-16 v7.00y Hyperref driver for luaTeX

(C:/Users/moust/AppData/Roaming/MiKTeX/tex/generic/stringenc/stringenc.sty
Package: stringenc 2019/11/29 v1.12 Convert strings between diff. encodings (HO
)
)
("C:/Program Files/MiKTeX/tex/latex/base/atveryend-ltx.sty"
Package: atveryend-ltx 2020/08/19 v1.0a Emulation of the original atveryend pac
kage
with kernel methods
)
\Fld@listcount=\count498
\c@bookmark@seq@number=\count499

(C:/Users/moust/AppData/Roaming/MiKTeX/tex/latex/rerunfilecheck/rerunfilecheck.
sty
Package: rerunfilecheck 2022-07-10 v1.10 Rerun checks for auxiliary files (HO)

(C:/Users/moust/AppData/Roaming/MiKTeX/tex/generic/uniquecounter/uniquecounter.
sty
Package: uniquecounter 2019/12/15 v1.4 Provide unlimited unique counter (HO)
)
Package uniquecounter Info: New unique counter `rerunfilecheck' on input line 2
85.
)
\Hy@SectionHShift=\skip116
)
Package hyperref Info: Option `bookmarksopen' set `true' on input line 191.
Package hyperref Info: Option `hypertexnames' set `false' on input line 191.
Package hyperref Info: Option `colorlinks' set `false' on input line 191.
Package hyperref Info: Option `unicode' set `true' on input line 191.
Package hyperref Info: Option `breaklinks' set `true' on input line 191.
 (./main.aux

LaTeX Warning: Label `fig:TCU' multiply defined.


LaTeX Warning: Label `fig:TCU' multiply defined.


LaTeX Warning: Label `fig:TCU' multiply defined.


LaTeX Warning: Label `fig:TCU' multiply defined.


LaTeX Warning: Label `fig:TCU' multiply defined.


LaTeX Warning: Label `fig:TCU' multiply defined.


LaTeX Warning: Label `fig:TCU' multiply defined.


LaTeX Warning: Label `fig:TCU' multiply defined.


LaTeX Warning: Label `fig:TCU' multiply defined.


LaTeX Warning: Label `fig:TCU' multiply defined.


LaTeX Warning: Label `fig:TCU' multiply defined.


LaTeX Warning: Label `fig:SOME/IP On-wire format' multiply defined.


LaTeX Warning: Label `fig:SOME/IP On-wire format' multiply defined.


LaTeX Warning: Label `fig:TCU' multiply defined.


LaTeX Warning: Label `fig:TCU' multiply defined.


LaTeX Warning: Label `fig:TCU' multiply defined.


LaTeX Warning: Label `fig:TCU' multiply defined.


LaTeX Warning: Label `fig:TCU' multiply defined.


LaTeX Warning: Label `fig:TCU' multiply defined.


LaTeX Warning: Label `fig:TCU' multiply defined.


LaTeX Warning: Label `fig:TCU' multiply defined.


LaTeX Warning: Label `fig:TCU' multiply defined.


LaTeX Warning: Label `fig:TCU' multiply defined.


LaTeX Warning: Label `fig:TCU' multiply defined.


LaTeX Warning: Label `fig:TCU' multiply defined.


LaTeX Warning: Label `fig:TCU' multiply defined.


LaTeX Warning: Label `fig:TCU' multiply defined.


LaTeX Warning: Label `fig:TCU' multiply defined.


LaTeX Warning: Label `fig:TCU' multiply defined.


LaTeX Warning: Label `fig:TCU' multiply defined.


LaTeX Warning: Label `fig:TCU' multiply defined.


LaTeX Warning: Label `fig:TCU' multiply defined.


LaTeX Warning: Label `fig:TCU' multiply defined.


LaTeX Warning: Label `fig:TCU' multiply defined.


LaTeX Warning: Label `fig:TCU' multiply defined.

)
\openout1 = main.aux

LaTeX Font Info:    Checking defaults for OML/cmm/m/it on input line 191.
LaTeX Font Info:    ... okay on input line 191.
LaTeX Font Info:    Checking defaults for OMS/cmsy/m/n on input line 191.
LaTeX Font Info:    ... okay on input line 191.
LaTeX Font Info:    Checking defaults for OT1/cmr/m/n on input line 191.
LaTeX Font Info:    ... okay on input line 191.
LaTeX Font Info:    Checking defaults for T1/cmr/m/n on input line 191.
LaTeX Font Info:    ... okay on input line 191.
LaTeX Font Info:    Checking defaults for TS1/cmr/m/n on input line 191.
LaTeX Font Info:    Trying to load font information for TS1+cmr on input line 1
91.
 ("C:/Program Files/MiKTeX/tex/latex/base/ts1cmr.fd"
File: ts1cmr.fd 2023/04/13 v2.5m Standard LaTeX font definitions
)
LaTeX Font Info:    ... okay on input line 191.
LaTeX Font Info:    Checking defaults for TU/lmr/m/n on input line 191.
LaTeX Font Info:    ... okay on input line 191.
LaTeX Font Info:    Checking defaults for OMX/cmex/m/n on input line 191.
LaTeX Font Info:    ... okay on input line 191.
LaTeX Font Info:    Checking defaults for U/cmr/m/n on input line 191.
LaTeX Font Info:    ... okay on input line 191.
LaTeX Font Info:    Checking defaults for PD1/pdf/m/n on input line 191.
LaTeX Font Info:    ... okay on input line 191.
LaTeX Font Info:    Checking defaults for PU/pdf/m/n on input line 191.
LaTeX Font Info:    ... okay on input line 191.

(C:/Users/moust/AppData/Roaming/MiKTeX/tex/latex/translations/dicts/translation
s-basic-dictionary-english.trsl
File: translations-basic-dictionary-english.trsl (english translation file `tra
nslations-basic-dictionary')
)
Package translations Info: loading dictionary `translations-basic-dictionary' f
or `english'. on input line 191.

("C:/Program Files/MiKTeX/tex/context/base/mkii/supp-pdf.mkii"
[Loading MPS to PDF converter (version 2006.09.02).]
\scratchcounter=\count500
\scratchdimen=\dimen306
\scratchbox=\box82
\nofMPsegments=\count501
\nofMParguments=\count502
\everyMPshowfont=\toks42
\MPscratchCnt=\count503
\MPscratchDim=\dimen307
\MPnumerator=\count504
\makeMPintoPDFobject=\count505
\everyMPtoPDFconversion=\toks43
) ("C:/Program Files/MiKTeX/tex/latex/epstopdf-pkg/epstopdf-base.sty"
Package: epstopdf-base 2020-01-24 v2.11 Base part for package epstopdf
Package epstopdf-base Info: Redefining graphics rule for `.eps' on input line 4
85.

("C:/Program Files/MiKTeX/tex/latex/00miktex/epstopdf-sys.cfg"
File: epstopdf-sys.cfg 2021/03/18 v2.0 Configuration of epstopdf for MiKTeX
))
Package caption Info: Begin \AtBeginDocument code.
Package caption Info: changepage package is loaded.
\caption@adjustwidth@hsize=\dimen308
\caption@adjustwidth@linewidth=\dimen309
Package caption Info: hyperref package is loaded.
Package caption Info: End \AtBeginDocument code.

(C:/Users/moust/AppData/Roaming/MiKTeX/tex/latex/fmtcount/fc-english.def
File: fc-english.def 2016/01/12
)
Package biblatex Info: Trying to load language 'english'...
Package biblatex Info: ... file 'english.lbx' found.

("C:/Program Files/MiKTeX/tex/latex/biblatex/lbx/english.lbx"
File: english.lbx 2023/03/05 v3.19 biblatex localization (PK/MW)
)
Package biblatex Info: LuaTeX detected.
(biblatex)             Assuming input encoding 'utf8'.
Package biblatex Info: Automatic encoding selection.
(biblatex)             Assuming data encoding 'utf8'.
Package biblatex Info: LuaTeX detected.
(biblatex)             Assuming input encoding 'utf8'.
Package biblatex Info: Data encoding 'utf8' specified.
(biblatex)             No need to reencode data.

\openout3 = main-blx.bib
Package biblatex Info: Trying to load bibliographic data...
Package biblatex Info: ... file 'main.bbl' found.
 (./main.bbl

Package biblatex Warning: BibTeX reported the following issues
(biblatex)                with 'ESP-NOW':
(biblatex)                - Invalid format of field 'urldate'.


Package biblatex Warning: BibTeX reported the following issues
(biblatex)                with 'SOME/IP':
(biblatex)                - Invalid format of field 'urldate'.

)
Package biblatex Info: Reference section=0 on input line 191.
Package biblatex Info: Reference segment=0 on input line 191.

*geometry* driver: auto-detecting
*geometry* detected driver: luatex
*geometry* verbose mode - [ preamble ] result:
* driver: luatex
* paper: a4paper
* layout: <same size as paper>
* layoutoffset:(h,v)=(0.0pt,0.0pt)
* modes: 
* h-part:(L,W,R)=(85.35826pt, 455.24411pt, 56.9055pt)
* v-part:(T,H,B)=(71.13188pt, 702.78308pt, 71.13188pt)
* \paperwidth=597.50787pt
* \paperheight=845.04684pt
* \textwidth=455.24411pt
* \textheight=702.78308pt
* \oddsidemargin=13.08827pt
* \evensidemargin=13.08827pt
* \topmargin=-33.0119pt
* \headheight=12.0pt
* \headsep=19.8738pt
* \topskip=12.0pt
* \footskip=30.0pt
* \marginparwidth=47.0pt
* \marginparsep=7.0pt
* \columnsep=10.0pt
* \skip\footins=10.8pt plus 4.0pt minus 2.0pt
* \hoffset=0.0pt
* \voffset=0.0pt
* \mag=1000
* \@twocolumnfalse
* \@twosidefalse
* \@mparswitchfalse
* \@reversemarginfalse
* (1in=72.27pt=25.4mm, 1cm=28.453pt)


Package scrlayer-scrpage Warning: Very small head height detected!
(scrlayer-scrpage)                Using scrlayer-scrpage the head height
(scrlayer-scrpage)                should be at least \baselineskip, which is
(scrlayer-scrpage)                17.99446pt currently.
(scrlayer-scrpage)                But head height is currently 12.0pt only.
(scrlayer-scrpage)                You may use
(scrlayer-scrpage)                geometry option `head=17.99446pt'
(scrlayer-scrpage)                \relax to avoid this warning.


Package fontspec Info: Adjusting the maths setup (use [no-math] to avoid
(fontspec)             this).

\symlegacymaths=\mathgroup4
LaTeX Font Info:    Overwriting symbol font `legacymaths' in version `bold'
(Font)                  OT1/cmr/m/n --> OT1/cmr/bx/n on input line 191.
LaTeX Font Info:    Redeclaring math accent \acute on input line 191.
LaTeX Font Info:    Redeclaring math accent \grave on input line 191.
LaTeX Font Info:    Redeclaring math accent \ddot on input line 191.
LaTeX Font Info:    Redeclaring math accent \tilde on input line 191.
LaTeX Font Info:    Redeclaring math accent \bar on input line 191.
LaTeX Font Info:    Redeclaring math accent \breve on input line 191.
LaTeX Font Info:    Redeclaring math accent \check on input line 191.
LaTeX Font Info:    Redeclaring math accent \hat on input line 191.
LaTeX Font Info:    Redeclaring math accent \dot on input line 191.
LaTeX Font Info:    Redeclaring math accent \mathring on input line 191.
LaTeX Font Info:    Redeclaring math symbol \colon on input line 191.
LaTeX Font Info:    Redeclaring math symbol \Gamma on input line 191.
LaTeX Font Info:    Redeclaring math symbol \Delta on input line 191.
LaTeX Font Info:    Redeclaring math symbol \Theta on input line 191.
LaTeX Font Info:    Redeclaring math symbol \Lambda on input line 191.
LaTeX Font Info:    Redeclaring math symbol \Xi on input line 191.
LaTeX Font Info:    Redeclaring math symbol \Pi on input line 191.
LaTeX Font Info:    Redeclaring math symbol \Sigma on input line 191.
LaTeX Font Info:    Redeclaring math symbol \Upsilon on input line 191.
LaTeX Font Info:    Redeclaring math symbol \Phi on input line 191.
LaTeX Font Info:    Redeclaring math symbol \Psi on input line 191.
LaTeX Font Info:    Redeclaring math symbol \Omega on input line 191.
LaTeX Font Info:    Redeclaring math symbol \mathdollar on input line 191.
LaTeX Font Info:    Redeclaring symbol font `operators' on input line 191.
LaTeX Font Info:    Encoding `OT1' has changed to `TU' for symbol font
(Font)              `operators' in the math version `normal' on input line 191.

LaTeX Font Info:    Overwriting symbol font `operators' in version `normal'
(Font)                  OT1/cmr/m/n --> TU/times(0)/m/n on input line 191.
LaTeX Font Info:    Encoding `OT1' has changed to `TU' for symbol font
(Font)              `operators' in the math version `bold' on input line 191.
LaTeX Font Info:    Overwriting symbol font `operators' in version `bold'
(Font)                  OT1/cmr/bx/n --> TU/times(0)/m/n on input line 191.
LaTeX Font Info:    Overwriting symbol font `operators' in version `normal'
(Font)                  TU/times(0)/m/n --> TU/times(0)/m/n on input line 191.
LaTeX Font Info:    Overwriting math alphabet `\mathit' in version `normal'
(Font)                  OT1/cmr/m/it --> TU/times(0)/m/it on input line 191.
LaTeX Font Info:    Overwriting math alphabet `\mathbf' in version `normal'
(Font)                  OT1/cmr/bx/n --> TU/times(0)/b/n on input line 191.
LaTeX Font Info:    Overwriting math alphabet `\mathsf' in version `normal'
(Font)                  OT1/cmss/m/n --> TU/lmss/m/n on input line 191.
LaTeX Font Info:    Overwriting math alphabet `\mathtt' in version `normal'
(Font)                  OT1/cmtt/m/n --> TU/lmtt/m/n on input line 191.
LaTeX Font Info:    Overwriting symbol font `operators' in version `bold'
(Font)                  TU/times(0)/m/n --> TU/times(0)/b/n on input line 191.
LaTeX Font Info:    Overwriting math alphabet `\mathit' in version `bold'
(Font)                  OT1/cmr/bx/it --> TU/times(0)/b/it on input line 191.
LaTeX Font Info:    Overwriting math alphabet `\mathsf' in version `bold'
(Font)                  OT1/cmss/bx/n --> TU/lmss/b/n on input line 191.
LaTeX Font Info:    Overwriting math alphabet `\mathtt' in version `bold'
(Font)                  OT1/cmtt/m/n --> TU/lmtt/b/n on input line 191.
Package hyperref Info: Link coloring OFF on input line 191.
(./main.out) (./main.out)
\@outlinefile=\write5

\openout5 = main.out

1: section
<Figures/aast.jpg, id=730, 341.3553pt x 327.1422pt>
File: Figures/aast.jpg Graphic file (type jpg)
<use Figures/aast.jpg>
Package luatex.def Info: Figures/aast.jpg  used on input line 199.
(luatex.def)             Requested size: 136.57462pt x 130.8895pt.
LaTeX Font Info:    External font `cmex10' loaded for size
(Font)              <12> on input line 199.
LaTeX Font Info:    External font `cmex10' loaded for size
(Font)              <8> on input line 199.
LaTeX Font Info:    External font `cmex10' loaded for size
(Font)              <6> on input line 199.
[1



{C:/Users/moust/AppData/Local/MiKTeX/fonts/map/pdftex/pdftex.map}<./Figures/aast
.jpg>]
LaTeX Font Info:    External font `cmex10' loaded for size
(Font)              <17.28> on input line 204.

Overfull \hbox (3.6432pt too wide) in paragraph at lines 204--204
|   []   |   []   |   []   |   []   |   []   |   []   |   []   |   []   |   [] 
  |   []   |   []   |   []   |   []   |   []   |   []   |   []   |   []   |   [
]
 []

[1

]
File: Figures/aast.jpg Graphic file (type jpg)
<use Figures/aast.jpg>
Package luatex.def Info: Figures/aast.jpg  used on input line 209.
(luatex.def)             Requested size: 136.57462pt x 130.8895pt.
 [1

]
LaTeX Font Info:    Font shape `TU/times(0)/m/sl' in size <17.28> not available

(Font)              Font shape `TU/times(0)/m/it' tried instead on input line 2
14.
 [1

]
1: section
LaTeX Font Info:    Font shape `TU/times(0)/m/sl' in size <12> not available
(Font)              Font shape `TU/times(0)/m/it' tried instead on input line 2
28.

Package scrlayer-scrpage Warning: \headheight to low.
(scrlayer-scrpage)                At least 17.99445pt needed,
(scrlayer-scrpage)                but only 12.0pt found.
(scrlayer-scrpage)                I'll enlarge \headheight, for further
(scrlayer-scrpage)                processing, but you should do this yourself,
(scrlayer-scrpage)                e.g., setting geometry's option
(scrlayer-scrpage)                `head=17.99445pt'.
(scrlayer-scrpage)                I'll also decrease \topmargin on input line 2
28.


Overfull \vbox (5.99445pt too high) has occurred while \output is active []


[1

]
1: section
[2


] (./main.toc
1: section
[3

] [4] [5] [6])
\tf@toc=\write6

\openout6 = main.toc
 [7] [8] (./main.lof
1: section
[9

])
\tf@lof=\write7

\openout7 = main.lof
 [10] (./main.listofabbrev)
\tf@listofabbrev=\write8

\openout8 = main.listofabbrev
 [11

]
1: section
Chapter 1.
1: section
[1


] [2] [3]
<Figures/SDV.png, id=1126, 1445.4pt x 803.0pt>
File: Figures/SDV.png Graphic file (type png)
<use Figures/SDV.png>
Package luatex.def Info: Figures/SDV.png  used on input line 341.
(luatex.def)             Requested size: 462.53746pt x 256.96526pt.

Overfull \hbox (7.29335pt too wide) in paragraph at lines 341--342
 [][] 
 []

[4<./Figures/SDV.png>] [5] [6]
Chapter 2.
<Figures/1.png, id=1140, 422.32782pt x 243.91125pt>
File: Figures/1.png Graphic file (type png)
<use Figures/1.png>
Package luatex.def Info: Figures/1.png  used on input line 383.
(luatex.def)             Requested size: 211.16339pt x 121.95532pt.
1: section
[7

<./Figures/1.png>]
Underfull \hbox (badness 10000) in paragraph at lines 400--400
[]|\TU/times(0)/m/n/12 UART (Uni-ver-sal Asyn-
 []


Underfull \hbox (badness 10000) in paragraph at lines 400--400
\TU/times(0)/m/n/12 chronous Receiver-
 []


Underfull \hbox (badness 1137) in paragraph at lines 406--406
[]|\TU/times(0)/m/n/12 SOME/IP (Scal-able service-
 []


Underfull \hbox (badness 8094) in paragraph at lines 406--406
\TU/times(0)/m/n/12 Oriented Mid-dle-warE over
 []


Underfull \hbox (badness 10000) in paragraph at lines 424--425
[]|\TU/times(0)/m/n/12 widely adopted mes-sag-ing pro-to-col de-signed for
 []


Underfull \hbox (badness 1038) in paragraph at lines 424--425
\TU/times(0)/m/n/12 It is a pub-lish/subscribe-based pro-to-col that pro-vides 
a
 []


Underfull \hbox (badness 1648) in paragraph at lines 431--431
[]|\TU/times(0)/m/n/12 AES (Ad-vanced En-cryp-tion
 []

[8] [9]
<Figures/V2V communication data exchange between vehicles.png, id=1154, 246.922
5pt x 121.95563pt>
File: Figures/V2V communication data exchange between vehicles.png Graphic file
 (type png)
<use Figures/V2V communication data exchange between vehicles.png>
Package luatex.def Info: Figures/V2V communication data exchange between vehicl
es.png  used on input line 449.
(luatex.def)             Requested size: 123.46094pt x 60.97765pt.
 [10<./Figures/V2V communication data exchange between vehicles.png>]
[11]
<Figures/TCUs Layered architecture.png, id=1166, 824.07875pt x 724.7075pt>
File: Figures/TCUs Layered architecture.png Graphic file (type png)
<use Figures/TCUs Layered architecture.png>
Package luatex.def Info: Figures/TCUs Layered architecture.png  used on input l
ine 473.
(luatex.def)             Requested size: 412.03836pt x 362.35286pt.
 [12

<./Figures/TCUs Layered architecture.png>]
<Figures/LinuxKernel.png, id=1172, 295.85532pt x 399.74344pt>
File: Figures/LinuxKernel.png Graphic file (type png)
<use Figures/LinuxKernel.png>
Package luatex.def Info: Figures/LinuxKernel.png  used on input line 498.
(luatex.def)             Requested size: 118.34003pt x 159.89453pt.
 [13<./Figures/LinuxKernel.png>] [14

]
<Figures/5.png, id=1182, 295.1025pt x 558.085pt>
File: Figures/5.png Graphic file (type png)
<use Figures/5.png>
Package luatex.def Info: Figures/5.png  used on input line 520.
(luatex.def)             Requested size: 147.55087pt x 279.04182pt.
 [15

<./Figures/5.png>] [16]
Chapter 3.
<Figures/6.png, id=1193, 683.55376pt x 455.7025pt>
File: Figures/6.png Graphic file (type png)
<use Figures/6.png>
Package luatex.def Info: Figures/6.png  used on input line 543.
(luatex.def)             Requested size: 341.77605pt x 227.85068pt.
1: section
[17

<./Figures/6.png>] [18]
Overfull \hbox (0.92757pt too wide) in paragraph at lines 578--579
[]\TU/times(0)/m/n/12 Infrastructure-to-Vehicle Com-mu-ni-ca-tion (I2V): DSRC en
-ables traf-fic in-fras-truc-ture, such
 []

[19]
<Figures/7.png, id=1207, 1841.88126pt x 859.21pt>
File: Figures/7.png Graphic file (type png)
<use Figures/7.png>
Package luatex.def Info: Figures/7.png  used on input line 608.
(luatex.def)             Requested size: 368.36974pt x 171.83896pt.
<Figures/8.png, id=1208, 883.80188pt x 465.99094pt>
File: Figures/8.png Graphic file (type png)
<use Figures/8.png>
Package luatex.def Info: Figures/8.png  used on input line 616.
(luatex.def)             Requested size: 441.89986pt x 232.99489pt.
 [20]
<Figures/9.png, id=1213, 883.80188pt x 468.24937pt>
File: Figures/9.png Graphic file (type png)
<use Figures/9.png>
Package luatex.def Info: Figures/9.png  used on input line 623.
(luatex.def)             Requested size: 441.89986pt x 234.1241pt.
<Figures/10.png, id=1214, 1048.91875pt x 621.32124pt>
File: Figures/10.png Graphic file (type png)
<use Figures/10.png>
Package luatex.def Info: Figures/10.png  used on input line 634.
(luatex.def)             Requested size: 314.67805pt x 186.39781pt.

Overfull \hbox (41.12404pt too wide) in paragraph at lines 627--639
\TU/times(0)/m/n/12 the MAC ad-dress into a print-able string with min-i-mum for
-mat pos-si-ble (0xFF0xFF0xFF0xFF0xFF0xFF),
 []

[21<./Figures/7.png><./Figures/8.png>] [22<./Figures/9.png>]
<Figures/11.png, id=1226, 200.75pt x 200.75pt>
File: Figures/11.png Graphic file (type png)
<use Figures/11.png>
Package luatex.def Info: Figures/11.png  used on input line 647.
(luatex.def)             Requested size: 100.37474pt x 100.37474pt.
 [23<./Figures/10.png><./Figures/11.png>]
<Figures/Ha.png, id=1233, 651.43375pt x 560.0925pt>
File: Figures/Ha.png Graphic file (type png)
<use Figures/Ha.png>
Package luatex.def Info: Figures/Ha.png  used on input line 665.
(luatex.def)             Requested size: 204.85846pt x 176.13095pt.
<Figures/13.png, id=1234, 511.9125pt x 479.7925pt>
File: Figures/13.png Graphic file (type png)
<use Figures/13.png>
Package luatex.def Info: Figures/13.png  used on input line 671.
(luatex.def)             Requested size: 204.85846pt x 192.00143pt.
 [24<./Figures/Ha.png><./Figures/13.png>] [25]
Chapter 4.
1: section
[26

] [27] [28]
<Figures/16.png, id=1256, 325.215pt x 156.585pt>
File: Figures/16.png Graphic file (type png)
<use Figures/16.png>
Package luatex.def Info: Figures/16.png  used on input line 741.
(luatex.def)             Requested size: 130.0837pt x 62.63287pt.

Overfull \hbox (3.93344pt too wide) in paragraph at lines 750--751
[]\TU/times(0)/m/n/12 Ad-di-tion-ally, we need to con-sider the layer de-pen-den
-cies as-so-ci-ated with the \TU/lmtt/m/n/12 meta-raspberrypi
 []

[29<./Figures/16.png>]
Overfull \hbox (25.93806pt too wide) in paragraph at lines 752--753
\TU/times(0)/m/n/12 the \TU/lmtt/m/n/12 meta-virtualization \TU/times(0)/m/n/12
 layer and its as-so-ci-ated layer de-pen-den-cies. The \TU/lmtt/m/n/12 meta-vir
tualization
 []

[30]
Overfull \hbox (0.57193pt too wide) in paragraph at lines 765--766
[]\TU/times(0)/m/n/12 The pri-mary driv-ing fac-tor be-hind se-lect-ing the \TU
/lmtt/m/n/12 core-image-minimal \TU/times(0)/m/n/12 is its in-her-ent lightweigh
t
 []

[31] [32] [33]
Chapter 5.
1: section
[34

]
<Figures/containervsVM.JPG, id=1283, 837.88031pt x 405.76593pt>
File: Figures/containervsVM.JPG Graphic file (type jpg)
<use Figures/containervsVM.JPG>
Package luatex.def Info: Figures/containervsVM.JPG  used on input line 818.
(luatex.def)             Requested size: 418.93913pt x 202.88246pt.
 [35<./Figures/containervsVM.JPG>]
<Figures/docker_logo.png, id=1289, 1206.5075pt x 310.15875pt>
File: Figures/docker_logo.png Graphic file (type png)
<use Figures/docker_logo.png>
Package luatex.def Info: Figures/docker_logo.png  used on input line 839.
(luatex.def)             Requested size: 193.04514pt x 49.6264pt.
 [36<./Figures/docker_logo.png>] [37]
<Figures/14.png, id=1302, 497.86pt x 241.90375pt>
File: Figures/14.png Graphic file (type png)
<use Figures/14.png>
Package luatex.def Info: Figures/14.png  used on input line 865.
(luatex.def)             Requested size: 348.49962pt x 169.33147pt.
<Figures/15.png, id=1304, 945.5325pt x 691.58376pt>
File: Figures/15.png Graphic file (type png)
<use Figures/15.png>
Package luatex.def Info: Figures/15.png  used on input line 879.
(luatex.def)             Requested size: 378.2063pt x 276.6286pt.

[38

<./Figures/14.png>] [39<./Figures/15.png>]
<Figures/17.png, id=1316, 456.95718pt x 215.30438pt>
File: Figures/17.png Graphic file (type png)
<use Figures/17.png>
Package luatex.def Info: Figures/17.png  used on input line 898.
(luatex.def)             Requested size: 182.77963pt x 86.12022pt.
 [40

<./Figures/17.png>]
<Figures/docker_compose_script.JPG, id=1322, 486.31688pt x 486.31688pt>
File: Figures/docker_compose_script.JPG Graphic file (type jpg)
<use Figures/docker_compose_script.JPG>
Package luatex.def Info: Figures/docker_compose_script.JPG  used on input line 
907.
(luatex.def)             Requested size: 291.79237pt x 291.79237pt.
<Figures/18.png, id=1324, 1155.31625pt x 543.02875pt>
File: Figures/18.png Graphic file (type png)
<use Figures/18.png>
Package luatex.def Info: Figures/18.png  used on input line 924.
(luatex.def)             Requested size: 346.59755pt x 162.90987pt.
 [41

<./Figures/docker_compose_script.JPG>]
<Figures/19.png, id=1330, 1303.87125pt x 652.4375pt>
File: Figures/19.png Graphic file (type png)
<use Figures/19.png>
Package luatex.def Info: Figures/19.png  used on input line 951.
(luatex.def)             Requested size: 391.1644pt x 195.73276pt.
 [42<./Figures/18.png>]
<Figures/20.png, id=1344, 1278.7775pt x 430.60875pt>
File: Figures/20.png Graphic file (type png)
<use Figures/20.png>
Package luatex.def Info: Figures/20.png  used on input line 961.
(luatex.def)             Requested size: 383.63622pt x 129.18361pt.
 [43<./Figures/19.png>]
<Figures/21.png, id=1349, 1410.26875pt x 711.65875pt>
File: Figures/21.png Graphic file (type png)
<use Figures/21.png>
Package luatex.def Info: Figures/21.png  used on input line 978.
(luatex.def)             Requested size: 423.0839pt x 213.49927pt.

Overfull \hbox (5.02621pt too wide) in paragraph at lines 984--985
[]\TU/times(0)/m/n/12 By uti-liz-ing com-mu-ni-ca-tion end-points and lo-cal end
-points with Unix do-main sock-ets, VSOME/IP
 []

[44<./Figures/20.png>]
<Figures/22.png, id=1354, 352.31625pt x 204.765pt>
File: Figures/22.png Graphic file (type png)
<use Figures/22.png>
Package luatex.def Info: Figures/22.png  used on input line 990.
(luatex.def)             Requested size: 281.85338pt x 163.8122pt.
 [45<./Figures/21.png><./Figures/22.png>]
<Figures/Vehicle_Plus_VsomeIp_repo.png, id=1360, 67.3425pt x 67.3425pt>
File: Figures/Vehicle_Plus_VsomeIp_repo.png Graphic file (type png)
<use Figures/Vehicle_Plus_VsomeIp_repo.png>
Package luatex.def Info: Figures/Vehicle_Plus_VsomeIp_repo.png  used on input l
ine 1006.
(luatex.def)             Requested size: 67.34233pt x 67.34233pt.
 [46<./Figures/Vehicle_Plus_VsomeIp_repo.png>]
Chapter 6.
<Figures/23.png, id=1367, 1211.52625pt x 861.2175pt>
File: Figures/23.png Graphic file (type png)
<use Figures/23.png>
Package luatex.def Info: Figures/23.png  used on input line 1016.
(luatex.def)             Requested size: 460.38477pt x 327.26605pt.

Overfull \hbox (5.14066pt too wide) in paragraph at lines 1016--1017
 [][] 
 []

1: section
[47

<./Figures/23.png>]
<Figures/24.png, id=1375, 314.17375pt x 318.18875pt>
File: Figures/24.png Graphic file (type png)
<use Figures/24.png>
Package luatex.def Info: Figures/24.png  used on input line 1030.
(luatex.def)             Requested size: 204.85846pt x 207.47566pt.
<Figures/25.png, id=1376, 266.9975pt x 288.07625pt>
File: Figures/25.png Graphic file (type png)
<use Figures/25.png>
Package luatex.def Info: Figures/25.png  used on input line 1036.
(luatex.def)             Requested size: 204.85846pt x 221.04135pt.
<Figures/backend_gateway_QR.png, id=1377, 67.3425pt x 67.3425pt>
File: Figures/backend_gateway_QR.png Graphic file (type png)
<use Figures/backend_gateway_QR.png>
Package luatex.def Info: Figures/backend_gateway_QR.png  used on input line 104
5.
(luatex.def)             Requested size: 67.34233pt x 67.34233pt.
 [48<./Figures/24.png><./Figures/25.png>] [49<./Figures/backend_gateway_QR.png>]
<Figures/26.png, id=1389, 1384.17125pt x 1441.385pt>
File: Figures/26.png Graphic file (type png)
<use Figures/26.png>
Package luatex.def Info: Figures/26.png  used on input line 1073.
(luatex.def)             Requested size: 456.77794pt x 475.65852pt.

Overfull \hbox (1.53383pt too wide) in paragraph at lines 1073--1074
 [][] 
 []

[50] [51<./Figures/26.png>]
<Figures/27.png, id=1399, 306.14375pt x 296.10625pt>
File: Figures/27.png Graphic file (type png)
<use Figures/27.png>
Package luatex.def Info: Figures/27.png  used on input line 1093.
(luatex.def)             Requested size: 153.07149pt x 148.05275pt.
 [52

<./Figures/27.png>] [53]
Overfull \hbox (2.0516pt too wide) in paragraph at lines 1126--1127
[]\TU/times(0)/m/n/12 To ef-fec-tively cat-e-go-rize and pro-cess these di-ag-no
s-tic mes-sages, the ECUs Gate-way Data Fetcher
 []

[54]
<Figures/28.png, id=1418, 1010.27437pt x 514.92375pt>
File: Figures/28.png Graphic file (type png)
<use Figures/28.png>
Package luatex.def Info: Figures/28.png  used on input line 1136.
(luatex.def)             Requested size: 404.10258pt x 205.96585pt.
<Figures/29.png, id=1419, 985.6825pt x 503.8825pt>
File: Figures/29.png Graphic file (type png)
<use Figures/29.png>
Package luatex.def Info: Figures/29.png  used on input line 1142.
(luatex.def)             Requested size: 394.266pt x 201.54942pt.
 [55<./Figures/28.png>]
<Figures/30.png, id=1425, 432.61626pt x 419.5675pt>
File: Figures/30.png Graphic file (type png)
<use Figures/30.png>
Package luatex.def Info: Figures/30.png  used on input line 1153.
(luatex.def)             Requested size: 216.3076pt x 209.78323pt.
 [56<./Figures/29.png>] [57<./Figures/30.png>]
<Figures/31.png, id=1437, 542.025pt x 339.2675pt>
File: Figures/31.png Graphic file (type png)
<use Figures/31.png>
Package luatex.def Info: Figures/31.png  used on input line 1170.
(luatex.def)             Requested size: 271.01183pt x 169.63333pt.

[58<./Figures/31.png>] [59]
<Figures/ReceptionandBroadcast.png, id=1447, 1072.005pt x 457.71pt>
File: Figures/ReceptionandBroadcast.png Graphic file (type png)
<use Figures/ReceptionandBroadcast.png>
Package luatex.def Info: Figures/ReceptionandBroadcast.png  used on input line 
1207.
(luatex.def)             Requested size: 428.7944pt x 183.08075pt.
 [60<./Figures/ReceptionandBroadcast.png>]
<Figures/ReceptionandBroadcast(2).png, id=1453, 1072.005pt x 458.46281pt>
File: Figures/ReceptionandBroadcast(2).png Graphic file (type png)
<use Figures/ReceptionandBroadcast(2).png>
Package luatex.def Info: Figures/ReceptionandBroadcast(2).png  used on input li
ne 1216.
(luatex.def)             Requested size: 428.7944pt x 183.38187pt.
File: Figures/31.png Graphic file (type png)
<use Figures/31.png>
Package luatex.def Info: Figures/31.png  used on input line 1227.
(luatex.def)             Requested size: 216.80615pt x 135.70459pt.
<Figures/32.png, id=1454, 2055.68pt x 1601.985pt>
File: Figures/32.png Graphic file (type png)
<use Figures/32.png>
Package luatex.def Info: Figures/32.png  used on input line 1233.
(luatex.def)             Requested size: 411.12872pt x 320.39133pt.
 [61

<./Figures/ReceptionandBroadcast(2).png>] [62<./Figures/32.png>]
Chapter 7.
<Figures/33.png, id=1465, 1385.175pt x 778.91pt>
File: Figures/33.png Graphic file (type png)
<use Figures/33.png>
Package luatex.def Info: Figures/33.png  used on input line 1245.
(luatex.def)             Requested size: 415.55571pt x 233.6748pt.

Overfull \hbox (31.12845pt too wide) in paragraph at lines 1249--1249
|[]| 
 []

1: section
[63

<./Figures/33.png>] [64] [65]
<Figures/34.png, id=1478, 1927.2pt x 1084.05pt>
File: Figures/34.png Graphic file (type png)
<use Figures/34.png>
Package luatex.def Info: Figures/34.png  used on input line 1273.
(luatex.def)             Requested size: 385.43318pt x 216.80615pt.
 [66

<./Figures/34.png>]
Chapter 8.
1: section
[67

]
<Figures/STM32.png, id=1488, 361.35pt x 350.81062pt>
File: Figures/STM32.png Graphic file (type png)
<use Figures/STM32.png>
Package luatex.def Info: Figures/STM32.png  used on input line 1300.
(luatex.def)             Requested size: 108.40584pt x 105.24399pt.
 [68<./Figures/STM32.png>]
Overfull \hbox (2.67154pt too wide) in paragraph at lines 1328--1329
[]\TU/times(0)/m/n/12 Power Con-sump-tion: Varies based on the op-er-at-ing mode
 (ac-tive, sleep, low-power modes,
 []

<Figures/W5500.png, id=1494, 897.3525pt x 724.7075pt>
File: Figures/W5500.png Graphic file (type png)
<use Figures/W5500.png>
Package luatex.def Info: Figures/W5500.png  used on input line 1340.
(luatex.def)             Requested size: 89.7405pt x 72.47499pt.
[69]
Overfull \hbox (9.05276pt too wide) in paragraph at lines 1350--1351
[]\TU/times(0)/m/n/12 Built-in Mem-ory: The chip in-cludes built-in mem-ory for data buffer-ing and stor-ing network-
 []

<Figures/4G Modem.png, id=1499, 225.84375pt x 225.84375pt>
File: Figures/4G Modem.png Graphic file (type png)
<use Figures/4G Modem.png>
Package luatex.def Info: Figures/4G Modem.png  used on input line 1359.
(luatex.def)             Requested size: 90.33589pt x 90.33589pt.
[70<./Figures/W5500.png>]
Overfull \hbox (3.34332pt too wide) in paragraph at lines 1368--1369
[]\TU/times(0)/m/n/12 3G: Pro-vides fall-back sup-port for 3G net-works (UMTS/HS
PA) with down-load speeds
 []

[71<./Figures/4G Modem.png>]
<Figures/Switch.png, id=1514, 308.15125pt x 164.615pt>
File: Figures/Switch.png Graphic file (type png)
<use Figures/Switch.png>
Package luatex.def Info: Figures/Switch.png  used on input line 1416.
(luatex.def)             Requested size: 123.2583pt x 65.84482pt.
 [72] [73<./Figures/Switch.png>]
<Figures/HALL EFFECT SENSOR.png, id=1535, 300.3722pt x 205.5178pt>
File: Figures/HALL EFFECT SENSOR.png Graphic file (type png)
<use Figures/HALL EFFECT SENSOR.png>
Package luatex.def Info: Figures/HALL EFFECT SENSOR.png  used on input line 144
2.
(luatex.def)             Requested size: 120.14674pt x 82.20566pt.
 [74<./Figures/HALL EFFECT SENSOR.png>]
<Figures/mpu6050.png, id=1541, 225.84375pt x 225.84375pt>
File: Figures/mpu6050.png Graphic file (type png)
<use Figures/mpu6050.png>
Package luatex.def Info: Figures/mpu6050.png  used on input line 1466.
(luatex.def)             Requested size: 112.92159pt x 112.92159pt.
 [75<./Figures/mpu6050.png>]
<Figures/VibrationANDShockSensor.png, id=1546, 282.30469pt x 265.74281pt>
File: Figures/VibrationANDShockSensor.png Graphic file (type png)
<use Figures/VibrationANDShockSensor.png>
Package luatex.def Info: Figures/VibrationANDShockSensor.png  used on input lin
e 1496.
(luatex.def)             Requested size: 56.45993pt x 53.14761pt.
 [76] [77<./Figures/VibrationANDShockSensor.png>]
Chapter 9.
1: section
[78

] [79]
<Figures/35.png, id=1568, 1105.88156pt x 313.17pt>
File: Figures/35.png Graphic file (type png)
<use Figures/35.png>
Package luatex.def Info: Figures/35.png  used on input line 1542.
(luatex.def)             Requested size: 442.34479pt x 125.26576pt.
 [80<./Figures/35.png>]
<Figures/36.png, id=1574, 314.67563pt x 137.7647pt>
File: Figures/36.png Graphic file (type png)
<use Figures/36.png>
Package luatex.def Info: Figures/36.png  used on input line 1557.
(luatex.def)             Requested size: 220.27142pt x 96.43462pt.
 [81<./Figures/36.png>]
<Figures/38.png, id=1580, 921.4425pt x 249.18094pt>
File: Figures/38.png Graphic file (type png)
<use Figures/38.png>
Package luatex.def Info: Figures/38.png  used on input line 1577.
(luatex.def)             Requested size: 460.72012pt x 124.59015pt.

Overfull \hbox (5.47601pt too wide) in paragraph at lines 1577--1578
 [][] 
 []

[82<./Figures/38.png>]
<Figures/39.png, id=1586, 361.35pt x 265.7565pt>
File: Figures/39.png Graphic file (type png)
<use Figures/39.png>
Package luatex.def Info: Figures/39.png  used on input line 1612.
(luatex.def)             Requested size: 180.67456pt x 132.87791pt.
 [83] [84<./Figures/39.png>] [85]
Overfull \hbox (20.6002pt too wide) in paragraph at lines 1643--1643
|[]| 
 []

<Figures/40.png, id=1604, 1204.5pt x 1606.0pt>
File: Figures/40.png Graphic file (type png)
<use Figures/40.png>
Package luatex.def Info: Figures/40.png  used on input line 1646.
(luatex.def)             Requested size: 240.89574pt x 321.19432pt.
[86<./Figures/40.png>] [87]
Overfull \hbox (7.13754pt too wide) in paragraph at lines 1692--1693
\TU/times(0)/m/n/12 In or-der to pro-vide ac-cu-rate mo-tion and di-rec-tion de-
tec-tion, a va-ri-ety of de-vices use the LSM6DSO
 []

[88] [89] [90] [91]
<Figures/41.png, id=1630, 1708.3825pt x 818.05624pt>
File: Figures/41.png Graphic file (type png)
<use Figures/41.png>
Package luatex.def Info: Figures/41.png  used on input line 1785.
(luatex.def)             Requested size: 341.67046pt x 163.60834pt.
<Figures/46.png, id=1631, 702.82574pt x 304.7385pt>
File: Figures/46.png Graphic file (type png)
<use Figures/46.png>
Package luatex.def Info: Figures/46.png  used on input line 1799.
(luatex.def)             Requested size: 210.84935pt x 91.42224pt.
 [92<./Figures/41.png>] [93<./Figures/46.png>] [94] [95]
Chapter 10.
<Figures/42.png, id=1650, 763.85374pt x 211.79124pt>
File: Figures/42.png Graphic file (type png)
<use Figures/42.png>
Package luatex.def Info: Figures/42.png  used on input line 1861.
(luatex.def)             Requested size: 381.92593pt x 105.89536pt.
1: section
[96

<./Figures/42.png>]
Overfull \hbox (23.56976pt too wide) in paragraph at lines 1881--1881
|[]| 
 []

[97]
<Figures/43.png, id=1661, 804.00375pt x 171.64125pt>
File: Figures/43.png Graphic file (type png)
<use Figures/43.png>
Package luatex.def Info: Figures/43.png  used on input line 1889.
(luatex.def)             Requested size: 321.59581pt x 68.65527pt.
 [98<./Figures/43.png>] [99]

Package hyperref Warning: Difference (2) between bookmark levels is greater 
(hyperref)                than one, level fixed on input line 1938.

[100]
Overfull \hbox (45.23312pt too wide) in paragraph at lines 1955--1955
|[]| 
 []

[101]
Overfull \hbox (23.8933pt too wide) in paragraph at lines 1968--1968
|[]| 
 []

[102] [103]
<Figures/44.png, id=1687, 296.60812pt x 233.37187pt>
File: Figures/44.png Graphic file (type png)
<use Figures/44.png>
Package luatex.def Info: Figures/44.png  used on input line 2017.
(luatex.def)             Requested size: 148.3037pt x 116.68564pt.
 [104<./Figures/44.png>]
<Figures/45.png, id=1693, 1180.41pt x 1014.79124pt>
File: Figures/45.png Graphic file (type png)
<use Figures/45.png>
Package luatex.def Info: Figures/45.png  used on input line 2047.
(luatex.def)             Requested size: 354.12573pt x 304.43973pt.
 [105<./Figures/45.png>] [106]
Chapter 11.
1: section
[107

] [108]
Overfull \hbox (7.62132pt too wide) in paragraph at lines 2087--2087
\TU/times(0)/m/n/12 gate-way ap-pli-ca-tion in the con-text of car to in-fras-tr
uc-ture com-mu-ni-ca-tion, \TU/times(0)/m/it/12 Sen-sors \TU/times(0)/m/n/12
 , vol. 20.,
 []

[109]
LaTeX Font Info:    Font shape `TU/Arial(0)/b/n' will be
(Font)              scaled to size 20.73593pt on input line 2095.
LaTeX Font Info:    Font shape `TU/Arial(0)/m/n' will be
(Font)              scaled to size 14.39996pt on input line 2095.

1: section
[110

] (./main.aux)
 ***********
LaTeX2e <2023-06-01> patch level 1
L3 programming layer <2020/03/25>
 ***********


LaTeX Warning: There were undefined references.


LaTeX Warning: There were multiply-defined labels.

Package rerunfilecheck Info: File `main.out' has not changed.
(rerunfilecheck)             Checksum: 896F3A6025A7C2EC0FAD5789D1930AAC;34779.

Package biblatex Warning: Please (re)run BibTeX on the file(s):
(biblatex)                main
(biblatex)                and rerun LaTeX afterwards.

Package logreq Info: Writing requests to 'main.run.xml'.

\openout1 = main.run.xml
)

Here is how much of LuaTeX's memory you used:
 43317 strings out of 478031
 125056,1977958 words of node,token memory allocated
 821 words of node memory still in use:
   3 hlist, 1 vlist, 1 rule, 14 dir, 2 glue, 3 kern, 1 glyph, 14 attribute, 106 
glue_spec, 14 attribute_list, 2 write, 2 pdf_action nodes
   avail lists: 1:7,2:1297,3:441,4:114,5:311,6:207,7:9141,8:96,9:1202,10:30,11:8
24
 62388 multiletter control sequences out of 65536+600000
 70 fonts using 25776623 bytes
 96i,20n,89p,2632b,1343s stack positions out of 10000i,1000n,20000p,200000b,200000s
<C:/Windows/Fonts/arial.ttf><C:/Windows/Fonts/arialbd.ttf><//?/c:/program files/
miktex/fonts/opentype/public/lm/lmmono12-regular.otf><//?/c:/windows/fonts/times
i.ttf><//?/c:/windows/fonts/times.ttf><//?/c:/windows/fonts/timesbd.ttf><C:/Prog
ram Files/MiKTeX/fonts/type1/public/amsfonts/cm/cmr12.pfb><C:/Program Files/MiKT
eX/fonts/type1/public/amsfonts/cm/cmsy10.pfb><C:/Program Files/MiKTeX/fonts/type
1/public/amsfonts/cm/cmsy8.pfb>
Output written on main.pdf (125 pages, 7035654 bytes).

PDF statistics: 1792 PDF objects out of 2073 (max. 8388607)
 413 named destinations out of 1000 (max. 131072)
 1464 words of extra memory for PDF output out of 10000 (max. 100000000)

